2022-04-19 11:53:36.887 INFO  [acme.Launcher@main] Starting Launcher using Java 1.8.0_281 on TiheMac.local with PID 4695 (/Users/tihealba/Desktop/Workspace-22.0/Frameworks/Acme-Framework-22.3/target/classes started by tihealba in /Users/tihealba/Desktop/Workspace-22.0/Projects/Acme-Toolkits) 
2022-04-19 11:53:36.889 DEBUG [acme.Launcher@main] Running with Spring Boot v2.4.2, Spring v5.3.3 
2022-04-19 11:53:36.891 INFO  [acme.Launcher@main] The following profiles are active: development,default 
2022-04-19 11:53:41.373 DEBUG [org.apache.jasper.servlet.JasperInitializer@main] Initializing Jasper for context [application] 
2022-04-19 11:53:50.205 DEBUG [org.apache.jasper.servlet.JspServlet@main] Scratch dir for the JSP engine is: [/private/var/folders/4x/r_lg1hns1s54spj64f02g00r0000gn/T/tomcat.8080.9057112956925233785/work/Tomcat/localhost/acme-toolkits-22.1] 
2022-04-19 11:53:50.206 DEBUG [org.apache.jasper.servlet.JspServlet@main] IMPORTANT: Do not modify the generated servlets 
2022-04-19 11:53:50.225 INFO  [acme.Launcher@main] Started Launcher in 14.791 seconds (JVM running for 16.092) 
2022-04-19 11:53:50.236 DEBUG [acme.Launcher@main] Found classpath entry '/Users/tihealba/Desktop/Workspace-22.0/Projects/Acme-Toolkits/target/test-classes/' 
2022-04-19 11:53:50.236 DEBUG [acme.Launcher@main] Found classpath entry '/Users/tihealba/Desktop/Workspace-22.0/Projects/Acme-Toolkits/target/classes/' 
2022-04-19 11:53:50.237 DEBUG [acme.Launcher@main] Found classpath entry '/Users/tihealba/Desktop/Workspace-22.0/Frameworks/Acme-Framework-22.3/target/classes/' 
2022-04-19 11:53:50.237 DEBUG [acme.Launcher@main] Found classpath entry '/Users/tihealba/Desktop/Workspace-22.0/Frameworks/Acme-Framework-22.3/target/test-classes/' 
2022-04-19 11:53:50.237 DEBUG [acme.Launcher@main] Found classpath entry '/Users/tihealba/.m2/repository/org/springframework/boot/spring-boot-starter-tomcat/2.4.2/spring-boot-starter-tomcat-2.4.2.jar' 
2022-04-19 11:53:50.237 DEBUG [acme.Launcher@main] Found classpath entry '/Users/tihealba/.m2/repository/jakarta/annotation/jakarta.annotation-api/1.3.5/jakarta.annotation-api-1.3.5.jar' 
2022-04-19 11:53:50.238 DEBUG [acme.Launcher@main] Found classpath entry '/Users/tihealba/.m2/repository/org/apache/tomcat/embed/tomcat-embed-core/9.0.41/tomcat-embed-core-9.0.41.jar' 
2022-04-19 11:53:50.238 DEBUG [acme.Launcher@main] Found classpath entry '/Users/tihealba/.m2/repository/org/glassfish/jakarta.el/3.0.3/jakarta.el-3.0.3.jar' 
2022-04-19 11:53:50.239 DEBUG [acme.Launcher@main] Found classpath entry '/Users/tihealba/.m2/repository/org/apache/tomcat/embed/tomcat-embed-websocket/9.0.41/tomcat-embed-websocket-9.0.41.jar' 
2022-04-19 11:53:50.239 DEBUG [acme.Launcher@main] Found classpath entry '/Users/tihealba/.m2/repository/org/apache/tomcat/embed/tomcat-embed-jasper/9.0.41/tomcat-embed-jasper-9.0.41.jar' 
2022-04-19 11:53:50.239 DEBUG [acme.Launcher@main] Found classpath entry '/Users/tihealba/.m2/repository/org/apache/tomcat/embed/tomcat-embed-el/9.0.41/tomcat-embed-el-9.0.41.jar' 
2022-04-19 11:53:50.240 DEBUG [acme.Launcher@main] Found classpath entry '/Users/tihealba/.m2/repository/org/eclipse/jdt/ecj/3.18.0/ecj-3.18.0.jar' 
2022-04-19 11:53:50.240 DEBUG [acme.Launcher@main] Found classpath entry '/Users/tihealba/.m2/repository/javax/servlet/jstl/1.2/jstl-1.2.jar' 
2022-04-19 11:53:50.240 DEBUG [acme.Launcher@main] Found classpath entry '/Users/tihealba/.m2/repository/org/springframework/boot/spring-boot-starter-test/2.4.2/spring-boot-starter-test-2.4.2.jar' 
2022-04-19 11:53:50.241 DEBUG [acme.Launcher@main] Found classpath entry '/Users/tihealba/.m2/repository/org/springframework/boot/spring-boot-starter/2.4.2/spring-boot-starter-2.4.2.jar' 
2022-04-19 11:53:50.241 DEBUG [acme.Launcher@main] Found classpath entry '/Users/tihealba/.m2/repository/org/springframework/boot/spring-boot/2.4.2/spring-boot-2.4.2.jar' 
2022-04-19 11:53:50.242 DEBUG [acme.Launcher@main] Found classpath entry '/Users/tihealba/.m2/repository/org/springframework/boot/spring-boot-autoconfigure/2.4.2/spring-boot-autoconfigure-2.4.2.jar' 
2022-04-19 11:53:50.242 DEBUG [acme.Launcher@main] Found classpath entry '/Users/tihealba/.m2/repository/org/springframework/boot/spring-boot-starter-logging/2.4.2/spring-boot-starter-logging-2.4.2.jar' 
2022-04-19 11:53:50.243 DEBUG [acme.Launcher@main] Found classpath entry '/Users/tihealba/.m2/repository/ch/qos/logback/logback-classic/1.2.3/logback-classic-1.2.3.jar' 
2022-04-19 11:53:50.243 DEBUG [acme.Launcher@main] Found classpath entry '/Users/tihealba/.m2/repository/ch/qos/logback/logback-core/1.2.3/logback-core-1.2.3.jar' 
2022-04-19 11:53:50.243 DEBUG [acme.Launcher@main] Found classpath entry '/Users/tihealba/.m2/repository/org/apache/logging/log4j/log4j-to-slf4j/2.13.3/log4j-to-slf4j-2.13.3.jar' 
2022-04-19 11:53:50.245 DEBUG [acme.Launcher@main] Found classpath entry '/Users/tihealba/.m2/repository/org/apache/logging/log4j/log4j-api/2.13.3/log4j-api-2.13.3.jar' 
2022-04-19 11:53:50.245 DEBUG [acme.Launcher@main] Found classpath entry '/Users/tihealba/.m2/repository/org/slf4j/jul-to-slf4j/1.7.30/jul-to-slf4j-1.7.30.jar' 
2022-04-19 11:53:50.246 DEBUG [acme.Launcher@main] Found classpath entry '/Users/tihealba/.m2/repository/org/yaml/snakeyaml/1.27/snakeyaml-1.27.jar' 
2022-04-19 11:53:50.246 DEBUG [acme.Launcher@main] Found classpath entry '/Users/tihealba/.m2/repository/org/springframework/boot/spring-boot-test/2.4.2/spring-boot-test-2.4.2.jar' 
2022-04-19 11:53:50.246 DEBUG [acme.Launcher@main] Found classpath entry '/Users/tihealba/.m2/repository/org/springframework/boot/spring-boot-test-autoconfigure/2.4.2/spring-boot-test-autoconfigure-2.4.2.jar' 
2022-04-19 11:53:50.247 DEBUG [acme.Launcher@main] Found classpath entry '/Users/tihealba/.m2/repository/com/jayway/jsonpath/json-path/2.4.0/json-path-2.4.0.jar' 
2022-04-19 11:53:50.247 DEBUG [acme.Launcher@main] Found classpath entry '/Users/tihealba/.m2/repository/net/minidev/json-smart/2.3/json-smart-2.3.jar' 
2022-04-19 11:53:50.248 DEBUG [acme.Launcher@main] Found classpath entry '/Users/tihealba/.m2/repository/net/minidev/accessors-smart/1.2/accessors-smart-1.2.jar' 
2022-04-19 11:53:50.248 DEBUG [acme.Launcher@main] Found classpath entry '/Users/tihealba/.m2/repository/org/ow2/asm/asm/5.0.4/asm-5.0.4.jar' 
2022-04-19 11:53:50.248 DEBUG [acme.Launcher@main] Found classpath entry '/Users/tihealba/.m2/repository/jakarta/xml/bind/jakarta.xml.bind-api/2.3.3/jakarta.xml.bind-api-2.3.3.jar' 
2022-04-19 11:53:50.249 DEBUG [acme.Launcher@main] Found classpath entry '/Users/tihealba/.m2/repository/jakarta/activation/jakarta.activation-api/1.2.2/jakarta.activation-api-1.2.2.jar' 
2022-04-19 11:53:50.249 DEBUG [acme.Launcher@main] Found classpath entry '/Users/tihealba/.m2/repository/org/assertj/assertj-core/3.18.1/assertj-core-3.18.1.jar' 
2022-04-19 11:53:50.249 DEBUG [acme.Launcher@main] Found classpath entry '/Users/tihealba/.m2/repository/org/hamcrest/hamcrest/2.2/hamcrest-2.2.jar' 
2022-04-19 11:53:50.250 DEBUG [acme.Launcher@main] Found classpath entry '/Users/tihealba/.m2/repository/org/junit/jupiter/junit-jupiter/5.7.0/junit-jupiter-5.7.0.jar' 
2022-04-19 11:53:50.250 DEBUG [acme.Launcher@main] Found classpath entry '/Users/tihealba/.m2/repository/org/mockito/mockito-core/3.6.28/mockito-core-3.6.28.jar' 
2022-04-19 11:53:50.251 DEBUG [acme.Launcher@main] Found classpath entry '/Users/tihealba/.m2/repository/net/bytebuddy/byte-buddy-agent/1.10.19/byte-buddy-agent-1.10.19.jar' 
2022-04-19 11:53:50.251 DEBUG [acme.Launcher@main] Found classpath entry '/Users/tihealba/.m2/repository/org/objenesis/objenesis/3.1/objenesis-3.1.jar' 
2022-04-19 11:53:50.251 DEBUG [acme.Launcher@main] Found classpath entry '/Users/tihealba/.m2/repository/org/mockito/mockito-junit-jupiter/3.6.28/mockito-junit-jupiter-3.6.28.jar' 
2022-04-19 11:53:50.251 DEBUG [acme.Launcher@main] Found classpath entry '/Users/tihealba/.m2/repository/org/skyscreamer/jsonassert/1.5.0/jsonassert-1.5.0.jar' 
2022-04-19 11:53:50.252 DEBUG [acme.Launcher@main] Found classpath entry '/Users/tihealba/.m2/repository/com/vaadin/external/google/android-json/0.0.20131108.vaadin1/android-json-0.0.20131108.vaadin1.jar' 
2022-04-19 11:53:50.252 DEBUG [acme.Launcher@main] Found classpath entry '/Users/tihealba/.m2/repository/org/springframework/spring-core/5.3.3/spring-core-5.3.3.jar' 
2022-04-19 11:53:50.252 DEBUG [acme.Launcher@main] Found classpath entry '/Users/tihealba/.m2/repository/org/springframework/spring-jcl/5.3.3/spring-jcl-5.3.3.jar' 
2022-04-19 11:53:50.252 DEBUG [acme.Launcher@main] Found classpath entry '/Users/tihealba/.m2/repository/org/springframework/spring-test/5.3.3/spring-test-5.3.3.jar' 
2022-04-19 11:53:50.252 DEBUG [acme.Launcher@main] Found classpath entry '/Users/tihealba/.m2/repository/org/xmlunit/xmlunit-core/2.7.0/xmlunit-core-2.7.0.jar' 
2022-04-19 11:53:50.253 DEBUG [acme.Launcher@main] Found classpath entry '/Users/tihealba/.m2/repository/org/springframework/boot/spring-boot-starter-security/2.4.2/spring-boot-starter-security-2.4.2.jar' 
2022-04-19 11:53:50.253 DEBUG [acme.Launcher@main] Found classpath entry '/Users/tihealba/.m2/repository/org/springframework/spring-aop/5.3.3/spring-aop-5.3.3.jar' 
2022-04-19 11:53:50.253 DEBUG [acme.Launcher@main] Found classpath entry '/Users/tihealba/.m2/repository/org/springframework/security/spring-security-web/5.4.2/spring-security-web-5.4.2.jar' 
2022-04-19 11:53:50.254 DEBUG [acme.Launcher@main] Found classpath entry '/Users/tihealba/.m2/repository/org/springframework/security/spring-security-core/5.4.2/spring-security-core-5.4.2.jar' 
2022-04-19 11:53:50.254 DEBUG [acme.Launcher@main] Found classpath entry '/Users/tihealba/.m2/repository/org/springframework/spring-beans/5.3.3/spring-beans-5.3.3.jar' 
2022-04-19 11:53:50.254 DEBUG [acme.Launcher@main] Found classpath entry '/Users/tihealba/.m2/repository/org/springframework/spring-context/5.3.3/spring-context-5.3.3.jar' 
2022-04-19 11:53:50.254 DEBUG [acme.Launcher@main] Found classpath entry '/Users/tihealba/.m2/repository/org/springframework/spring-expression/5.3.3/spring-expression-5.3.3.jar' 
2022-04-19 11:53:50.255 DEBUG [acme.Launcher@main] Found classpath entry '/Users/tihealba/.m2/repository/org/springframework/spring-web/5.3.3/spring-web-5.3.3.jar' 
2022-04-19 11:53:50.255 DEBUG [acme.Launcher@main] Found classpath entry '/Users/tihealba/.m2/repository/org/springframework/security/spring-security-config/5.4.2/spring-security-config-5.4.2.jar' 
2022-04-19 11:53:50.255 DEBUG [acme.Launcher@main] Found classpath entry '/Users/tihealba/.m2/repository/org/springframework/security/spring-security-taglibs/5.4.2/spring-security-taglibs-5.4.2.jar' 
2022-04-19 11:53:50.256 DEBUG [acme.Launcher@main] Found classpath entry '/Users/tihealba/.m2/repository/org/springframework/security/spring-security-acl/5.4.2/spring-security-acl-5.4.2.jar' 
2022-04-19 11:53:50.256 DEBUG [acme.Launcher@main] Found classpath entry '/Users/tihealba/.m2/repository/org/springframework/spring-jdbc/5.3.3/spring-jdbc-5.3.3.jar' 
2022-04-19 11:53:50.256 DEBUG [acme.Launcher@main] Found classpath entry '/Users/tihealba/.m2/repository/org/springframework/spring-tx/5.3.3/spring-tx-5.3.3.jar' 
2022-04-19 11:53:50.256 DEBUG [acme.Launcher@main] Found classpath entry '/Users/tihealba/.m2/repository/org/springframework/boot/spring-boot-starter-web/2.4.2/spring-boot-starter-web-2.4.2.jar' 
2022-04-19 11:53:50.257 DEBUG [acme.Launcher@main] Found classpath entry '/Users/tihealba/.m2/repository/org/springframework/boot/spring-boot-starter-json/2.4.2/spring-boot-starter-json-2.4.2.jar' 
2022-04-19 11:53:50.257 DEBUG [acme.Launcher@main] Found classpath entry '/Users/tihealba/.m2/repository/com/fasterxml/jackson/core/jackson-databind/2.11.4/jackson-databind-2.11.4.jar' 
2022-04-19 11:53:50.257 DEBUG [acme.Launcher@main] Found classpath entry '/Users/tihealba/.m2/repository/com/fasterxml/jackson/core/jackson-annotations/2.11.4/jackson-annotations-2.11.4.jar' 
2022-04-19 11:53:50.257 DEBUG [acme.Launcher@main] Found classpath entry '/Users/tihealba/.m2/repository/com/fasterxml/jackson/core/jackson-core/2.11.4/jackson-core-2.11.4.jar' 
2022-04-19 11:53:50.258 DEBUG [acme.Launcher@main] Found classpath entry '/Users/tihealba/.m2/repository/com/fasterxml/jackson/datatype/jackson-datatype-jdk8/2.11.4/jackson-datatype-jdk8-2.11.4.jar' 
2022-04-19 11:53:50.258 DEBUG [acme.Launcher@main] Found classpath entry '/Users/tihealba/.m2/repository/com/fasterxml/jackson/datatype/jackson-datatype-jsr310/2.11.4/jackson-datatype-jsr310-2.11.4.jar' 
2022-04-19 11:53:50.258 DEBUG [acme.Launcher@main] Found classpath entry '/Users/tihealba/.m2/repository/com/fasterxml/jackson/module/jackson-module-parameter-names/2.11.4/jackson-module-parameter-names-2.11.4.jar' 
2022-04-19 11:53:50.259 DEBUG [acme.Launcher@main] Found classpath entry '/Users/tihealba/.m2/repository/org/springframework/spring-webmvc/5.3.3/spring-webmvc-5.3.3.jar' 
2022-04-19 11:53:50.259 DEBUG [acme.Launcher@main] Found classpath entry '/Users/tihealba/.m2/repository/org/apache/tiles/tiles-jsp/3.0.8/tiles-jsp-3.0.8.jar' 
2022-04-19 11:53:50.259 DEBUG [acme.Launcher@main] Found classpath entry '/Users/tihealba/.m2/repository/org/apache/tiles/tiles-servlet/3.0.8/tiles-servlet-3.0.8.jar' 
2022-04-19 11:53:50.260 DEBUG [acme.Launcher@main] Found classpath entry '/Users/tihealba/.m2/repository/org/apache/tiles/tiles-core/3.0.8/tiles-core-3.0.8.jar' 
2022-04-19 11:53:50.260 DEBUG [acme.Launcher@main] Found classpath entry '/Users/tihealba/.m2/repository/commons-digester/commons-digester/2.0/commons-digester-2.0.jar' 
2022-04-19 11:53:50.260 DEBUG [acme.Launcher@main] Found classpath entry '/Users/tihealba/.m2/repository/org/slf4j/jcl-over-slf4j/1.7.30/jcl-over-slf4j-1.7.30.jar' 
2022-04-19 11:53:50.260 DEBUG [acme.Launcher@main] Found classpath entry '/Users/tihealba/.m2/repository/org/apache/tiles/tiles-request-servlet/1.0.7/tiles-request-servlet-1.0.7.jar' 
2022-04-19 11:53:50.261 DEBUG [acme.Launcher@main] Found classpath entry '/Users/tihealba/.m2/repository/org/apache/tiles/tiles-template/3.0.8/tiles-template-3.0.8.jar' 
2022-04-19 11:53:50.264 DEBUG [acme.Launcher@main] Found classpath entry '/Users/tihealba/.m2/repository/org/apache/tiles/tiles-api/3.0.8/tiles-api-3.0.8.jar' 
2022-04-19 11:53:50.265 DEBUG [acme.Launcher@main] Found classpath entry '/Users/tihealba/.m2/repository/org/apache/tiles/tiles-autotag-core-runtime/1.2/tiles-autotag-core-runtime-1.2.jar' 
2022-04-19 11:53:50.265 DEBUG [acme.Launcher@main] Found classpath entry '/Users/tihealba/.m2/repository/org/slf4j/slf4j-api/1.7.30/slf4j-api-1.7.30.jar' 
2022-04-19 11:53:50.266 DEBUG [acme.Launcher@main] Found classpath entry '/Users/tihealba/.m2/repository/org/apache/tiles/tiles-request-jsp/1.0.7/tiles-request-jsp-1.0.7.jar' 
2022-04-19 11:53:50.267 DEBUG [acme.Launcher@main] Found classpath entry '/Users/tihealba/.m2/repository/org/apache/tiles/tiles-request-api/1.0.7/tiles-request-api-1.0.7.jar' 
2022-04-19 11:53:50.267 DEBUG [acme.Launcher@main] Found classpath entry '/Users/tihealba/.m2/repository/org/springframework/boot/spring-boot-starter-data-jpa/2.4.2/spring-boot-starter-data-jpa-2.4.2.jar' 
2022-04-19 11:53:50.267 DEBUG [acme.Launcher@main] Found classpath entry '/Users/tihealba/.m2/repository/org/springframework/boot/spring-boot-starter-aop/2.4.2/spring-boot-starter-aop-2.4.2.jar' 
2022-04-19 11:53:50.268 DEBUG [acme.Launcher@main] Found classpath entry '/Users/tihealba/.m2/repository/org/aspectj/aspectjweaver/1.9.6/aspectjweaver-1.9.6.jar' 
2022-04-19 11:53:50.268 DEBUG [acme.Launcher@main] Found classpath entry '/Users/tihealba/.m2/repository/org/springframework/boot/spring-boot-starter-jdbc/2.4.2/spring-boot-starter-jdbc-2.4.2.jar' 
2022-04-19 11:53:50.268 DEBUG [acme.Launcher@main] Found classpath entry '/Users/tihealba/.m2/repository/jakarta/transaction/jakarta.transaction-api/1.3.3/jakarta.transaction-api-1.3.3.jar' 
2022-04-19 11:53:50.269 DEBUG [acme.Launcher@main] Found classpath entry '/Users/tihealba/.m2/repository/jakarta/persistence/jakarta.persistence-api/2.2.3/jakarta.persistence-api-2.2.3.jar' 
2022-04-19 11:53:50.271 DEBUG [acme.Launcher@main] Found classpath entry '/Users/tihealba/.m2/repository/org/hibernate/hibernate-core/5.4.27.Final/hibernate-core-5.4.27.Final.jar' 
2022-04-19 11:53:50.272 DEBUG [acme.Launcher@main] Found classpath entry '/Users/tihealba/.m2/repository/org/jboss/logging/jboss-logging/3.4.1.Final/jboss-logging-3.4.1.Final.jar' 
2022-04-19 11:53:50.272 DEBUG [acme.Launcher@main] Found classpath entry '/Users/tihealba/.m2/repository/org/javassist/javassist/3.27.0-GA/javassist-3.27.0-GA.jar' 
2022-04-19 11:53:50.272 DEBUG [acme.Launcher@main] Found classpath entry '/Users/tihealba/.m2/repository/antlr/antlr/2.7.7/antlr-2.7.7.jar' 
2022-04-19 11:53:50.273 DEBUG [acme.Launcher@main] Found classpath entry '/Users/tihealba/.m2/repository/org/jboss/jandex/2.1.3.Final/jandex-2.1.3.Final.jar' 
2022-04-19 11:53:50.273 DEBUG [acme.Launcher@main] Found classpath entry '/Users/tihealba/.m2/repository/com/fasterxml/classmate/1.5.1/classmate-1.5.1.jar' 
2022-04-19 11:53:50.275 DEBUG [acme.Launcher@main] Found classpath entry '/Users/tihealba/.m2/repository/org/dom4j/dom4j/2.1.3/dom4j-2.1.3.jar' 
2022-04-19 11:53:50.275 DEBUG [acme.Launcher@main] Found classpath entry '/Users/tihealba/.m2/repository/org/hibernate/common/hibernate-commons-annotations/5.1.2.Final/hibernate-commons-annotations-5.1.2.Final.jar' 
2022-04-19 11:53:50.275 DEBUG [acme.Launcher@main] Found classpath entry '/Users/tihealba/.m2/repository/org/glassfish/jaxb/jaxb-runtime/2.3.3/jaxb-runtime-2.3.3.jar' 
2022-04-19 11:53:50.276 DEBUG [acme.Launcher@main] Found classpath entry '/Users/tihealba/.m2/repository/org/glassfish/jaxb/txw2/2.3.3/txw2-2.3.3.jar' 
2022-04-19 11:53:50.276 DEBUG [acme.Launcher@main] Found classpath entry '/Users/tihealba/.m2/repository/com/sun/istack/istack-commons-runtime/3.0.11/istack-commons-runtime-3.0.11.jar' 
2022-04-19 11:53:50.276 DEBUG [acme.Launcher@main] Found classpath entry '/Users/tihealba/.m2/repository/com/sun/activation/jakarta.activation/1.2.2/jakarta.activation-1.2.2.jar' 
2022-04-19 11:53:50.276 DEBUG [acme.Launcher@main] Found classpath entry '/Users/tihealba/.m2/repository/org/springframework/data/spring-data-jpa/2.4.3/spring-data-jpa-2.4.3.jar' 
2022-04-19 11:53:50.276 DEBUG [acme.Launcher@main] Found classpath entry '/Users/tihealba/.m2/repository/org/springframework/data/spring-data-commons/2.4.3/spring-data-commons-2.4.3.jar' 
2022-04-19 11:53:50.278 DEBUG [acme.Launcher@main] Found classpath entry '/Users/tihealba/.m2/repository/org/springframework/spring-orm/5.3.3/spring-orm-5.3.3.jar' 
2022-04-19 11:53:50.279 DEBUG [acme.Launcher@main] Found classpath entry '/Users/tihealba/.m2/repository/org/springframework/spring-aspects/5.3.3/spring-aspects-5.3.3.jar' 
2022-04-19 11:53:50.283 DEBUG [acme.Launcher@main] Found classpath entry '/Users/tihealba/.m2/repository/org/springframework/boot/spring-boot-starter-validation/2.4.2/spring-boot-starter-validation-2.4.2.jar' 
2022-04-19 11:53:50.283 DEBUG [acme.Launcher@main] Found classpath entry '/Users/tihealba/.m2/repository/org/hibernate/validator/hibernate-validator/6.1.7.Final/hibernate-validator-6.1.7.Final.jar' 
2022-04-19 11:53:50.283 DEBUG [acme.Launcher@main] Found classpath entry '/Users/tihealba/.m2/repository/jakarta/validation/jakarta.validation-api/2.0.2/jakarta.validation-api-2.0.2.jar' 
2022-04-19 11:53:50.284 DEBUG [acme.Launcher@main] Found classpath entry '/Users/tihealba/.m2/repository/mysql/mysql-connector-java/8.0.22/mysql-connector-java-8.0.22.jar' 
2022-04-19 11:53:50.284 DEBUG [acme.Launcher@main] Found classpath entry '/Users/tihealba/.m2/repository/com/zaxxer/HikariCP/3.4.5/HikariCP-3.4.5.jar' 
2022-04-19 11:53:50.284 DEBUG [acme.Launcher@main] Found classpath entry '/Users/tihealba/.m2/repository/org/junit/jupiter/junit-jupiter-engine/5.7.0/junit-jupiter-engine-5.7.0.jar' 
2022-04-19 11:53:50.284 DEBUG [acme.Launcher@main] Found classpath entry '/Users/tihealba/.m2/repository/org/apiguardian/apiguardian-api/1.1.0/apiguardian-api-1.1.0.jar' 
2022-04-19 11:53:50.285 DEBUG [acme.Launcher@main] Found classpath entry '/Users/tihealba/.m2/repository/org/junit/platform/junit-platform-engine/1.7.0/junit-platform-engine-1.7.0.jar' 
2022-04-19 11:53:50.285 DEBUG [acme.Launcher@main] Found classpath entry '/Users/tihealba/.m2/repository/org/junit/jupiter/junit-jupiter-api/5.7.0/junit-jupiter-api-5.7.0.jar' 
2022-04-19 11:53:50.287 DEBUG [acme.Launcher@main] Found classpath entry '/Users/tihealba/.m2/repository/org/opentest4j/opentest4j/1.2.0/opentest4j-1.2.0.jar' 
2022-04-19 11:53:50.288 DEBUG [acme.Launcher@main] Found classpath entry '/Users/tihealba/.m2/repository/org/junit/platform/junit-platform-commons/1.7.0/junit-platform-commons-1.7.0.jar' 
2022-04-19 11:53:50.288 DEBUG [acme.Launcher@main] Found classpath entry '/Users/tihealba/.m2/repository/org/junit/jupiter/junit-jupiter-params/5.7.0/junit-jupiter-params-5.7.0.jar' 
2022-04-19 11:53:50.288 DEBUG [acme.Launcher@main] Found classpath entry '/Users/tihealba/.m2/repository/org/junit/platform/junit-platform-launcher/1.7.0/junit-platform-launcher-1.7.0.jar' 
2022-04-19 11:53:50.289 DEBUG [acme.Launcher@main] Found classpath entry '/Users/tihealba/.m2/repository/org/seleniumhq/selenium/selenium-java/3.141.59/selenium-java-3.141.59.jar' 
2022-04-19 11:53:50.289 DEBUG [acme.Launcher@main] Found classpath entry '/Users/tihealba/.m2/repository/org/seleniumhq/selenium/selenium-api/3.141.59/selenium-api-3.141.59.jar' 
2022-04-19 11:53:50.289 DEBUG [acme.Launcher@main] Found classpath entry '/Users/tihealba/.m2/repository/org/seleniumhq/selenium/selenium-chrome-driver/3.141.59/selenium-chrome-driver-3.141.59.jar' 
2022-04-19 11:53:50.289 DEBUG [acme.Launcher@main] Found classpath entry '/Users/tihealba/.m2/repository/org/seleniumhq/selenium/selenium-edge-driver/3.141.59/selenium-edge-driver-3.141.59.jar' 
2022-04-19 11:53:50.290 DEBUG [acme.Launcher@main] Found classpath entry '/Users/tihealba/.m2/repository/org/seleniumhq/selenium/selenium-firefox-driver/3.141.59/selenium-firefox-driver-3.141.59.jar' 
2022-04-19 11:53:50.290 DEBUG [acme.Launcher@main] Found classpath entry '/Users/tihealba/.m2/repository/org/seleniumhq/selenium/selenium-ie-driver/3.141.59/selenium-ie-driver-3.141.59.jar' 
2022-04-19 11:53:50.290 DEBUG [acme.Launcher@main] Found classpath entry '/Users/tihealba/.m2/repository/org/seleniumhq/selenium/selenium-opera-driver/3.141.59/selenium-opera-driver-3.141.59.jar' 
2022-04-19 11:53:50.290 DEBUG [acme.Launcher@main] Found classpath entry '/Users/tihealba/.m2/repository/org/seleniumhq/selenium/selenium-remote-driver/3.141.59/selenium-remote-driver-3.141.59.jar' 
2022-04-19 11:53:50.290 DEBUG [acme.Launcher@main] Found classpath entry '/Users/tihealba/.m2/repository/org/seleniumhq/selenium/selenium-safari-driver/3.141.59/selenium-safari-driver-3.141.59.jar' 
2022-04-19 11:53:50.291 DEBUG [acme.Launcher@main] Found classpath entry '/Users/tihealba/.m2/repository/org/seleniumhq/selenium/selenium-support/3.141.59/selenium-support-3.141.59.jar' 
2022-04-19 11:53:50.291 DEBUG [acme.Launcher@main] Found classpath entry '/Users/tihealba/.m2/repository/net/bytebuddy/byte-buddy/1.10.19/byte-buddy-1.10.19.jar' 
2022-04-19 11:53:50.291 DEBUG [acme.Launcher@main] Found classpath entry '/Users/tihealba/.m2/repository/org/apache/commons/commons-exec/1.3/commons-exec-1.3.jar' 
2022-04-19 11:53:50.291 DEBUG [acme.Launcher@main] Found classpath entry '/Users/tihealba/.m2/repository/com/google/guava/guava/25.0-jre/guava-25.0-jre.jar' 
2022-04-19 11:53:50.291 DEBUG [acme.Launcher@main] Found classpath entry '/Users/tihealba/.m2/repository/com/google/code/findbugs/jsr305/1.3.9/jsr305-1.3.9.jar' 
2022-04-19 11:53:50.291 DEBUG [acme.Launcher@main] Found classpath entry '/Users/tihealba/.m2/repository/org/checkerframework/checker-compat-qual/2.0.0/checker-compat-qual-2.0.0.jar' 
2022-04-19 11:53:50.291 DEBUG [acme.Launcher@main] Found classpath entry '/Users/tihealba/.m2/repository/com/google/errorprone/error_prone_annotations/2.1.3/error_prone_annotations-2.1.3.jar' 
2022-04-19 11:53:50.292 DEBUG [acme.Launcher@main] Found classpath entry '/Users/tihealba/.m2/repository/com/google/j2objc/j2objc-annotations/1.1/j2objc-annotations-1.1.jar' 
2022-04-19 11:53:50.292 DEBUG [acme.Launcher@main] Found classpath entry '/Users/tihealba/.m2/repository/org/codehaus/mojo/animal-sniffer-annotations/1.14/animal-sniffer-annotations-1.14.jar' 
2022-04-19 11:53:50.292 DEBUG [acme.Launcher@main] Found classpath entry '/Users/tihealba/.m2/repository/com/squareup/okhttp3/okhttp/3.14.9/okhttp-3.14.9.jar' 
2022-04-19 11:53:50.292 DEBUG [acme.Launcher@main] Found classpath entry '/Users/tihealba/.m2/repository/com/squareup/okio/okio/1.14.0/okio-1.14.0.jar' 
2022-04-19 11:53:50.292 DEBUG [acme.Launcher@main] Found classpath entry '/Users/tihealba/.m2/repository/org/apache/commons/commons-lang3/3.11/commons-lang3-3.11.jar' 
2022-04-19 11:53:50.293 DEBUG [acme.Launcher@main] Found classpath entry '/Users/tihealba/.m2/repository/org/apache/commons/commons-text/1.8/commons-text-1.8.jar' 
2022-04-19 11:53:50.293 DEBUG [acme.Launcher@main] Found classpath entry '/Users/tihealba/.m2/repository/commons-io/commons-io/2.6/commons-io-2.6.jar' 
2022-04-19 11:53:50.293 DEBUG [acme.Launcher@main] Found classpath entry '/Users/tihealba/.m2/repository/commons-cli/commons-cli/1.4/commons-cli-1.4.jar' 
2022-04-19 11:53:50.293 DEBUG [acme.Launcher@main] Found classpath entry '/Users/tihealba/.m2/repository/org/projectlombok/lombok/1.18.16/lombok-1.18.16.jar' 
2022-04-19 11:53:50.293 DEBUG [acme.Launcher@main] Found classpath entry '/Users/tihealba/.m2/repository/com/opencsv/opencsv/5.4/opencsv-5.4.jar' 
2022-04-19 11:53:50.293 DEBUG [acme.Launcher@main] Found classpath entry '/Users/tihealba/.m2/repository/commons-beanutils/commons-beanutils/1.9.4/commons-beanutils-1.9.4.jar' 
2022-04-19 11:53:50.294 DEBUG [acme.Launcher@main] Found classpath entry '/Users/tihealba/.m2/repository/commons-logging/commons-logging/1.2/commons-logging-1.2.jar' 
2022-04-19 11:53:50.294 DEBUG [acme.Launcher@main] Found classpath entry '/Users/tihealba/.m2/repository/commons-collections/commons-collections/3.2.2/commons-collections-3.2.2.jar' 
2022-04-19 11:53:50.294 DEBUG [acme.Launcher@main] Found classpath entry '/Users/tihealba/.m2/repository/org/apache/commons/commons-collections4/4.4/commons-collections4-4.4.jar' 
2022-04-19 11:53:50.390 DEBUG [acme.Launcher@main] Found entity class 'acme.entities.abstractUserRole.AbstractUserRole 
2022-04-19 11:53:50.390 DEBUG [acme.Launcher@main] Found entity class 'acme.entities.announcements.Announcement 
2022-04-19 11:53:50.390 DEBUG [acme.Launcher@main] Found entity class 'acme.entities.chirps.Chirp 
2022-04-19 11:53:50.390 DEBUG [acme.Launcher@main] Found entity class 'acme.entities.configuration.SystemConfiguration 
2022-04-19 11:53:50.390 DEBUG [acme.Launcher@main] Found entity class 'acme.entities.patronages.Patronage 
2022-04-19 11:53:50.391 DEBUG [acme.Launcher@main] Found entity class 'acme.entities.patronages.PatronageReport 
2022-04-19 11:53:50.391 DEBUG [acme.Launcher@main] Found entity class 'acme.entities.specificUserRoles.SpecificUserRole 
2022-04-19 11:53:50.391 DEBUG [acme.Launcher@main] Found entity class 'acme.entities.toolkits.Item 
2022-04-19 11:53:50.391 DEBUG [acme.Launcher@main] Found entity class 'acme.entities.toolkits.Quantity 
2022-04-19 11:53:50.391 DEBUG [acme.Launcher@main] Found entity class 'acme.entities.toolkits.Toolkit 
2022-04-19 11:53:50.391 DEBUG [acme.Launcher@main] Found entity class 'acme.roles.Consumer 
2022-04-19 11:53:50.391 DEBUG [acme.Launcher@main] Found entity class 'acme.roles.Inventor 
2022-04-19 11:53:50.391 DEBUG [acme.Launcher@main] Found entity class 'acme.roles.Patron 
2022-04-19 11:53:50.391 DEBUG [acme.Launcher@main] Found entity class 'acme.roles.Provider 
2022-04-19 11:53:50.392 DEBUG [acme.Launcher@main] Found entity class 'acme.framework.entities.UserAccount 
2022-04-19 11:53:50.392 DEBUG [acme.Launcher@main] Found entity class 'acme.framework.roles.Administrator 
2022-04-19 11:53:50.392 DEBUG [acme.Launcher@main] Found entity class 'acme.framework.roles.Anonymous 
2022-04-19 11:53:50.392 DEBUG [acme.Launcher@main] Found entity class 'acme.framework.roles.Any 
2022-04-19 11:53:50.392 DEBUG [acme.Launcher@main] Found entity class 'acme.framework.roles.Authenticated 
2022-04-19 11:53:50.399 INFO  [acme.Launcher@main] Running application (Standalone) 
2022-04-19 11:54:06.868 DEBUG [acme.framework.controllers.AbstractController@http-nio-8080-exec-1] DISPATCHING GET /acme-toolkits-22.1/any/chirp/list 
2022-04-19 11:54:06.869 DEBUG [acme.framework.controllers.AbstractController@http-nio-8080-exec-1] Command: list 
2022-04-19 11:54:06.872 DEBUG [acme.framework.controllers.AbstractController@http-nio-8080-exec-1] Model:   {} 
2022-04-19 11:54:06.872 DEBUG [acme.framework.controllers.AbstractController@http-nio-8080-exec-1] Locale:  en 
2022-04-19 11:54:06.979 DEBUG [org.hibernate.SQL@http-nio-8080-exec-1] select useraccoun0_.id as id1_0_, useraccoun0_.version as version2_0_, useraccoun0_.enabled as enabled1_19_, useraccoun0_.identity as identity2_19_, useraccoun0_.password as password3_19_, useraccoun0_.username as username4_19_ from user_account useraccoun0_ where useraccoun0_.username=? 
2022-04-19 11:54:07.040 TRACE [org.hibernate.type.descriptor.sql.BasicBinder@http-nio-8080-exec-1] binding parameter [1] as [VARCHAR] - [anonymous] 
2022-04-19 11:54:07.142 DEBUG [org.hibernate.SQL@http-nio-8080-exec-1] select roles0_.user_account_id as user_acc1_20_0_, roles0_.id as id1_20_0_, roles0_.id as id1_0_1_, roles0_.version as version2_0_1_, roles0_.user_account_id as user_acc1_20_1_, roles0_.company as company1_8_1_, roles0_.sector as sector2_8_1_, roles0_.company as company1_14_1_, roles0_.sector as sector2_14_1_, roles0_.clazz_ as clazz_1_ from ( select id, version, user_account_id, company, sector, 12 as clazz_ from consumer union all select id, version, user_account_id, null as company, null as sector, 13 as clazz_ from inventor union all select id, version, user_account_id, null as company, null as sector, 14 as clazz_ from patron union all select id, version, user_account_id, company, sector, 15 as clazz_ from provider union all select id, version, user_account_id, null as company, null as sector, 17 as clazz_ from administrator union all select id, version, user_account_id, null as company, null as sector, 18 as clazz_ from anonymous union all select id, version, user_account_id, null as company, null as sector, 19 as clazz_ from any union all select id, version, user_account_id, null as company, null as sector, 20 as clazz_ from authenticated ) roles0_ where roles0_.user_account_id=? 
2022-04-19 11:54:07.144 TRACE [org.hibernate.type.descriptor.sql.BasicBinder@http-nio-8080-exec-1] binding parameter [1] as [INTEGER] - [3] 
2022-04-19 11:54:07.239 DEBUG [org.hibernate.SQL@http-nio-8080-exec-1] select chirp0_.id as id1_0_, chirp0_.version as version2_0_, chirp0_.author as author1_7_, chirp0_.body as body2_7_, chirp0_.creation_moment as creation3_7_, chirp0_.email as email4_7_, chirp0_.title as title5_7_ from chirp chirp0_ where chirp0_.creation_moment>=? 
2022-04-19 11:54:07.241 TRACE [org.hibernate.type.descriptor.sql.BasicBinder@http-nio-8080-exec-1] binding parameter [1] as [TIMESTAMP] - [Sat Mar 19 11:54:07 CET 2022] 
2022-04-19 11:54:07.271 DEBUG [acme.framework.controllers.AbstractController@http-nio-8080-exec-1] SERVING GET /acme-toolkits-22.1/any/chirp/list 
2022-04-19 11:54:07.272 DEBUG [acme.framework.controllers.AbstractController@http-nio-8080-exec-1] Result: ModelAndView [view="any/chirp/list"; model={list$size=0, command=list, principal=acme.framework.entities.Principal@4dc5cac1}] 
2022-04-19 11:54:07.296 DEBUG [acme.framework.components.tiles.DynamicTilesView@http-nio-8080-exec-1] View name 'any/chirp/list', model {list$size=0, command=list, principal=acme.framework.entities.Principal@4dc5cac1, org.springframework.validation.BindingResult.principal=org.springframework.validation.BeanPropertyBindingResult: 0 errors} 
2022-04-19 11:54:07.325 DEBUG [org.apache.tiles.definition.dao.BaseLocaleUrlDefinitionDAO@http-nio-8080-exec-1] File Resource file:/Users/tihealba/Desktop/Workspace-22.0/Projects/Acme-Toolkits/target/classes/WEB-INF/views/master/tiles_en.xml at file:/Users/tihealba/Desktop/Workspace-22.0/Projects/Acme-Toolkits/target/classes/WEB-INF/views/master/tiles_en.xml not found, continue 
2022-04-19 11:54:07.341 DEBUG [org.apache.jasper.servlet.JspServlet@http-nio-8080-exec-1] JspEngine --> /WEB-INF/views/master/page.jsp 
2022-04-19 11:54:07.342 DEBUG [org.apache.jasper.servlet.JspServlet@http-nio-8080-exec-1] ServletPath: /WEB-INF/views/master/page.jsp 
2022-04-19 11:54:07.342 DEBUG [org.apache.jasper.servlet.JspServlet@http-nio-8080-exec-1] PathInfo: null 
2022-04-19 11:54:07.344 DEBUG [org.apache.jasper.servlet.JspServlet@http-nio-8080-exec-1] RealPath: /Users/tihealba/Desktop/Workspace-22.0/Projects/Acme-Toolkits/target/classes/WEB-INF/views/master/page.jsp 
2022-04-19 11:54:07.345 DEBUG [org.apache.jasper.servlet.JspServlet@http-nio-8080-exec-1] RequestURI: /acme-toolkits-22.1/WEB-INF/views/master/page.jsp 
2022-04-19 11:54:07.345 DEBUG [org.apache.jasper.servlet.JspServlet@http-nio-8080-exec-1] QueryString: null 
2022-04-19 11:54:15.975 DEBUG [acme.framework.components.tiles.DynamicTilesView@http-nio-8080-exec-4] View name 'fragments/welcome', model {} 
2022-04-19 11:54:15.977 DEBUG [org.apache.jasper.servlet.JspServlet@http-nio-8080-exec-4] JspEngine --> /WEB-INF/views/master/page.jsp 
2022-04-19 11:54:15.979 DEBUG [org.apache.jasper.servlet.JspServlet@http-nio-8080-exec-4] ServletPath: /WEB-INF/views/master/page.jsp 
2022-04-19 11:54:15.980 DEBUG [org.apache.jasper.servlet.JspServlet@http-nio-8080-exec-4] PathInfo: null 
2022-04-19 11:54:15.982 DEBUG [org.apache.jasper.servlet.JspServlet@http-nio-8080-exec-4] RealPath: /Users/tihealba/Desktop/Workspace-22.0/Projects/Acme-Toolkits/target/classes/WEB-INF/views/master/page.jsp 
2022-04-19 11:54:15.983 DEBUG [org.apache.jasper.servlet.JspServlet@http-nio-8080-exec-4] RequestURI: /acme-toolkits-22.1/WEB-INF/views/master/page.jsp 
2022-04-19 11:54:15.985 DEBUG [org.apache.jasper.servlet.JspServlet@http-nio-8080-exec-4] QueryString: null 
2022-04-19 11:54:16.191 DEBUG [acme.framework.configuration.ExtendedMessageSource@http-nio-8080-exec-1] Loading properties [/Users/tihealba/Desktop/Workspace-22.0/Projects/Acme-Toolkits/target/classes/WEB-INF/views/administrator/system-configuration/messages-en.i18n] with encoding 'utf-8' 
2022-04-19 11:54:16.194 DEBUG [acme.framework.configuration.ExtendedMessageSource@http-nio-8080-exec-1] Loading properties [/Users/tihealba/Desktop/Workspace-22.0/Projects/Acme-Toolkits/target/classes/WEB-INF/views/administrator/user-account/messages-en.i18n] with encoding 'utf-8' 
2022-04-19 11:54:16.197 DEBUG [acme.framework.configuration.ExtendedMessageSource@http-nio-8080-exec-1] Loading properties [/Users/tihealba/Desktop/Workspace-22.0/Projects/Acme-Toolkits/target/classes/WEB-INF/views/any/chirp/messsages-en.i18n] with encoding 'utf-8' 
2022-04-19 11:54:16.200 DEBUG [acme.framework.configuration.ExtendedMessageSource@http-nio-8080-exec-1] Loading properties [/Users/tihealba/Desktop/Workspace-22.0/Projects/Acme-Toolkits/target/classes/WEB-INF/views/any/item/messsages-en.i18n] with encoding 'utf-8' 
2022-04-19 11:54:16.204 DEBUG [acme.framework.configuration.ExtendedMessageSource@http-nio-8080-exec-1] Loading properties [/Users/tihealba/Desktop/Workspace-22.0/Projects/Acme-Toolkits/target/classes/WEB-INF/views/authenticated/announcement/messages-en.i18n] with encoding 'utf-8' 
2022-04-19 11:54:16.206 DEBUG [acme.framework.configuration.ExtendedMessageSource@http-nio-8080-exec-1] Loading properties [/Users/tihealba/Desktop/Workspace-22.0/Projects/Acme-Toolkits/target/classes/WEB-INF/views/authenticated/consumer/messsages-en.i18n] with encoding 'utf-8' 
2022-04-19 11:54:16.209 DEBUG [acme.framework.configuration.ExtendedMessageSource@http-nio-8080-exec-1] Loading properties [/Users/tihealba/Desktop/Workspace-22.0/Projects/Acme-Toolkits/target/classes/WEB-INF/views/authenticated/provider/messsages-en.i18n] with encoding 'utf-8' 
2022-04-19 11:54:16.210 DEBUG [acme.framework.configuration.ExtendedMessageSource@http-nio-8080-exec-1] Loading properties [/Users/tihealba/Desktop/Workspace-22.0/Projects/Acme-Toolkits/target/classes/WEB-INF/views/authenticated/system-configuration/messsages-en.i18n] with encoding 'utf-8' 
2022-04-19 11:54:16.212 DEBUG [acme.framework.configuration.ExtendedMessageSource@http-nio-8080-exec-1] Loading properties [/Users/tihealba/Desktop/Workspace-22.0/Projects/Acme-Toolkits/target/classes/WEB-INF/views/fragments/banner-en.i18n] with encoding 'utf-8' 
2022-04-19 11:54:16.214 DEBUG [acme.framework.configuration.ExtendedMessageSource@http-nio-8080-exec-1] Loading properties [/Users/tihealba/Desktop/Workspace-22.0/Projects/Acme-Toolkits/target/classes/WEB-INF/views/fragments/company-en.i18n] with encoding 'utf-8' 
2022-04-19 11:54:16.216 DEBUG [acme.framework.configuration.ExtendedMessageSource@http-nio-8080-exec-1] Loading properties [/Users/tihealba/Desktop/Workspace-22.0/Projects/Acme-Toolkits/target/classes/WEB-INF/views/fragments/footer-en.i18n] with encoding 'utf-8' 
2022-04-19 11:54:16.218 DEBUG [acme.framework.configuration.ExtendedMessageSource@http-nio-8080-exec-1] Loading properties [/Users/tihealba/Desktop/Workspace-22.0/Projects/Acme-Toolkits/target/classes/WEB-INF/views/fragments/license-en.i18n] with encoding 'utf-8' 
2022-04-19 11:54:16.221 DEBUG [acme.framework.configuration.ExtendedMessageSource@http-nio-8080-exec-1] Loading properties [/Users/tihealba/Desktop/Workspace-22.0/Projects/Acme-Toolkits/target/classes/WEB-INF/views/fragments/menu-en.i18n] with encoding 'utf-8' 
2022-04-19 11:54:16.223 DEBUG [acme.framework.configuration.ExtendedMessageSource@http-nio-8080-exec-1] Loading properties [/Users/tihealba/Desktop/Workspace-22.0/Projects/Acme-Toolkits/target/classes/WEB-INF/views/fragments/messsages-en.i18n] with encoding 'utf-8' 
2022-04-19 11:54:16.231 DEBUG [acme.framework.configuration.ExtendedMessageSource@http-nio-8080-exec-1] Loading properties [/Users/tihealba/Desktop/Workspace-22.0/Projects/Acme-Toolkits/target/classes/WEB-INF/views/fragments/title-en.i18n] with encoding 'utf-8' 
2022-04-19 11:54:16.243 DEBUG [acme.framework.configuration.ExtendedMessageSource@http-nio-8080-exec-1] Loading properties [/Users/tihealba/Desktop/Workspace-22.0/Projects/Acme-Toolkits/target/classes/WEB-INF/views/fragments/welcome-en.i18n] with encoding 'utf-8' 
2022-04-19 11:54:16.244 DEBUG [acme.framework.configuration.ExtendedMessageSource@http-nio-8080-exec-1] Loading properties [/Users/tihealba/Desktop/Workspace-22.0/Projects/Acme-Toolkits/target/classes/WEB-INF/views/master/defaults-en.i18n] with encoding 'utf-8' 
2022-04-19 11:54:16.246 DEBUG [acme.framework.configuration.ExtendedMessageSource@http-nio-8080-exec-1] Loading properties [/Users/tihealba/Desktop/Workspace-22.0/Projects/Acme-Toolkits/target/classes/WEB-INF/views/master/master-en.i18n] with encoding 'utf-8' 
2022-04-19 11:54:16.250 DEBUG [acme.framework.configuration.ExtendedMessageSource@http-nio-8080-exec-1] Loading properties [/Users/tihealba/Desktop/Workspace-22.0/Projects/Acme-Toolkits/target/classes/WEB-INF/views/master/throwables-en.i18n] with encoding 'utf-8' 
2022-04-19 11:54:16.252 DEBUG [acme.framework.configuration.ExtendedMessageSource@http-nio-8080-exec-1] Loading properties [/Users/tihealba/Desktop/Workspace-22.0/Projects/Acme-Toolkits/target/classes/WEB-INF/views/master/validation-en.i18n] with encoding 'utf-8' 
2022-04-19 11:54:16.254 DEBUG [acme.framework.configuration.ExtendedMessageSource@http-nio-8080-exec-1] Loading properties [/Users/tihealba/Desktop/Workspace-22.0/Projects/Acme-Toolkits/target/classes/WEB-INF/views/patron/patron-dashboard/messsages-en.i18n] with encoding 'utf-8' 
2022-04-19 11:54:16.265 DEBUG [acme.framework.configuration.ExtendedMessageSource@http-nio-8080-exec-4] Loading properties [/Users/tihealba/Desktop/Workspace-22.0/Projects/Acme-Toolkits/target/classes/WEB-INF/views/administrator/system-configuration/messages-en.i18n] with encoding 'utf-8' 
2022-04-19 11:54:16.266 DEBUG [acme.framework.configuration.ExtendedMessageSource@http-nio-8080-exec-4] Loading properties [/Users/tihealba/Desktop/Workspace-22.0/Projects/Acme-Toolkits/target/classes/WEB-INF/views/administrator/user-account/messages-en.i18n] with encoding 'utf-8' 
2022-04-19 11:54:16.268 DEBUG [acme.framework.configuration.ExtendedMessageSource@http-nio-8080-exec-4] Loading properties [/Users/tihealba/Desktop/Workspace-22.0/Projects/Acme-Toolkits/target/classes/WEB-INF/views/any/chirp/messsages-en.i18n] with encoding 'utf-8' 
2022-04-19 11:54:16.268 DEBUG [acme.framework.configuration.ExtendedMessageSource@http-nio-8080-exec-4] Loading properties [/Users/tihealba/Desktop/Workspace-22.0/Projects/Acme-Toolkits/target/classes/WEB-INF/views/any/item/messsages-en.i18n] with encoding 'utf-8' 
2022-04-19 11:54:16.270 DEBUG [acme.framework.configuration.ExtendedMessageSource@http-nio-8080-exec-4] Loading properties [/Users/tihealba/Desktop/Workspace-22.0/Projects/Acme-Toolkits/target/classes/WEB-INF/views/authenticated/announcement/messages-en.i18n] with encoding 'utf-8' 
2022-04-19 11:54:16.271 DEBUG [acme.framework.configuration.ExtendedMessageSource@http-nio-8080-exec-4] Loading properties [/Users/tihealba/Desktop/Workspace-22.0/Projects/Acme-Toolkits/target/classes/WEB-INF/views/authenticated/consumer/messsages-en.i18n] with encoding 'utf-8' 
2022-04-19 11:54:16.271 DEBUG [acme.framework.configuration.ExtendedMessageSource@http-nio-8080-exec-4] Loading properties [/Users/tihealba/Desktop/Workspace-22.0/Projects/Acme-Toolkits/target/classes/WEB-INF/views/authenticated/provider/messsages-en.i18n] with encoding 'utf-8' 
2022-04-19 11:54:16.272 DEBUG [acme.framework.configuration.ExtendedMessageSource@http-nio-8080-exec-4] Loading properties [/Users/tihealba/Desktop/Workspace-22.0/Projects/Acme-Toolkits/target/classes/WEB-INF/views/authenticated/system-configuration/messsages-en.i18n] with encoding 'utf-8' 
2022-04-19 11:54:16.272 DEBUG [acme.framework.configuration.ExtendedMessageSource@http-nio-8080-exec-4] Loading properties [/Users/tihealba/Desktop/Workspace-22.0/Projects/Acme-Toolkits/target/classes/WEB-INF/views/fragments/banner-en.i18n] with encoding 'utf-8' 
2022-04-19 11:54:16.274 DEBUG [acme.framework.configuration.ExtendedMessageSource@http-nio-8080-exec-4] Loading properties [/Users/tihealba/Desktop/Workspace-22.0/Projects/Acme-Toolkits/target/classes/WEB-INF/views/fragments/company-en.i18n] with encoding 'utf-8' 
2022-04-19 11:54:16.275 DEBUG [acme.framework.configuration.ExtendedMessageSource@http-nio-8080-exec-4] Loading properties [/Users/tihealba/Desktop/Workspace-22.0/Projects/Acme-Toolkits/target/classes/WEB-INF/views/fragments/footer-en.i18n] with encoding 'utf-8' 
2022-04-19 11:54:16.275 DEBUG [acme.framework.configuration.ExtendedMessageSource@http-nio-8080-exec-4] Loading properties [/Users/tihealba/Desktop/Workspace-22.0/Projects/Acme-Toolkits/target/classes/WEB-INF/views/fragments/license-en.i18n] with encoding 'utf-8' 
2022-04-19 11:54:16.276 DEBUG [acme.framework.configuration.ExtendedMessageSource@http-nio-8080-exec-4] Loading properties [/Users/tihealba/Desktop/Workspace-22.0/Projects/Acme-Toolkits/target/classes/WEB-INF/views/fragments/menu-en.i18n] with encoding 'utf-8' 
2022-04-19 11:54:16.276 DEBUG [acme.framework.configuration.ExtendedMessageSource@http-nio-8080-exec-4] Loading properties [/Users/tihealba/Desktop/Workspace-22.0/Projects/Acme-Toolkits/target/classes/WEB-INF/views/fragments/messsages-en.i18n] with encoding 'utf-8' 
2022-04-19 11:54:16.277 DEBUG [acme.framework.configuration.ExtendedMessageSource@http-nio-8080-exec-4] Loading properties [/Users/tihealba/Desktop/Workspace-22.0/Projects/Acme-Toolkits/target/classes/WEB-INF/views/fragments/title-en.i18n] with encoding 'utf-8' 
2022-04-19 11:54:16.278 DEBUG [acme.framework.configuration.ExtendedMessageSource@http-nio-8080-exec-4] Loading properties [/Users/tihealba/Desktop/Workspace-22.0/Projects/Acme-Toolkits/target/classes/WEB-INF/views/fragments/welcome-en.i18n] with encoding 'utf-8' 
2022-04-19 11:54:16.278 DEBUG [acme.framework.configuration.ExtendedMessageSource@http-nio-8080-exec-4] Loading properties [/Users/tihealba/Desktop/Workspace-22.0/Projects/Acme-Toolkits/target/classes/WEB-INF/views/master/defaults-en.i18n] with encoding 'utf-8' 
2022-04-19 11:54:16.279 DEBUG [acme.framework.configuration.ExtendedMessageSource@http-nio-8080-exec-4] Loading properties [/Users/tihealba/Desktop/Workspace-22.0/Projects/Acme-Toolkits/target/classes/WEB-INF/views/master/master-en.i18n] with encoding 'utf-8' 
2022-04-19 11:54:16.279 DEBUG [acme.framework.configuration.ExtendedMessageSource@http-nio-8080-exec-4] Loading properties [/Users/tihealba/Desktop/Workspace-22.0/Projects/Acme-Toolkits/target/classes/WEB-INF/views/master/throwables-en.i18n] with encoding 'utf-8' 
2022-04-19 11:54:16.280 DEBUG [acme.framework.configuration.ExtendedMessageSource@http-nio-8080-exec-4] Loading properties [/Users/tihealba/Desktop/Workspace-22.0/Projects/Acme-Toolkits/target/classes/WEB-INF/views/master/validation-en.i18n] with encoding 'utf-8' 
2022-04-19 11:54:16.281 DEBUG [acme.framework.configuration.ExtendedMessageSource@http-nio-8080-exec-4] Loading properties [/Users/tihealba/Desktop/Workspace-22.0/Projects/Acme-Toolkits/target/classes/WEB-INF/views/patron/patron-dashboard/messsages-en.i18n] with encoding 'utf-8' 
2022-04-19 11:54:16.595 DEBUG [org.apache.jasper.servlet.JspServlet@http-nio-8080-exec-1] JspEngine --> /WEB-INF/views/any/chirp/list.jsp 
2022-04-19 11:54:16.595 DEBUG [org.apache.jasper.servlet.JspServlet@http-nio-8080-exec-4] JspEngine --> /WEB-INF/views/fragments/welcome.jsp 
2022-04-19 11:54:16.596 DEBUG [org.apache.jasper.servlet.JspServlet@http-nio-8080-exec-1] ServletPath: /WEB-INF/views/master/page.jsp 
2022-04-19 11:54:16.596 DEBUG [org.apache.jasper.servlet.JspServlet@http-nio-8080-exec-4] ServletPath: /WEB-INF/views/master/page.jsp 
2022-04-19 11:54:16.597 DEBUG [org.apache.jasper.servlet.JspServlet@http-nio-8080-exec-1] PathInfo: null 
2022-04-19 11:54:16.597 DEBUG [org.apache.jasper.servlet.JspServlet@http-nio-8080-exec-4] PathInfo: null 
2022-04-19 11:54:16.598 DEBUG [org.apache.jasper.servlet.JspServlet@http-nio-8080-exec-1] RealPath: /Users/tihealba/Desktop/Workspace-22.0/Projects/Acme-Toolkits/target/classes/WEB-INF/views/any/chirp/list.jsp 
2022-04-19 11:54:16.598 DEBUG [org.apache.jasper.servlet.JspServlet@http-nio-8080-exec-4] RealPath: /Users/tihealba/Desktop/Workspace-22.0/Projects/Acme-Toolkits/target/classes/WEB-INF/views/fragments/welcome.jsp 
2022-04-19 11:54:16.599 DEBUG [org.apache.jasper.servlet.JspServlet@http-nio-8080-exec-1] RequestURI: /acme-toolkits-22.1/WEB-INF/views/master/page.jsp 
2022-04-19 11:54:16.600 DEBUG [org.apache.jasper.servlet.JspServlet@http-nio-8080-exec-4] RequestURI: /acme-toolkits-22.1/WEB-INF/views/master/page.jsp 
2022-04-19 11:54:16.600 DEBUG [org.apache.jasper.servlet.JspServlet@http-nio-8080-exec-1] QueryString: null 
2022-04-19 11:54:16.600 DEBUG [org.apache.jasper.servlet.JspServlet@http-nio-8080-exec-4] QueryString: null 
2022-04-19 11:54:18.558 DEBUG [org.hibernate.SQL@http-nio-8080-exec-4] select useraccoun0_.id as id1_0_, useraccoun0_.version as version2_0_, useraccoun0_.enabled as enabled1_19_, useraccoun0_.identity as identity2_19_, useraccoun0_.password as password3_19_, useraccoun0_.username as username4_19_ from user_account useraccoun0_ where useraccoun0_.username=? 
2022-04-19 11:54:18.560 TRACE [org.hibernate.type.descriptor.sql.BasicBinder@http-nio-8080-exec-4] binding parameter [1] as [VARCHAR] - [anonymous] 
2022-04-19 11:54:18.567 DEBUG [org.hibernate.SQL@http-nio-8080-exec-4] select roles0_.user_account_id as user_acc1_20_0_, roles0_.id as id1_20_0_, roles0_.id as id1_0_1_, roles0_.version as version2_0_1_, roles0_.user_account_id as user_acc1_20_1_, roles0_.company as company1_8_1_, roles0_.sector as sector2_8_1_, roles0_.company as company1_14_1_, roles0_.sector as sector2_14_1_, roles0_.clazz_ as clazz_1_ from ( select id, version, user_account_id, company, sector, 12 as clazz_ from consumer union all select id, version, user_account_id, null as company, null as sector, 13 as clazz_ from inventor union all select id, version, user_account_id, null as company, null as sector, 14 as clazz_ from patron union all select id, version, user_account_id, company, sector, 15 as clazz_ from provider union all select id, version, user_account_id, null as company, null as sector, 17 as clazz_ from administrator union all select id, version, user_account_id, null as company, null as sector, 18 as clazz_ from anonymous union all select id, version, user_account_id, null as company, null as sector, 19 as clazz_ from any union all select id, version, user_account_id, null as company, null as sector, 20 as clazz_ from authenticated ) roles0_ where roles0_.user_account_id=? 
2022-04-19 11:54:18.568 TRACE [org.hibernate.type.descriptor.sql.BasicBinder@http-nio-8080-exec-4] binding parameter [1] as [INTEGER] - [3] 
2022-04-19 11:54:20.572 DEBUG [org.hibernate.SQL@http-nio-8080-exec-1] select useraccoun0_.id as id1_0_, useraccoun0_.version as version2_0_, useraccoun0_.enabled as enabled1_19_, useraccoun0_.identity as identity2_19_, useraccoun0_.password as password3_19_, useraccoun0_.username as username4_19_ from user_account useraccoun0_ where useraccoun0_.username=? 
2022-04-19 11:54:20.575 TRACE [org.hibernate.type.descriptor.sql.BasicBinder@http-nio-8080-exec-1] binding parameter [1] as [VARCHAR] - [anonymous] 
2022-04-19 11:54:20.581 DEBUG [org.hibernate.SQL@http-nio-8080-exec-1] select roles0_.user_account_id as user_acc1_20_0_, roles0_.id as id1_20_0_, roles0_.id as id1_0_1_, roles0_.version as version2_0_1_, roles0_.user_account_id as user_acc1_20_1_, roles0_.company as company1_8_1_, roles0_.sector as sector2_8_1_, roles0_.company as company1_14_1_, roles0_.sector as sector2_14_1_, roles0_.clazz_ as clazz_1_ from ( select id, version, user_account_id, company, sector, 12 as clazz_ from consumer union all select id, version, user_account_id, null as company, null as sector, 13 as clazz_ from inventor union all select id, version, user_account_id, null as company, null as sector, 14 as clazz_ from patron union all select id, version, user_account_id, company, sector, 15 as clazz_ from provider union all select id, version, user_account_id, null as company, null as sector, 17 as clazz_ from administrator union all select id, version, user_account_id, null as company, null as sector, 18 as clazz_ from anonymous union all select id, version, user_account_id, null as company, null as sector, 19 as clazz_ from any union all select id, version, user_account_id, null as company, null as sector, 20 as clazz_ from authenticated ) roles0_ where roles0_.user_account_id=? 
2022-04-19 11:54:20.586 TRACE [org.hibernate.type.descriptor.sql.BasicBinder@http-nio-8080-exec-1] binding parameter [1] as [INTEGER] - [3] 
2022-04-19 11:55:00.105 DEBUG [acme.framework.controllers.AbstractController@http-nio-8080-exec-10] DISPATCHING GET /acme-toolkits-22.1/any/chirp/list 
2022-04-19 11:55:00.105 DEBUG [acme.framework.controllers.AbstractController@http-nio-8080-exec-10] Command: list 
2022-04-19 11:55:00.106 DEBUG [acme.framework.controllers.AbstractController@http-nio-8080-exec-10] Model:   {} 
2022-04-19 11:55:00.106 DEBUG [acme.framework.controllers.AbstractController@http-nio-8080-exec-10] Locale:  en 
2022-04-19 11:55:00.113 DEBUG [org.hibernate.SQL@http-nio-8080-exec-10] select useraccoun0_.id as id1_0_, useraccoun0_.version as version2_0_, useraccoun0_.enabled as enabled1_19_, useraccoun0_.identity as identity2_19_, useraccoun0_.password as password3_19_, useraccoun0_.username as username4_19_ from user_account useraccoun0_ where useraccoun0_.username=? 
2022-04-19 11:55:00.113 TRACE [org.hibernate.type.descriptor.sql.BasicBinder@http-nio-8080-exec-10] binding parameter [1] as [VARCHAR] - [anonymous] 
2022-04-19 11:55:00.116 DEBUG [org.hibernate.SQL@http-nio-8080-exec-10] select roles0_.user_account_id as user_acc1_20_0_, roles0_.id as id1_20_0_, roles0_.id as id1_0_1_, roles0_.version as version2_0_1_, roles0_.user_account_id as user_acc1_20_1_, roles0_.company as company1_8_1_, roles0_.sector as sector2_8_1_, roles0_.company as company1_14_1_, roles0_.sector as sector2_14_1_, roles0_.clazz_ as clazz_1_ from ( select id, version, user_account_id, company, sector, 12 as clazz_ from consumer union all select id, version, user_account_id, null as company, null as sector, 13 as clazz_ from inventor union all select id, version, user_account_id, null as company, null as sector, 14 as clazz_ from patron union all select id, version, user_account_id, company, sector, 15 as clazz_ from provider union all select id, version, user_account_id, null as company, null as sector, 17 as clazz_ from administrator union all select id, version, user_account_id, null as company, null as sector, 18 as clazz_ from anonymous union all select id, version, user_account_id, null as company, null as sector, 19 as clazz_ from any union all select id, version, user_account_id, null as company, null as sector, 20 as clazz_ from authenticated ) roles0_ where roles0_.user_account_id=? 
2022-04-19 11:55:00.117 TRACE [org.hibernate.type.descriptor.sql.BasicBinder@http-nio-8080-exec-10] binding parameter [1] as [INTEGER] - [3] 
2022-04-19 11:55:00.124 DEBUG [org.hibernate.SQL@http-nio-8080-exec-10] select chirp0_.id as id1_0_, chirp0_.version as version2_0_, chirp0_.author as author1_7_, chirp0_.body as body2_7_, chirp0_.creation_moment as creation3_7_, chirp0_.email as email4_7_, chirp0_.title as title5_7_ from chirp chirp0_ where chirp0_.creation_moment>=? 
2022-04-19 11:55:00.125 TRACE [org.hibernate.type.descriptor.sql.BasicBinder@http-nio-8080-exec-10] binding parameter [1] as [TIMESTAMP] - [Sat Mar 19 11:55:00 CET 2022] 
2022-04-19 11:55:00.131 DEBUG [acme.framework.controllers.AbstractController@http-nio-8080-exec-10] SERVING GET /acme-toolkits-22.1/any/chirp/list 
2022-04-19 11:55:00.131 DEBUG [acme.framework.controllers.AbstractController@http-nio-8080-exec-10] Result: ModelAndView [view="any/chirp/list"; model={list$size=0, command=list, principal=acme.framework.entities.Principal@5e604473}] 
2022-04-19 11:55:00.132 DEBUG [acme.framework.components.tiles.DynamicTilesView@http-nio-8080-exec-10] View name 'any/chirp/list', model {list$size=0, command=list, principal=acme.framework.entities.Principal@5e604473, org.springframework.validation.BindingResult.principal=org.springframework.validation.BeanPropertyBindingResult: 0 errors} 
2022-04-19 11:55:00.133 DEBUG [org.apache.jasper.servlet.JspServlet@http-nio-8080-exec-10] JspEngine --> /WEB-INF/views/master/page.jsp 
2022-04-19 11:55:00.134 DEBUG [org.apache.jasper.servlet.JspServlet@http-nio-8080-exec-10] ServletPath: /WEB-INF/views/master/page.jsp 
2022-04-19 11:55:00.134 DEBUG [org.apache.jasper.servlet.JspServlet@http-nio-8080-exec-10] PathInfo: null 
2022-04-19 11:55:00.136 DEBUG [org.apache.jasper.servlet.JspServlet@http-nio-8080-exec-10] RealPath: /Users/tihealba/Desktop/Workspace-22.0/Projects/Acme-Toolkits/target/classes/WEB-INF/views/master/page.jsp 
2022-04-19 11:55:00.138 DEBUG [org.apache.jasper.servlet.JspServlet@http-nio-8080-exec-10] RequestURI: /acme-toolkits-22.1/WEB-INF/views/master/page.jsp 
2022-04-19 11:55:00.139 DEBUG [org.apache.jasper.servlet.JspServlet@http-nio-8080-exec-10] QueryString: null 
2022-04-19 11:55:00.312 DEBUG [org.apache.jasper.servlet.JspServlet@http-nio-8080-exec-10] JspEngine --> /WEB-INF/views/any/chirp/list.jsp 
2022-04-19 11:55:00.313 DEBUG [org.apache.jasper.servlet.JspServlet@http-nio-8080-exec-10] ServletPath: /WEB-INF/views/master/page.jsp 
2022-04-19 11:55:00.313 DEBUG [org.apache.jasper.servlet.JspServlet@http-nio-8080-exec-10] PathInfo: null 
2022-04-19 11:55:00.314 DEBUG [org.apache.jasper.servlet.JspServlet@http-nio-8080-exec-10] RealPath: /Users/tihealba/Desktop/Workspace-22.0/Projects/Acme-Toolkits/target/classes/WEB-INF/views/any/chirp/list.jsp 
2022-04-19 11:55:00.315 DEBUG [org.apache.jasper.servlet.JspServlet@http-nio-8080-exec-10] RequestURI: /acme-toolkits-22.1/WEB-INF/views/master/page.jsp 
2022-04-19 11:55:00.315 DEBUG [org.apache.jasper.servlet.JspServlet@http-nio-8080-exec-10] QueryString: null 
2022-04-19 11:55:00.553 DEBUG [org.hibernate.SQL@http-nio-8080-exec-10] select useraccoun0_.id as id1_0_, useraccoun0_.version as version2_0_, useraccoun0_.enabled as enabled1_19_, useraccoun0_.identity as identity2_19_, useraccoun0_.password as password3_19_, useraccoun0_.username as username4_19_ from user_account useraccoun0_ where useraccoun0_.username=? 
2022-04-19 11:55:00.554 TRACE [org.hibernate.type.descriptor.sql.BasicBinder@http-nio-8080-exec-10] binding parameter [1] as [VARCHAR] - [anonymous] 
2022-04-19 11:55:00.556 DEBUG [org.hibernate.SQL@http-nio-8080-exec-10] select roles0_.user_account_id as user_acc1_20_0_, roles0_.id as id1_20_0_, roles0_.id as id1_0_1_, roles0_.version as version2_0_1_, roles0_.user_account_id as user_acc1_20_1_, roles0_.company as company1_8_1_, roles0_.sector as sector2_8_1_, roles0_.company as company1_14_1_, roles0_.sector as sector2_14_1_, roles0_.clazz_ as clazz_1_ from ( select id, version, user_account_id, company, sector, 12 as clazz_ from consumer union all select id, version, user_account_id, null as company, null as sector, 13 as clazz_ from inventor union all select id, version, user_account_id, null as company, null as sector, 14 as clazz_ from patron union all select id, version, user_account_id, company, sector, 15 as clazz_ from provider union all select id, version, user_account_id, null as company, null as sector, 17 as clazz_ from administrator union all select id, version, user_account_id, null as company, null as sector, 18 as clazz_ from anonymous union all select id, version, user_account_id, null as company, null as sector, 19 as clazz_ from any union all select id, version, user_account_id, null as company, null as sector, 20 as clazz_ from authenticated ) roles0_ where roles0_.user_account_id=? 
2022-04-19 11:55:00.556 TRACE [org.hibernate.type.descriptor.sql.BasicBinder@http-nio-8080-exec-10] binding parameter [1] as [INTEGER] - [3] 
2022-04-19 11:55:17.883 DEBUG [acme.framework.controllers.AbstractController@http-nio-8080-exec-9] DISPATCHING GET /acme-toolkits-22.1/any/chirp/list 
2022-04-19 11:55:17.886 DEBUG [acme.framework.controllers.AbstractController@http-nio-8080-exec-9] Command: list 
2022-04-19 11:55:17.887 DEBUG [acme.framework.controllers.AbstractController@http-nio-8080-exec-9] Model:   {} 
2022-04-19 11:55:17.887 DEBUG [acme.framework.controllers.AbstractController@http-nio-8080-exec-9] Locale:  en 
2022-04-19 11:55:17.892 DEBUG [org.hibernate.SQL@http-nio-8080-exec-9] select useraccoun0_.id as id1_0_, useraccoun0_.version as version2_0_, useraccoun0_.enabled as enabled1_19_, useraccoun0_.identity as identity2_19_, useraccoun0_.password as password3_19_, useraccoun0_.username as username4_19_ from user_account useraccoun0_ where useraccoun0_.username=? 
2022-04-19 11:55:17.892 TRACE [org.hibernate.type.descriptor.sql.BasicBinder@http-nio-8080-exec-9] binding parameter [1] as [VARCHAR] - [anonymous] 
2022-04-19 11:55:17.895 DEBUG [org.hibernate.SQL@http-nio-8080-exec-9] select roles0_.user_account_id as user_acc1_20_0_, roles0_.id as id1_20_0_, roles0_.id as id1_0_1_, roles0_.version as version2_0_1_, roles0_.user_account_id as user_acc1_20_1_, roles0_.company as company1_8_1_, roles0_.sector as sector2_8_1_, roles0_.company as company1_14_1_, roles0_.sector as sector2_14_1_, roles0_.clazz_ as clazz_1_ from ( select id, version, user_account_id, company, sector, 12 as clazz_ from consumer union all select id, version, user_account_id, null as company, null as sector, 13 as clazz_ from inventor union all select id, version, user_account_id, null as company, null as sector, 14 as clazz_ from patron union all select id, version, user_account_id, company, sector, 15 as clazz_ from provider union all select id, version, user_account_id, null as company, null as sector, 17 as clazz_ from administrator union all select id, version, user_account_id, null as company, null as sector, 18 as clazz_ from anonymous union all select id, version, user_account_id, null as company, null as sector, 19 as clazz_ from any union all select id, version, user_account_id, null as company, null as sector, 20 as clazz_ from authenticated ) roles0_ where roles0_.user_account_id=? 
2022-04-19 11:55:17.895 TRACE [org.hibernate.type.descriptor.sql.BasicBinder@http-nio-8080-exec-9] binding parameter [1] as [INTEGER] - [3] 
2022-04-19 11:55:17.898 DEBUG [org.hibernate.SQL@http-nio-8080-exec-9] select chirp0_.id as id1_0_, chirp0_.version as version2_0_, chirp0_.author as author1_7_, chirp0_.body as body2_7_, chirp0_.creation_moment as creation3_7_, chirp0_.email as email4_7_, chirp0_.title as title5_7_ from chirp chirp0_ where chirp0_.creation_moment>=? 
2022-04-19 11:55:17.899 TRACE [org.hibernate.type.descriptor.sql.BasicBinder@http-nio-8080-exec-9] binding parameter [1] as [TIMESTAMP] - [Sat Mar 19 11:55:17 CET 2022] 
2022-04-19 11:55:17.909 DEBUG [acme.framework.controllers.AbstractController@http-nio-8080-exec-9] SERVING GET /acme-toolkits-22.1/any/chirp/list 
2022-04-19 11:55:17.909 DEBUG [acme.framework.controllers.AbstractController@http-nio-8080-exec-9] Result: ModelAndView [view="any/chirp/list"; model={list$size=0, command=list, principal=acme.framework.entities.Principal@15d4805d}] 
2022-04-19 11:55:17.910 DEBUG [acme.framework.components.tiles.DynamicTilesView@http-nio-8080-exec-9] View name 'any/chirp/list', model {list$size=0, command=list, principal=acme.framework.entities.Principal@15d4805d, org.springframework.validation.BindingResult.principal=org.springframework.validation.BeanPropertyBindingResult: 0 errors} 
2022-04-19 11:55:17.911 DEBUG [org.apache.jasper.servlet.JspServlet@http-nio-8080-exec-9] JspEngine --> /WEB-INF/views/master/page.jsp 
2022-04-19 11:55:17.912 DEBUG [org.apache.jasper.servlet.JspServlet@http-nio-8080-exec-9] ServletPath: /WEB-INF/views/master/page.jsp 
2022-04-19 11:55:17.913 DEBUG [org.apache.jasper.servlet.JspServlet@http-nio-8080-exec-9] PathInfo: null 
2022-04-19 11:55:17.914 DEBUG [org.apache.jasper.servlet.JspServlet@http-nio-8080-exec-9] RealPath: /Users/tihealba/Desktop/Workspace-22.0/Projects/Acme-Toolkits/target/classes/WEB-INF/views/master/page.jsp 
2022-04-19 11:55:17.915 DEBUG [org.apache.jasper.servlet.JspServlet@http-nio-8080-exec-9] RequestURI: /acme-toolkits-22.1/WEB-INF/views/master/page.jsp 
2022-04-19 11:55:17.916 DEBUG [org.apache.jasper.servlet.JspServlet@http-nio-8080-exec-9] QueryString: null 
2022-04-19 11:55:18.083 DEBUG [org.apache.jasper.servlet.JspServlet@http-nio-8080-exec-9] JspEngine --> /WEB-INF/views/any/chirp/list.jsp 
2022-04-19 11:55:18.083 DEBUG [org.apache.jasper.servlet.JspServlet@http-nio-8080-exec-9] ServletPath: /WEB-INF/views/master/page.jsp 
2022-04-19 11:55:18.084 DEBUG [org.apache.jasper.servlet.JspServlet@http-nio-8080-exec-9] PathInfo: null 
2022-04-19 11:55:18.089 DEBUG [org.apache.jasper.servlet.JspServlet@http-nio-8080-exec-9] RealPath: /Users/tihealba/Desktop/Workspace-22.0/Projects/Acme-Toolkits/target/classes/WEB-INF/views/any/chirp/list.jsp 
2022-04-19 11:55:18.091 DEBUG [org.apache.jasper.servlet.JspServlet@http-nio-8080-exec-9] RequestURI: /acme-toolkits-22.1/WEB-INF/views/master/page.jsp 
2022-04-19 11:55:18.092 DEBUG [org.apache.jasper.servlet.JspServlet@http-nio-8080-exec-9] QueryString: null 
2022-04-19 11:55:18.273 DEBUG [org.hibernate.SQL@http-nio-8080-exec-9] select useraccoun0_.id as id1_0_, useraccoun0_.version as version2_0_, useraccoun0_.enabled as enabled1_19_, useraccoun0_.identity as identity2_19_, useraccoun0_.password as password3_19_, useraccoun0_.username as username4_19_ from user_account useraccoun0_ where useraccoun0_.username=? 
2022-04-19 11:55:18.273 TRACE [org.hibernate.type.descriptor.sql.BasicBinder@http-nio-8080-exec-9] binding parameter [1] as [VARCHAR] - [anonymous] 
2022-04-19 11:55:18.276 DEBUG [org.hibernate.SQL@http-nio-8080-exec-9] select roles0_.user_account_id as user_acc1_20_0_, roles0_.id as id1_20_0_, roles0_.id as id1_0_1_, roles0_.version as version2_0_1_, roles0_.user_account_id as user_acc1_20_1_, roles0_.company as company1_8_1_, roles0_.sector as sector2_8_1_, roles0_.company as company1_14_1_, roles0_.sector as sector2_14_1_, roles0_.clazz_ as clazz_1_ from ( select id, version, user_account_id, company, sector, 12 as clazz_ from consumer union all select id, version, user_account_id, null as company, null as sector, 13 as clazz_ from inventor union all select id, version, user_account_id, null as company, null as sector, 14 as clazz_ from patron union all select id, version, user_account_id, company, sector, 15 as clazz_ from provider union all select id, version, user_account_id, null as company, null as sector, 17 as clazz_ from administrator union all select id, version, user_account_id, null as company, null as sector, 18 as clazz_ from anonymous union all select id, version, user_account_id, null as company, null as sector, 19 as clazz_ from any union all select id, version, user_account_id, null as company, null as sector, 20 as clazz_ from authenticated ) roles0_ where roles0_.user_account_id=? 
2022-04-19 11:55:18.277 TRACE [org.hibernate.type.descriptor.sql.BasicBinder@http-nio-8080-exec-9] binding parameter [1] as [INTEGER] - [3] 
2022-04-19 12:03:06.246 DEBUG [acme.framework.controllers.AbstractController@http-nio-8080-exec-3] DISPATCHING GET /acme-toolkits-22.1/any/chirp/list 
2022-04-19 12:03:06.248 DEBUG [acme.framework.controllers.AbstractController@http-nio-8080-exec-3] Command: list 
2022-04-19 12:03:06.248 DEBUG [acme.framework.controllers.AbstractController@http-nio-8080-exec-3] Model:   {} 
2022-04-19 12:03:06.249 DEBUG [acme.framework.controllers.AbstractController@http-nio-8080-exec-3] Locale:  en 
2022-04-19 12:03:06.251 DEBUG [org.hibernate.SQL@http-nio-8080-exec-3] select useraccoun0_.id as id1_0_, useraccoun0_.version as version2_0_, useraccoun0_.enabled as enabled1_19_, useraccoun0_.identity as identity2_19_, useraccoun0_.password as password3_19_, useraccoun0_.username as username4_19_ from user_account useraccoun0_ where useraccoun0_.username=? 
2022-04-19 12:03:06.251 TRACE [org.hibernate.type.descriptor.sql.BasicBinder@http-nio-8080-exec-3] binding parameter [1] as [VARCHAR] - [anonymous] 
2022-04-19 12:03:06.263 DEBUG [org.hibernate.SQL@http-nio-8080-exec-3] select roles0_.user_account_id as user_acc1_20_0_, roles0_.id as id1_20_0_, roles0_.id as id1_0_1_, roles0_.version as version2_0_1_, roles0_.user_account_id as user_acc1_20_1_, roles0_.company as company1_8_1_, roles0_.sector as sector2_8_1_, roles0_.company as company1_14_1_, roles0_.sector as sector2_14_1_, roles0_.clazz_ as clazz_1_ from ( select id, version, user_account_id, company, sector, 12 as clazz_ from consumer union all select id, version, user_account_id, null as company, null as sector, 13 as clazz_ from inventor union all select id, version, user_account_id, null as company, null as sector, 14 as clazz_ from patron union all select id, version, user_account_id, company, sector, 15 as clazz_ from provider union all select id, version, user_account_id, null as company, null as sector, 17 as clazz_ from administrator union all select id, version, user_account_id, null as company, null as sector, 18 as clazz_ from anonymous union all select id, version, user_account_id, null as company, null as sector, 19 as clazz_ from any union all select id, version, user_account_id, null as company, null as sector, 20 as clazz_ from authenticated ) roles0_ where roles0_.user_account_id=? 
2022-04-19 12:03:06.264 TRACE [org.hibernate.type.descriptor.sql.BasicBinder@http-nio-8080-exec-3] binding parameter [1] as [INTEGER] - [3] 
2022-04-19 12:03:06.273 DEBUG [org.hibernate.SQL@http-nio-8080-exec-3] select chirp0_.id as id1_0_, chirp0_.version as version2_0_, chirp0_.author as author1_7_, chirp0_.body as body2_7_, chirp0_.creation_moment as creation3_7_, chirp0_.email as email4_7_, chirp0_.title as title5_7_ from chirp chirp0_ where chirp0_.creation_moment>=? 
2022-04-19 12:03:06.274 TRACE [org.hibernate.type.descriptor.sql.BasicBinder@http-nio-8080-exec-3] binding parameter [1] as [TIMESTAMP] - [Sat Mar 19 12:03:06 CET 2022] 
2022-04-19 12:03:06.279 DEBUG [acme.framework.controllers.AbstractController@http-nio-8080-exec-3] SERVING GET /acme-toolkits-22.1/any/chirp/list 
2022-04-19 12:03:06.279 DEBUG [acme.framework.controllers.AbstractController@http-nio-8080-exec-3] Result: ModelAndView [view="any/chirp/list"; model={list$size=0, command=list, principal=acme.framework.entities.Principal@717a381a}] 
2022-04-19 12:03:06.279 DEBUG [acme.framework.components.tiles.DynamicTilesView@http-nio-8080-exec-3] View name 'any/chirp/list', model {list$size=0, command=list, principal=acme.framework.entities.Principal@717a381a, org.springframework.validation.BindingResult.principal=org.springframework.validation.BeanPropertyBindingResult: 0 errors} 
2022-04-19 12:03:06.281 DEBUG [org.apache.jasper.servlet.JspServlet@http-nio-8080-exec-3] JspEngine --> /WEB-INF/views/master/page.jsp 
2022-04-19 12:03:06.281 DEBUG [org.apache.jasper.servlet.JspServlet@http-nio-8080-exec-3] ServletPath: /WEB-INF/views/master/page.jsp 
2022-04-19 12:03:06.282 DEBUG [org.apache.jasper.servlet.JspServlet@http-nio-8080-exec-3] PathInfo: null 
2022-04-19 12:03:06.284 DEBUG [org.apache.jasper.servlet.JspServlet@http-nio-8080-exec-3] RealPath: /Users/tihealba/Desktop/Workspace-22.0/Projects/Acme-Toolkits/target/classes/WEB-INF/views/master/page.jsp 
2022-04-19 12:03:06.284 DEBUG [org.apache.jasper.servlet.JspServlet@http-nio-8080-exec-3] RequestURI: /acme-toolkits-22.1/WEB-INF/views/master/page.jsp 
2022-04-19 12:03:06.285 DEBUG [org.apache.jasper.servlet.JspServlet@http-nio-8080-exec-3] QueryString: null 
2022-04-19 12:03:06.599 DEBUG [org.apache.jasper.servlet.JspServlet@http-nio-8080-exec-3] JspEngine --> /WEB-INF/views/any/chirp/list.jsp 
2022-04-19 12:03:06.601 DEBUG [org.apache.jasper.servlet.JspServlet@http-nio-8080-exec-3] ServletPath: /WEB-INF/views/master/page.jsp 
2022-04-19 12:03:06.602 DEBUG [org.apache.jasper.servlet.JspServlet@http-nio-8080-exec-3] PathInfo: null 
2022-04-19 12:03:06.603 DEBUG [org.apache.jasper.servlet.JspServlet@http-nio-8080-exec-3] RealPath: /Users/tihealba/Desktop/Workspace-22.0/Projects/Acme-Toolkits/target/classes/WEB-INF/views/any/chirp/list.jsp 
2022-04-19 12:03:06.604 DEBUG [org.apache.jasper.servlet.JspServlet@http-nio-8080-exec-3] RequestURI: /acme-toolkits-22.1/WEB-INF/views/master/page.jsp 
2022-04-19 12:03:06.605 DEBUG [org.apache.jasper.servlet.JspServlet@http-nio-8080-exec-3] QueryString: null 
2022-04-19 12:03:06.763 DEBUG [org.hibernate.SQL@http-nio-8080-exec-3] select useraccoun0_.id as id1_0_, useraccoun0_.version as version2_0_, useraccoun0_.enabled as enabled1_19_, useraccoun0_.identity as identity2_19_, useraccoun0_.password as password3_19_, useraccoun0_.username as username4_19_ from user_account useraccoun0_ where useraccoun0_.username=? 
2022-04-19 12:03:06.763 TRACE [org.hibernate.type.descriptor.sql.BasicBinder@http-nio-8080-exec-3] binding parameter [1] as [VARCHAR] - [anonymous] 
2022-04-19 12:03:06.766 DEBUG [org.hibernate.SQL@http-nio-8080-exec-3] select roles0_.user_account_id as user_acc1_20_0_, roles0_.id as id1_20_0_, roles0_.id as id1_0_1_, roles0_.version as version2_0_1_, roles0_.user_account_id as user_acc1_20_1_, roles0_.company as company1_8_1_, roles0_.sector as sector2_8_1_, roles0_.company as company1_14_1_, roles0_.sector as sector2_14_1_, roles0_.clazz_ as clazz_1_ from ( select id, version, user_account_id, company, sector, 12 as clazz_ from consumer union all select id, version, user_account_id, null as company, null as sector, 13 as clazz_ from inventor union all select id, version, user_account_id, null as company, null as sector, 14 as clazz_ from patron union all select id, version, user_account_id, company, sector, 15 as clazz_ from provider union all select id, version, user_account_id, null as company, null as sector, 17 as clazz_ from administrator union all select id, version, user_account_id, null as company, null as sector, 18 as clazz_ from anonymous union all select id, version, user_account_id, null as company, null as sector, 19 as clazz_ from any union all select id, version, user_account_id, null as company, null as sector, 20 as clazz_ from authenticated ) roles0_ where roles0_.user_account_id=? 
2022-04-19 12:03:06.766 TRACE [org.hibernate.type.descriptor.sql.BasicBinder@http-nio-8080-exec-3] binding parameter [1] as [INTEGER] - [3] 
2022-04-19 12:05:02.923 INFO  [acme.framework.configuration.ShutdownConfiguration@SpringContextShutdownHook] The system is shutting down... 
