2022-04-19 12:05:19 INFO  [acme.Launcher@main] Starting Launcher using Java 1.8.0_281 on TiheMac.local with PID 4912 (/Users/tihealba/Desktop/Workspace-22.0/Frameworks/Acme-Framework-22.3/target/classes started by tihealba in /Users/tihealba/Desktop/Workspace-22.0/Projects/Acme-Toolkits) 
2022-04-19 12:05:19.002 DEBUG [acme.Launcher@main] Running with Spring Boot v2.4.2, Spring v5.3.3 
2022-04-19 12:05:19.004 INFO  [acme.Launcher@main] The following profiles are active: development,default 
2022-04-19 12:05:24.063 DEBUG [org.apache.jasper.servlet.JasperInitializer@main] Initializing Jasper for context [application] 
2022-04-19 12:05:35.955 DEBUG [org.apache.jasper.servlet.JspServlet@main] Scratch dir for the JSP engine is: [/private/var/folders/4x/r_lg1hns1s54spj64f02g00r0000gn/T/tomcat.8080.374135542175846562/work/Tomcat/localhost/acme-toolkits-22.1] 
2022-04-19 12:05:35.956 DEBUG [org.apache.jasper.servlet.JspServlet@main] IMPORTANT: Do not modify the generated servlets 
2022-04-19 12:05:35.979 INFO  [acme.Launcher@main] Started Launcher in 18.115 seconds (JVM running for 19.231) 
2022-04-19 12:05:35.987 DEBUG [acme.Launcher@main] Found classpath entry '/Users/tihealba/Desktop/Workspace-22.0/Projects/Acme-Toolkits/target/test-classes/' 
2022-04-19 12:05:35.988 DEBUG [acme.Launcher@main] Found classpath entry '/Users/tihealba/Desktop/Workspace-22.0/Projects/Acme-Toolkits/target/classes/' 
2022-04-19 12:05:35.989 DEBUG [acme.Launcher@main] Found classpath entry '/Users/tihealba/Desktop/Workspace-22.0/Frameworks/Acme-Framework-22.3/target/classes/' 
2022-04-19 12:05:35.989 DEBUG [acme.Launcher@main] Found classpath entry '/Users/tihealba/Desktop/Workspace-22.0/Frameworks/Acme-Framework-22.3/target/test-classes/' 
2022-04-19 12:05:35.989 DEBUG [acme.Launcher@main] Found classpath entry '/Users/tihealba/.m2/repository/org/springframework/boot/spring-boot-starter-tomcat/2.4.2/spring-boot-starter-tomcat-2.4.2.jar' 
2022-04-19 12:05:35.990 DEBUG [acme.Launcher@main] Found classpath entry '/Users/tihealba/.m2/repository/jakarta/annotation/jakarta.annotation-api/1.3.5/jakarta.annotation-api-1.3.5.jar' 
2022-04-19 12:05:35.990 DEBUG [acme.Launcher@main] Found classpath entry '/Users/tihealba/.m2/repository/org/apache/tomcat/embed/tomcat-embed-core/9.0.41/tomcat-embed-core-9.0.41.jar' 
2022-04-19 12:05:35.991 DEBUG [acme.Launcher@main] Found classpath entry '/Users/tihealba/.m2/repository/org/glassfish/jakarta.el/3.0.3/jakarta.el-3.0.3.jar' 
2022-04-19 12:05:35.991 DEBUG [acme.Launcher@main] Found classpath entry '/Users/tihealba/.m2/repository/org/apache/tomcat/embed/tomcat-embed-websocket/9.0.41/tomcat-embed-websocket-9.0.41.jar' 
2022-04-19 12:05:35.992 DEBUG [acme.Launcher@main] Found classpath entry '/Users/tihealba/.m2/repository/org/apache/tomcat/embed/tomcat-embed-jasper/9.0.41/tomcat-embed-jasper-9.0.41.jar' 
2022-04-19 12:05:35.992 DEBUG [acme.Launcher@main] Found classpath entry '/Users/tihealba/.m2/repository/org/apache/tomcat/embed/tomcat-embed-el/9.0.41/tomcat-embed-el-9.0.41.jar' 
2022-04-19 12:05:35.993 DEBUG [acme.Launcher@main] Found classpath entry '/Users/tihealba/.m2/repository/org/eclipse/jdt/ecj/3.18.0/ecj-3.18.0.jar' 
2022-04-19 12:05:35.993 DEBUG [acme.Launcher@main] Found classpath entry '/Users/tihealba/.m2/repository/javax/servlet/jstl/1.2/jstl-1.2.jar' 
2022-04-19 12:05:35.993 DEBUG [acme.Launcher@main] Found classpath entry '/Users/tihealba/.m2/repository/org/springframework/boot/spring-boot-starter-test/2.4.2/spring-boot-starter-test-2.4.2.jar' 
2022-04-19 12:05:35.994 DEBUG [acme.Launcher@main] Found classpath entry '/Users/tihealba/.m2/repository/org/springframework/boot/spring-boot-starter/2.4.2/spring-boot-starter-2.4.2.jar' 
2022-04-19 12:05:35.994 DEBUG [acme.Launcher@main] Found classpath entry '/Users/tihealba/.m2/repository/org/springframework/boot/spring-boot/2.4.2/spring-boot-2.4.2.jar' 
2022-04-19 12:05:35.994 DEBUG [acme.Launcher@main] Found classpath entry '/Users/tihealba/.m2/repository/org/springframework/boot/spring-boot-autoconfigure/2.4.2/spring-boot-autoconfigure-2.4.2.jar' 
2022-04-19 12:05:35.995 DEBUG [acme.Launcher@main] Found classpath entry '/Users/tihealba/.m2/repository/org/springframework/boot/spring-boot-starter-logging/2.4.2/spring-boot-starter-logging-2.4.2.jar' 
2022-04-19 12:05:35.995 DEBUG [acme.Launcher@main] Found classpath entry '/Users/tihealba/.m2/repository/ch/qos/logback/logback-classic/1.2.3/logback-classic-1.2.3.jar' 
2022-04-19 12:05:35.996 DEBUG [acme.Launcher@main] Found classpath entry '/Users/tihealba/.m2/repository/ch/qos/logback/logback-core/1.2.3/logback-core-1.2.3.jar' 
2022-04-19 12:05:35.996 DEBUG [acme.Launcher@main] Found classpath entry '/Users/tihealba/.m2/repository/org/apache/logging/log4j/log4j-to-slf4j/2.13.3/log4j-to-slf4j-2.13.3.jar' 
2022-04-19 12:05:35.997 DEBUG [acme.Launcher@main] Found classpath entry '/Users/tihealba/.m2/repository/org/apache/logging/log4j/log4j-api/2.13.3/log4j-api-2.13.3.jar' 
2022-04-19 12:05:35.997 DEBUG [acme.Launcher@main] Found classpath entry '/Users/tihealba/.m2/repository/org/slf4j/jul-to-slf4j/1.7.30/jul-to-slf4j-1.7.30.jar' 
2022-04-19 12:05:35.997 DEBUG [acme.Launcher@main] Found classpath entry '/Users/tihealba/.m2/repository/org/yaml/snakeyaml/1.27/snakeyaml-1.27.jar' 
2022-04-19 12:05:35.998 DEBUG [acme.Launcher@main] Found classpath entry '/Users/tihealba/.m2/repository/org/springframework/boot/spring-boot-test/2.4.2/spring-boot-test-2.4.2.jar' 
2022-04-19 12:05:35.998 DEBUG [acme.Launcher@main] Found classpath entry '/Users/tihealba/.m2/repository/org/springframework/boot/spring-boot-test-autoconfigure/2.4.2/spring-boot-test-autoconfigure-2.4.2.jar' 
2022-04-19 12:05:35.998 DEBUG [acme.Launcher@main] Found classpath entry '/Users/tihealba/.m2/repository/com/jayway/jsonpath/json-path/2.4.0/json-path-2.4.0.jar' 
2022-04-19 12:05:35.999 DEBUG [acme.Launcher@main] Found classpath entry '/Users/tihealba/.m2/repository/net/minidev/json-smart/2.3/json-smart-2.3.jar' 
2022-04-19 12:05:35.999 DEBUG [acme.Launcher@main] Found classpath entry '/Users/tihealba/.m2/repository/net/minidev/accessors-smart/1.2/accessors-smart-1.2.jar' 
2022-04-19 12:05:35.999 DEBUG [acme.Launcher@main] Found classpath entry '/Users/tihealba/.m2/repository/org/ow2/asm/asm/5.0.4/asm-5.0.4.jar' 
2022-04-19 12:05:36 DEBUG [acme.Launcher@main] Found classpath entry '/Users/tihealba/.m2/repository/jakarta/xml/bind/jakarta.xml.bind-api/2.3.3/jakarta.xml.bind-api-2.3.3.jar' 
2022-04-19 12:05:36 DEBUG [acme.Launcher@main] Found classpath entry '/Users/tihealba/.m2/repository/jakarta/activation/jakarta.activation-api/1.2.2/jakarta.activation-api-1.2.2.jar' 
2022-04-19 12:05:36 DEBUG [acme.Launcher@main] Found classpath entry '/Users/tihealba/.m2/repository/org/assertj/assertj-core/3.18.1/assertj-core-3.18.1.jar' 
2022-04-19 12:05:36.001 DEBUG [acme.Launcher@main] Found classpath entry '/Users/tihealba/.m2/repository/org/hamcrest/hamcrest/2.2/hamcrest-2.2.jar' 
2022-04-19 12:05:36.001 DEBUG [acme.Launcher@main] Found classpath entry '/Users/tihealba/.m2/repository/org/junit/jupiter/junit-jupiter/5.7.0/junit-jupiter-5.7.0.jar' 
2022-04-19 12:05:36.002 DEBUG [acme.Launcher@main] Found classpath entry '/Users/tihealba/.m2/repository/org/mockito/mockito-core/3.6.28/mockito-core-3.6.28.jar' 
2022-04-19 12:05:36.002 DEBUG [acme.Launcher@main] Found classpath entry '/Users/tihealba/.m2/repository/net/bytebuddy/byte-buddy-agent/1.10.19/byte-buddy-agent-1.10.19.jar' 
2022-04-19 12:05:36.003 DEBUG [acme.Launcher@main] Found classpath entry '/Users/tihealba/.m2/repository/org/objenesis/objenesis/3.1/objenesis-3.1.jar' 
2022-04-19 12:05:36.003 DEBUG [acme.Launcher@main] Found classpath entry '/Users/tihealba/.m2/repository/org/mockito/mockito-junit-jupiter/3.6.28/mockito-junit-jupiter-3.6.28.jar' 
2022-04-19 12:05:36.003 DEBUG [acme.Launcher@main] Found classpath entry '/Users/tihealba/.m2/repository/org/skyscreamer/jsonassert/1.5.0/jsonassert-1.5.0.jar' 
2022-04-19 12:05:36.003 DEBUG [acme.Launcher@main] Found classpath entry '/Users/tihealba/.m2/repository/com/vaadin/external/google/android-json/0.0.20131108.vaadin1/android-json-0.0.20131108.vaadin1.jar' 
2022-04-19 12:05:36.004 DEBUG [acme.Launcher@main] Found classpath entry '/Users/tihealba/.m2/repository/org/springframework/spring-core/5.3.3/spring-core-5.3.3.jar' 
2022-04-19 12:05:36.004 DEBUG [acme.Launcher@main] Found classpath entry '/Users/tihealba/.m2/repository/org/springframework/spring-jcl/5.3.3/spring-jcl-5.3.3.jar' 
2022-04-19 12:05:36.006 DEBUG [acme.Launcher@main] Found classpath entry '/Users/tihealba/.m2/repository/org/springframework/spring-test/5.3.3/spring-test-5.3.3.jar' 
2022-04-19 12:05:36.006 DEBUG [acme.Launcher@main] Found classpath entry '/Users/tihealba/.m2/repository/org/xmlunit/xmlunit-core/2.7.0/xmlunit-core-2.7.0.jar' 
2022-04-19 12:05:36.007 DEBUG [acme.Launcher@main] Found classpath entry '/Users/tihealba/.m2/repository/org/springframework/boot/spring-boot-starter-security/2.4.2/spring-boot-starter-security-2.4.2.jar' 
2022-04-19 12:05:36.007 DEBUG [acme.Launcher@main] Found classpath entry '/Users/tihealba/.m2/repository/org/springframework/spring-aop/5.3.3/spring-aop-5.3.3.jar' 
2022-04-19 12:05:36.008 DEBUG [acme.Launcher@main] Found classpath entry '/Users/tihealba/.m2/repository/org/springframework/security/spring-security-web/5.4.2/spring-security-web-5.4.2.jar' 
2022-04-19 12:05:36.008 DEBUG [acme.Launcher@main] Found classpath entry '/Users/tihealba/.m2/repository/org/springframework/security/spring-security-core/5.4.2/spring-security-core-5.4.2.jar' 
2022-04-19 12:05:36.008 DEBUG [acme.Launcher@main] Found classpath entry '/Users/tihealba/.m2/repository/org/springframework/spring-beans/5.3.3/spring-beans-5.3.3.jar' 
2022-04-19 12:05:36.009 DEBUG [acme.Launcher@main] Found classpath entry '/Users/tihealba/.m2/repository/org/springframework/spring-context/5.3.3/spring-context-5.3.3.jar' 
2022-04-19 12:05:36.011 DEBUG [acme.Launcher@main] Found classpath entry '/Users/tihealba/.m2/repository/org/springframework/spring-expression/5.3.3/spring-expression-5.3.3.jar' 
2022-04-19 12:05:36.012 DEBUG [acme.Launcher@main] Found classpath entry '/Users/tihealba/.m2/repository/org/springframework/spring-web/5.3.3/spring-web-5.3.3.jar' 
2022-04-19 12:05:36.012 DEBUG [acme.Launcher@main] Found classpath entry '/Users/tihealba/.m2/repository/org/springframework/security/spring-security-config/5.4.2/spring-security-config-5.4.2.jar' 
2022-04-19 12:05:36.023 DEBUG [acme.Launcher@main] Found classpath entry '/Users/tihealba/.m2/repository/org/springframework/security/spring-security-taglibs/5.4.2/spring-security-taglibs-5.4.2.jar' 
2022-04-19 12:05:36.041 DEBUG [acme.Launcher@main] Found classpath entry '/Users/tihealba/.m2/repository/org/springframework/security/spring-security-acl/5.4.2/spring-security-acl-5.4.2.jar' 
2022-04-19 12:05:36.042 DEBUG [acme.Launcher@main] Found classpath entry '/Users/tihealba/.m2/repository/org/springframework/spring-jdbc/5.3.3/spring-jdbc-5.3.3.jar' 
2022-04-19 12:05:36.043 DEBUG [acme.Launcher@main] Found classpath entry '/Users/tihealba/.m2/repository/org/springframework/spring-tx/5.3.3/spring-tx-5.3.3.jar' 
2022-04-19 12:05:36.043 DEBUG [acme.Launcher@main] Found classpath entry '/Users/tihealba/.m2/repository/org/springframework/boot/spring-boot-starter-web/2.4.2/spring-boot-starter-web-2.4.2.jar' 
2022-04-19 12:05:36.044 DEBUG [acme.Launcher@main] Found classpath entry '/Users/tihealba/.m2/repository/org/springframework/boot/spring-boot-starter-json/2.4.2/spring-boot-starter-json-2.4.2.jar' 
2022-04-19 12:05:36.044 DEBUG [acme.Launcher@main] Found classpath entry '/Users/tihealba/.m2/repository/com/fasterxml/jackson/core/jackson-databind/2.11.4/jackson-databind-2.11.4.jar' 
2022-04-19 12:05:36.046 DEBUG [acme.Launcher@main] Found classpath entry '/Users/tihealba/.m2/repository/com/fasterxml/jackson/core/jackson-annotations/2.11.4/jackson-annotations-2.11.4.jar' 
2022-04-19 12:05:36.046 DEBUG [acme.Launcher@main] Found classpath entry '/Users/tihealba/.m2/repository/com/fasterxml/jackson/core/jackson-core/2.11.4/jackson-core-2.11.4.jar' 
2022-04-19 12:05:36.047 DEBUG [acme.Launcher@main] Found classpath entry '/Users/tihealba/.m2/repository/com/fasterxml/jackson/datatype/jackson-datatype-jdk8/2.11.4/jackson-datatype-jdk8-2.11.4.jar' 
2022-04-19 12:05:36.047 DEBUG [acme.Launcher@main] Found classpath entry '/Users/tihealba/.m2/repository/com/fasterxml/jackson/datatype/jackson-datatype-jsr310/2.11.4/jackson-datatype-jsr310-2.11.4.jar' 
2022-04-19 12:05:36.047 DEBUG [acme.Launcher@main] Found classpath entry '/Users/tihealba/.m2/repository/com/fasterxml/jackson/module/jackson-module-parameter-names/2.11.4/jackson-module-parameter-names-2.11.4.jar' 
2022-04-19 12:05:36.047 DEBUG [acme.Launcher@main] Found classpath entry '/Users/tihealba/.m2/repository/org/springframework/spring-webmvc/5.3.3/spring-webmvc-5.3.3.jar' 
2022-04-19 12:05:36.048 DEBUG [acme.Launcher@main] Found classpath entry '/Users/tihealba/.m2/repository/org/apache/tiles/tiles-jsp/3.0.8/tiles-jsp-3.0.8.jar' 
2022-04-19 12:05:36.048 DEBUG [acme.Launcher@main] Found classpath entry '/Users/tihealba/.m2/repository/org/apache/tiles/tiles-servlet/3.0.8/tiles-servlet-3.0.8.jar' 
2022-04-19 12:05:36.048 DEBUG [acme.Launcher@main] Found classpath entry '/Users/tihealba/.m2/repository/org/apache/tiles/tiles-core/3.0.8/tiles-core-3.0.8.jar' 
2022-04-19 12:05:36.049 DEBUG [acme.Launcher@main] Found classpath entry '/Users/tihealba/.m2/repository/commons-digester/commons-digester/2.0/commons-digester-2.0.jar' 
2022-04-19 12:05:36.049 DEBUG [acme.Launcher@main] Found classpath entry '/Users/tihealba/.m2/repository/org/slf4j/jcl-over-slf4j/1.7.30/jcl-over-slf4j-1.7.30.jar' 
2022-04-19 12:05:36.049 DEBUG [acme.Launcher@main] Found classpath entry '/Users/tihealba/.m2/repository/org/apache/tiles/tiles-request-servlet/1.0.7/tiles-request-servlet-1.0.7.jar' 
2022-04-19 12:05:36.049 DEBUG [acme.Launcher@main] Found classpath entry '/Users/tihealba/.m2/repository/org/apache/tiles/tiles-template/3.0.8/tiles-template-3.0.8.jar' 
2022-04-19 12:05:36.050 DEBUG [acme.Launcher@main] Found classpath entry '/Users/tihealba/.m2/repository/org/apache/tiles/tiles-api/3.0.8/tiles-api-3.0.8.jar' 
2022-04-19 12:05:36.050 DEBUG [acme.Launcher@main] Found classpath entry '/Users/tihealba/.m2/repository/org/apache/tiles/tiles-autotag-core-runtime/1.2/tiles-autotag-core-runtime-1.2.jar' 
2022-04-19 12:05:36.050 DEBUG [acme.Launcher@main] Found classpath entry '/Users/tihealba/.m2/repository/org/slf4j/slf4j-api/1.7.30/slf4j-api-1.7.30.jar' 
2022-04-19 12:05:36.050 DEBUG [acme.Launcher@main] Found classpath entry '/Users/tihealba/.m2/repository/org/apache/tiles/tiles-request-jsp/1.0.7/tiles-request-jsp-1.0.7.jar' 
2022-04-19 12:05:36.051 DEBUG [acme.Launcher@main] Found classpath entry '/Users/tihealba/.m2/repository/org/apache/tiles/tiles-request-api/1.0.7/tiles-request-api-1.0.7.jar' 
2022-04-19 12:05:36.056 DEBUG [acme.Launcher@main] Found classpath entry '/Users/tihealba/.m2/repository/org/springframework/boot/spring-boot-starter-data-jpa/2.4.2/spring-boot-starter-data-jpa-2.4.2.jar' 
2022-04-19 12:05:36.057 DEBUG [acme.Launcher@main] Found classpath entry '/Users/tihealba/.m2/repository/org/springframework/boot/spring-boot-starter-aop/2.4.2/spring-boot-starter-aop-2.4.2.jar' 
2022-04-19 12:05:36.058 DEBUG [acme.Launcher@main] Found classpath entry '/Users/tihealba/.m2/repository/org/aspectj/aspectjweaver/1.9.6/aspectjweaver-1.9.6.jar' 
2022-04-19 12:05:36.058 DEBUG [acme.Launcher@main] Found classpath entry '/Users/tihealba/.m2/repository/org/springframework/boot/spring-boot-starter-jdbc/2.4.2/spring-boot-starter-jdbc-2.4.2.jar' 
2022-04-19 12:05:36.058 DEBUG [acme.Launcher@main] Found classpath entry '/Users/tihealba/.m2/repository/jakarta/transaction/jakarta.transaction-api/1.3.3/jakarta.transaction-api-1.3.3.jar' 
2022-04-19 12:05:36.059 DEBUG [acme.Launcher@main] Found classpath entry '/Users/tihealba/.m2/repository/jakarta/persistence/jakarta.persistence-api/2.2.3/jakarta.persistence-api-2.2.3.jar' 
2022-04-19 12:05:36.060 DEBUG [acme.Launcher@main] Found classpath entry '/Users/tihealba/.m2/repository/org/hibernate/hibernate-core/5.4.27.Final/hibernate-core-5.4.27.Final.jar' 
2022-04-19 12:05:36.060 DEBUG [acme.Launcher@main] Found classpath entry '/Users/tihealba/.m2/repository/org/jboss/logging/jboss-logging/3.4.1.Final/jboss-logging-3.4.1.Final.jar' 
2022-04-19 12:05:36.061 DEBUG [acme.Launcher@main] Found classpath entry '/Users/tihealba/.m2/repository/org/javassist/javassist/3.27.0-GA/javassist-3.27.0-GA.jar' 
2022-04-19 12:05:36.061 DEBUG [acme.Launcher@main] Found classpath entry '/Users/tihealba/.m2/repository/antlr/antlr/2.7.7/antlr-2.7.7.jar' 
2022-04-19 12:05:36.063 DEBUG [acme.Launcher@main] Found classpath entry '/Users/tihealba/.m2/repository/org/jboss/jandex/2.1.3.Final/jandex-2.1.3.Final.jar' 
2022-04-19 12:05:36.064 DEBUG [acme.Launcher@main] Found classpath entry '/Users/tihealba/.m2/repository/com/fasterxml/classmate/1.5.1/classmate-1.5.1.jar' 
2022-04-19 12:05:36.064 DEBUG [acme.Launcher@main] Found classpath entry '/Users/tihealba/.m2/repository/org/dom4j/dom4j/2.1.3/dom4j-2.1.3.jar' 
2022-04-19 12:05:36.065 DEBUG [acme.Launcher@main] Found classpath entry '/Users/tihealba/.m2/repository/org/hibernate/common/hibernate-commons-annotations/5.1.2.Final/hibernate-commons-annotations-5.1.2.Final.jar' 
2022-04-19 12:05:36.068 DEBUG [acme.Launcher@main] Found classpath entry '/Users/tihealba/.m2/repository/org/glassfish/jaxb/jaxb-runtime/2.3.3/jaxb-runtime-2.3.3.jar' 
2022-04-19 12:05:36.069 DEBUG [acme.Launcher@main] Found classpath entry '/Users/tihealba/.m2/repository/org/glassfish/jaxb/txw2/2.3.3/txw2-2.3.3.jar' 
2022-04-19 12:05:36.069 DEBUG [acme.Launcher@main] Found classpath entry '/Users/tihealba/.m2/repository/com/sun/istack/istack-commons-runtime/3.0.11/istack-commons-runtime-3.0.11.jar' 
2022-04-19 12:05:36.069 DEBUG [acme.Launcher@main] Found classpath entry '/Users/tihealba/.m2/repository/com/sun/activation/jakarta.activation/1.2.2/jakarta.activation-1.2.2.jar' 
2022-04-19 12:05:36.070 DEBUG [acme.Launcher@main] Found classpath entry '/Users/tihealba/.m2/repository/org/springframework/data/spring-data-jpa/2.4.3/spring-data-jpa-2.4.3.jar' 
2022-04-19 12:05:36.070 DEBUG [acme.Launcher@main] Found classpath entry '/Users/tihealba/.m2/repository/org/springframework/data/spring-data-commons/2.4.3/spring-data-commons-2.4.3.jar' 
2022-04-19 12:05:36.070 DEBUG [acme.Launcher@main] Found classpath entry '/Users/tihealba/.m2/repository/org/springframework/spring-orm/5.3.3/spring-orm-5.3.3.jar' 
2022-04-19 12:05:36.071 DEBUG [acme.Launcher@main] Found classpath entry '/Users/tihealba/.m2/repository/org/springframework/spring-aspects/5.3.3/spring-aspects-5.3.3.jar' 
2022-04-19 12:05:36.072 DEBUG [acme.Launcher@main] Found classpath entry '/Users/tihealba/.m2/repository/org/springframework/boot/spring-boot-starter-validation/2.4.2/spring-boot-starter-validation-2.4.2.jar' 
2022-04-19 12:05:36.072 DEBUG [acme.Launcher@main] Found classpath entry '/Users/tihealba/.m2/repository/org/hibernate/validator/hibernate-validator/6.1.7.Final/hibernate-validator-6.1.7.Final.jar' 
2022-04-19 12:05:36.072 DEBUG [acme.Launcher@main] Found classpath entry '/Users/tihealba/.m2/repository/jakarta/validation/jakarta.validation-api/2.0.2/jakarta.validation-api-2.0.2.jar' 
2022-04-19 12:05:36.072 DEBUG [acme.Launcher@main] Found classpath entry '/Users/tihealba/.m2/repository/mysql/mysql-connector-java/8.0.22/mysql-connector-java-8.0.22.jar' 
2022-04-19 12:05:36.072 DEBUG [acme.Launcher@main] Found classpath entry '/Users/tihealba/.m2/repository/com/zaxxer/HikariCP/3.4.5/HikariCP-3.4.5.jar' 
2022-04-19 12:05:36.073 DEBUG [acme.Launcher@main] Found classpath entry '/Users/tihealba/.m2/repository/org/junit/jupiter/junit-jupiter-engine/5.7.0/junit-jupiter-engine-5.7.0.jar' 
2022-04-19 12:05:36.073 DEBUG [acme.Launcher@main] Found classpath entry '/Users/tihealba/.m2/repository/org/apiguardian/apiguardian-api/1.1.0/apiguardian-api-1.1.0.jar' 
2022-04-19 12:05:36.073 DEBUG [acme.Launcher@main] Found classpath entry '/Users/tihealba/.m2/repository/org/junit/platform/junit-platform-engine/1.7.0/junit-platform-engine-1.7.0.jar' 
2022-04-19 12:05:36.073 DEBUG [acme.Launcher@main] Found classpath entry '/Users/tihealba/.m2/repository/org/junit/jupiter/junit-jupiter-api/5.7.0/junit-jupiter-api-5.7.0.jar' 
2022-04-19 12:05:36.074 DEBUG [acme.Launcher@main] Found classpath entry '/Users/tihealba/.m2/repository/org/opentest4j/opentest4j/1.2.0/opentest4j-1.2.0.jar' 
2022-04-19 12:05:36.075 DEBUG [acme.Launcher@main] Found classpath entry '/Users/tihealba/.m2/repository/org/junit/platform/junit-platform-commons/1.7.0/junit-platform-commons-1.7.0.jar' 
2022-04-19 12:05:36.076 DEBUG [acme.Launcher@main] Found classpath entry '/Users/tihealba/.m2/repository/org/junit/jupiter/junit-jupiter-params/5.7.0/junit-jupiter-params-5.7.0.jar' 
2022-04-19 12:05:36.077 DEBUG [acme.Launcher@main] Found classpath entry '/Users/tihealba/.m2/repository/org/junit/platform/junit-platform-launcher/1.7.0/junit-platform-launcher-1.7.0.jar' 
2022-04-19 12:05:36.077 DEBUG [acme.Launcher@main] Found classpath entry '/Users/tihealba/.m2/repository/org/seleniumhq/selenium/selenium-java/3.141.59/selenium-java-3.141.59.jar' 
2022-04-19 12:05:36.077 DEBUG [acme.Launcher@main] Found classpath entry '/Users/tihealba/.m2/repository/org/seleniumhq/selenium/selenium-api/3.141.59/selenium-api-3.141.59.jar' 
2022-04-19 12:05:36.078 DEBUG [acme.Launcher@main] Found classpath entry '/Users/tihealba/.m2/repository/org/seleniumhq/selenium/selenium-chrome-driver/3.141.59/selenium-chrome-driver-3.141.59.jar' 
2022-04-19 12:05:36.078 DEBUG [acme.Launcher@main] Found classpath entry '/Users/tihealba/.m2/repository/org/seleniumhq/selenium/selenium-edge-driver/3.141.59/selenium-edge-driver-3.141.59.jar' 
2022-04-19 12:05:36.079 DEBUG [acme.Launcher@main] Found classpath entry '/Users/tihealba/.m2/repository/org/seleniumhq/selenium/selenium-firefox-driver/3.141.59/selenium-firefox-driver-3.141.59.jar' 
2022-04-19 12:05:36.080 DEBUG [acme.Launcher@main] Found classpath entry '/Users/tihealba/.m2/repository/org/seleniumhq/selenium/selenium-ie-driver/3.141.59/selenium-ie-driver-3.141.59.jar' 
2022-04-19 12:05:36.080 DEBUG [acme.Launcher@main] Found classpath entry '/Users/tihealba/.m2/repository/org/seleniumhq/selenium/selenium-opera-driver/3.141.59/selenium-opera-driver-3.141.59.jar' 
2022-04-19 12:05:36.081 DEBUG [acme.Launcher@main] Found classpath entry '/Users/tihealba/.m2/repository/org/seleniumhq/selenium/selenium-remote-driver/3.141.59/selenium-remote-driver-3.141.59.jar' 
2022-04-19 12:05:36.081 DEBUG [acme.Launcher@main] Found classpath entry '/Users/tihealba/.m2/repository/org/seleniumhq/selenium/selenium-safari-driver/3.141.59/selenium-safari-driver-3.141.59.jar' 
2022-04-19 12:05:36.081 DEBUG [acme.Launcher@main] Found classpath entry '/Users/tihealba/.m2/repository/org/seleniumhq/selenium/selenium-support/3.141.59/selenium-support-3.141.59.jar' 
2022-04-19 12:05:36.083 DEBUG [acme.Launcher@main] Found classpath entry '/Users/tihealba/.m2/repository/net/bytebuddy/byte-buddy/1.10.19/byte-buddy-1.10.19.jar' 
2022-04-19 12:05:36.084 DEBUG [acme.Launcher@main] Found classpath entry '/Users/tihealba/.m2/repository/org/apache/commons/commons-exec/1.3/commons-exec-1.3.jar' 
2022-04-19 12:05:36.084 DEBUG [acme.Launcher@main] Found classpath entry '/Users/tihealba/.m2/repository/com/google/guava/guava/25.0-jre/guava-25.0-jre.jar' 
2022-04-19 12:05:36.086 DEBUG [acme.Launcher@main] Found classpath entry '/Users/tihealba/.m2/repository/com/google/code/findbugs/jsr305/1.3.9/jsr305-1.3.9.jar' 
2022-04-19 12:05:36.087 DEBUG [acme.Launcher@main] Found classpath entry '/Users/tihealba/.m2/repository/org/checkerframework/checker-compat-qual/2.0.0/checker-compat-qual-2.0.0.jar' 
2022-04-19 12:05:36.087 DEBUG [acme.Launcher@main] Found classpath entry '/Users/tihealba/.m2/repository/com/google/errorprone/error_prone_annotations/2.1.3/error_prone_annotations-2.1.3.jar' 
2022-04-19 12:05:36.087 DEBUG [acme.Launcher@main] Found classpath entry '/Users/tihealba/.m2/repository/com/google/j2objc/j2objc-annotations/1.1/j2objc-annotations-1.1.jar' 
2022-04-19 12:05:36.087 DEBUG [acme.Launcher@main] Found classpath entry '/Users/tihealba/.m2/repository/org/codehaus/mojo/animal-sniffer-annotations/1.14/animal-sniffer-annotations-1.14.jar' 
2022-04-19 12:05:36.088 DEBUG [acme.Launcher@main] Found classpath entry '/Users/tihealba/.m2/repository/com/squareup/okhttp3/okhttp/3.14.9/okhttp-3.14.9.jar' 
2022-04-19 12:05:36.088 DEBUG [acme.Launcher@main] Found classpath entry '/Users/tihealba/.m2/repository/com/squareup/okio/okio/1.14.0/okio-1.14.0.jar' 
2022-04-19 12:05:36.088 DEBUG [acme.Launcher@main] Found classpath entry '/Users/tihealba/.m2/repository/org/apache/commons/commons-lang3/3.11/commons-lang3-3.11.jar' 
2022-04-19 12:05:36.088 DEBUG [acme.Launcher@main] Found classpath entry '/Users/tihealba/.m2/repository/org/apache/commons/commons-text/1.8/commons-text-1.8.jar' 
2022-04-19 12:05:36.088 DEBUG [acme.Launcher@main] Found classpath entry '/Users/tihealba/.m2/repository/commons-io/commons-io/2.6/commons-io-2.6.jar' 
2022-04-19 12:05:36.089 DEBUG [acme.Launcher@main] Found classpath entry '/Users/tihealba/.m2/repository/commons-cli/commons-cli/1.4/commons-cli-1.4.jar' 
2022-04-19 12:05:36.089 DEBUG [acme.Launcher@main] Found classpath entry '/Users/tihealba/.m2/repository/org/projectlombok/lombok/1.18.16/lombok-1.18.16.jar' 
2022-04-19 12:05:36.089 DEBUG [acme.Launcher@main] Found classpath entry '/Users/tihealba/.m2/repository/com/opencsv/opencsv/5.4/opencsv-5.4.jar' 
2022-04-19 12:05:36.089 DEBUG [acme.Launcher@main] Found classpath entry '/Users/tihealba/.m2/repository/commons-beanutils/commons-beanutils/1.9.4/commons-beanutils-1.9.4.jar' 
2022-04-19 12:05:36.089 DEBUG [acme.Launcher@main] Found classpath entry '/Users/tihealba/.m2/repository/commons-logging/commons-logging/1.2/commons-logging-1.2.jar' 
2022-04-19 12:05:36.090 DEBUG [acme.Launcher@main] Found classpath entry '/Users/tihealba/.m2/repository/commons-collections/commons-collections/3.2.2/commons-collections-3.2.2.jar' 
2022-04-19 12:05:36.090 DEBUG [acme.Launcher@main] Found classpath entry '/Users/tihealba/.m2/repository/org/apache/commons/commons-collections4/4.4/commons-collections4-4.4.jar' 
2022-04-19 12:05:36.273 DEBUG [acme.Launcher@main] Found entity class 'acme.entities.abstractUserRole.AbstractUserRole 
2022-04-19 12:05:36.273 DEBUG [acme.Launcher@main] Found entity class 'acme.entities.announcements.Announcement 
2022-04-19 12:05:36.273 DEBUG [acme.Launcher@main] Found entity class 'acme.entities.chirps.Chirp 
2022-04-19 12:05:36.273 DEBUG [acme.Launcher@main] Found entity class 'acme.entities.configuration.SystemConfiguration 
2022-04-19 12:05:36.274 DEBUG [acme.Launcher@main] Found entity class 'acme.entities.patronages.Patronage 
2022-04-19 12:05:36.274 DEBUG [acme.Launcher@main] Found entity class 'acme.entities.patronages.PatronageReport 
2022-04-19 12:05:36.274 DEBUG [acme.Launcher@main] Found entity class 'acme.entities.specificUserRoles.SpecificUserRole 
2022-04-19 12:05:36.275 DEBUG [acme.Launcher@main] Found entity class 'acme.entities.toolkits.Item 
2022-04-19 12:05:36.275 DEBUG [acme.Launcher@main] Found entity class 'acme.entities.toolkits.Quantity 
2022-04-19 12:05:36.275 DEBUG [acme.Launcher@main] Found entity class 'acme.entities.toolkits.Toolkit 
2022-04-19 12:05:36.275 DEBUG [acme.Launcher@main] Found entity class 'acme.roles.Consumer 
2022-04-19 12:05:36.275 DEBUG [acme.Launcher@main] Found entity class 'acme.roles.Inventor 
2022-04-19 12:05:36.276 DEBUG [acme.Launcher@main] Found entity class 'acme.roles.Patron 
2022-04-19 12:05:36.276 DEBUG [acme.Launcher@main] Found entity class 'acme.roles.Provider 
2022-04-19 12:05:36.276 DEBUG [acme.Launcher@main] Found entity class 'acme.framework.entities.UserAccount 
2022-04-19 12:05:36.276 DEBUG [acme.Launcher@main] Found entity class 'acme.framework.roles.Administrator 
2022-04-19 12:05:36.276 DEBUG [acme.Launcher@main] Found entity class 'acme.framework.roles.Anonymous 
2022-04-19 12:05:36.276 DEBUG [acme.Launcher@main] Found entity class 'acme.framework.roles.Any 
2022-04-19 12:05:36.276 DEBUG [acme.Launcher@main] Found entity class 'acme.framework.roles.Authenticated 
2022-04-19 12:05:36.282 INFO  [acme.Launcher@main] Running application (Standalone) 
2022-04-19 12:06:09.943 DEBUG [acme.framework.components.tiles.DynamicTilesView@http-nio-8080-exec-2] View name 'fragments/welcome', model {} 
2022-04-19 12:06:09.993 DEBUG [org.apache.tiles.definition.dao.BaseLocaleUrlDefinitionDAO@http-nio-8080-exec-2] File Resource file:/Users/tihealba/Desktop/Workspace-22.0/Projects/Acme-Toolkits/target/classes/WEB-INF/views/master/tiles_en.xml at file:/Users/tihealba/Desktop/Workspace-22.0/Projects/Acme-Toolkits/target/classes/WEB-INF/views/master/tiles_en.xml not found, continue 
2022-04-19 12:06:10.013 DEBUG [org.apache.jasper.servlet.JspServlet@http-nio-8080-exec-2] JspEngine --> /WEB-INF/views/master/page.jsp 
2022-04-19 12:06:10.013 DEBUG [org.apache.jasper.servlet.JspServlet@http-nio-8080-exec-2] ServletPath: /WEB-INF/views/master/page.jsp 
2022-04-19 12:06:10.014 DEBUG [org.apache.jasper.servlet.JspServlet@http-nio-8080-exec-2] PathInfo: null 
2022-04-19 12:06:10.015 DEBUG [org.apache.jasper.servlet.JspServlet@http-nio-8080-exec-2] RealPath: /Users/tihealba/Desktop/Workspace-22.0/Projects/Acme-Toolkits/target/classes/WEB-INF/views/master/page.jsp 
2022-04-19 12:06:10.016 DEBUG [org.apache.jasper.servlet.JspServlet@http-nio-8080-exec-2] RequestURI: /acme-toolkits-22.1/WEB-INF/views/master/page.jsp 
2022-04-19 12:06:10.017 DEBUG [org.apache.jasper.servlet.JspServlet@http-nio-8080-exec-2] QueryString: null 
2022-04-19 12:06:19.088 DEBUG [acme.framework.configuration.ExtendedMessageSource@http-nio-8080-exec-2] Loading properties [/Users/tihealba/Desktop/Workspace-22.0/Projects/Acme-Toolkits/target/classes/WEB-INF/views/administrator/system-configuration/messages-en.i18n] with encoding 'utf-8' 
2022-04-19 12:06:19.093 DEBUG [acme.framework.configuration.ExtendedMessageSource@http-nio-8080-exec-2] Loading properties [/Users/tihealba/Desktop/Workspace-22.0/Projects/Acme-Toolkits/target/classes/WEB-INF/views/administrator/user-account/messages-en.i18n] with encoding 'utf-8' 
2022-04-19 12:06:19.096 DEBUG [acme.framework.configuration.ExtendedMessageSource@http-nio-8080-exec-2] Loading properties [/Users/tihealba/Desktop/Workspace-22.0/Projects/Acme-Toolkits/target/classes/WEB-INF/views/any/chirp/messsages-en.i18n] with encoding 'utf-8' 
2022-04-19 12:06:19.099 DEBUG [acme.framework.configuration.ExtendedMessageSource@http-nio-8080-exec-2] Loading properties [/Users/tihealba/Desktop/Workspace-22.0/Projects/Acme-Toolkits/target/classes/WEB-INF/views/any/item/messsages-en.i18n] with encoding 'utf-8' 
2022-04-19 12:06:19.101 DEBUG [acme.framework.configuration.ExtendedMessageSource@http-nio-8080-exec-2] Loading properties [/Users/tihealba/Desktop/Workspace-22.0/Projects/Acme-Toolkits/target/classes/WEB-INF/views/authenticated/announcement/messages-en.i18n] with encoding 'utf-8' 
2022-04-19 12:06:19.103 DEBUG [acme.framework.configuration.ExtendedMessageSource@http-nio-8080-exec-2] Loading properties [/Users/tihealba/Desktop/Workspace-22.0/Projects/Acme-Toolkits/target/classes/WEB-INF/views/authenticated/consumer/messsages-en.i18n] with encoding 'utf-8' 
2022-04-19 12:06:19.106 DEBUG [acme.framework.configuration.ExtendedMessageSource@http-nio-8080-exec-2] Loading properties [/Users/tihealba/Desktop/Workspace-22.0/Projects/Acme-Toolkits/target/classes/WEB-INF/views/authenticated/provider/messsages-en.i18n] with encoding 'utf-8' 
2022-04-19 12:06:19.108 DEBUG [acme.framework.configuration.ExtendedMessageSource@http-nio-8080-exec-2] Loading properties [/Users/tihealba/Desktop/Workspace-22.0/Projects/Acme-Toolkits/target/classes/WEB-INF/views/authenticated/system-configuration/messsages-en.i18n] with encoding 'utf-8' 
2022-04-19 12:06:19.112 DEBUG [acme.framework.configuration.ExtendedMessageSource@http-nio-8080-exec-2] Loading properties [/Users/tihealba/Desktop/Workspace-22.0/Projects/Acme-Toolkits/target/classes/WEB-INF/views/fragments/banner-en.i18n] with encoding 'utf-8' 
2022-04-19 12:06:19.115 DEBUG [acme.framework.configuration.ExtendedMessageSource@http-nio-8080-exec-2] Loading properties [/Users/tihealba/Desktop/Workspace-22.0/Projects/Acme-Toolkits/target/classes/WEB-INF/views/fragments/company-en.i18n] with encoding 'utf-8' 
2022-04-19 12:06:19.116 DEBUG [acme.framework.configuration.ExtendedMessageSource@http-nio-8080-exec-2] Loading properties [/Users/tihealba/Desktop/Workspace-22.0/Projects/Acme-Toolkits/target/classes/WEB-INF/views/fragments/footer-en.i18n] with encoding 'utf-8' 
2022-04-19 12:06:19.118 DEBUG [acme.framework.configuration.ExtendedMessageSource@http-nio-8080-exec-2] Loading properties [/Users/tihealba/Desktop/Workspace-22.0/Projects/Acme-Toolkits/target/classes/WEB-INF/views/fragments/license-en.i18n] with encoding 'utf-8' 
2022-04-19 12:06:19.121 DEBUG [acme.framework.configuration.ExtendedMessageSource@http-nio-8080-exec-2] Loading properties [/Users/tihealba/Desktop/Workspace-22.0/Projects/Acme-Toolkits/target/classes/WEB-INF/views/fragments/menu-en.i18n] with encoding 'utf-8' 
2022-04-19 12:06:19.124 DEBUG [acme.framework.configuration.ExtendedMessageSource@http-nio-8080-exec-2] Loading properties [/Users/tihealba/Desktop/Workspace-22.0/Projects/Acme-Toolkits/target/classes/WEB-INF/views/fragments/messsages-en.i18n] with encoding 'utf-8' 
2022-04-19 12:06:19.127 DEBUG [acme.framework.configuration.ExtendedMessageSource@http-nio-8080-exec-2] Loading properties [/Users/tihealba/Desktop/Workspace-22.0/Projects/Acme-Toolkits/target/classes/WEB-INF/views/fragments/title-en.i18n] with encoding 'utf-8' 
2022-04-19 12:06:19.129 DEBUG [acme.framework.configuration.ExtendedMessageSource@http-nio-8080-exec-2] Loading properties [/Users/tihealba/Desktop/Workspace-22.0/Projects/Acme-Toolkits/target/classes/WEB-INF/views/fragments/welcome-en.i18n] with encoding 'utf-8' 
2022-04-19 12:06:19.131 DEBUG [acme.framework.configuration.ExtendedMessageSource@http-nio-8080-exec-2] Loading properties [/Users/tihealba/Desktop/Workspace-22.0/Projects/Acme-Toolkits/target/classes/WEB-INF/views/master/defaults-en.i18n] with encoding 'utf-8' 
2022-04-19 12:06:19.133 DEBUG [acme.framework.configuration.ExtendedMessageSource@http-nio-8080-exec-2] Loading properties [/Users/tihealba/Desktop/Workspace-22.0/Projects/Acme-Toolkits/target/classes/WEB-INF/views/master/master-en.i18n] with encoding 'utf-8' 
2022-04-19 12:06:19.136 DEBUG [acme.framework.configuration.ExtendedMessageSource@http-nio-8080-exec-2] Loading properties [/Users/tihealba/Desktop/Workspace-22.0/Projects/Acme-Toolkits/target/classes/WEB-INF/views/master/throwables-en.i18n] with encoding 'utf-8' 
2022-04-19 12:06:19.138 DEBUG [acme.framework.configuration.ExtendedMessageSource@http-nio-8080-exec-2] Loading properties [/Users/tihealba/Desktop/Workspace-22.0/Projects/Acme-Toolkits/target/classes/WEB-INF/views/master/validation-en.i18n] with encoding 'utf-8' 
2022-04-19 12:06:19.140 DEBUG [acme.framework.configuration.ExtendedMessageSource@http-nio-8080-exec-2] Loading properties [/Users/tihealba/Desktop/Workspace-22.0/Projects/Acme-Toolkits/target/classes/WEB-INF/views/patron/patron-dashboard/messsages-en.i18n] with encoding 'utf-8' 
2022-04-19 12:06:19.666 DEBUG [org.apache.jasper.servlet.JspServlet@http-nio-8080-exec-2] JspEngine --> /WEB-INF/views/fragments/welcome.jsp 
2022-04-19 12:06:19.667 DEBUG [org.apache.jasper.servlet.JspServlet@http-nio-8080-exec-2] ServletPath: /WEB-INF/views/master/page.jsp 
2022-04-19 12:06:19.668 DEBUG [org.apache.jasper.servlet.JspServlet@http-nio-8080-exec-2] PathInfo: null 
2022-04-19 12:06:19.669 DEBUG [org.apache.jasper.servlet.JspServlet@http-nio-8080-exec-2] RealPath: /Users/tihealba/Desktop/Workspace-22.0/Projects/Acme-Toolkits/target/classes/WEB-INF/views/fragments/welcome.jsp 
2022-04-19 12:06:19.669 DEBUG [org.apache.jasper.servlet.JspServlet@http-nio-8080-exec-2] RequestURI: /acme-toolkits-22.1/WEB-INF/views/master/page.jsp 
2022-04-19 12:06:19.670 DEBUG [org.apache.jasper.servlet.JspServlet@http-nio-8080-exec-2] QueryString: null 
2022-04-19 12:06:20.648 DEBUG [org.hibernate.SQL@http-nio-8080-exec-2] select useraccoun0_.id as id1_0_, useraccoun0_.version as version2_0_, useraccoun0_.enabled as enabled1_19_, useraccoun0_.identity as identity2_19_, useraccoun0_.password as password3_19_, useraccoun0_.username as username4_19_ from user_account useraccoun0_ where useraccoun0_.username=? 
2022-04-19 12:06:20.699 TRACE [org.hibernate.type.descriptor.sql.BasicBinder@http-nio-8080-exec-2] binding parameter [1] as [VARCHAR] - [anonymous] 
2022-04-19 12:06:20.805 DEBUG [org.hibernate.SQL@http-nio-8080-exec-2] select roles0_.user_account_id as user_acc1_20_0_, roles0_.id as id1_20_0_, roles0_.id as id1_0_1_, roles0_.version as version2_0_1_, roles0_.user_account_id as user_acc1_20_1_, roles0_.company as company1_8_1_, roles0_.sector as sector2_8_1_, roles0_.company as company1_14_1_, roles0_.sector as sector2_14_1_, roles0_.clazz_ as clazz_1_ from ( select id, version, user_account_id, company, sector, 12 as clazz_ from consumer union all select id, version, user_account_id, null as company, null as sector, 13 as clazz_ from inventor union all select id, version, user_account_id, null as company, null as sector, 14 as clazz_ from patron union all select id, version, user_account_id, company, sector, 15 as clazz_ from provider union all select id, version, user_account_id, null as company, null as sector, 17 as clazz_ from administrator union all select id, version, user_account_id, null as company, null as sector, 18 as clazz_ from anonymous union all select id, version, user_account_id, null as company, null as sector, 19 as clazz_ from any union all select id, version, user_account_id, null as company, null as sector, 20 as clazz_ from authenticated ) roles0_ where roles0_.user_account_id=? 
2022-04-19 12:06:20.806 TRACE [org.hibernate.type.descriptor.sql.BasicBinder@http-nio-8080-exec-2] binding parameter [1] as [INTEGER] - [1] 
2022-04-19 12:06:38.201 DEBUG [acme.framework.controllers.AbstractController@http-nio-8080-exec-10] DISPATCHING GET /acme-toolkits-22.1/any/chirp/list 
2022-04-19 12:06:38.201 DEBUG [acme.framework.controllers.AbstractController@http-nio-8080-exec-10] Command: list 
2022-04-19 12:06:38.201 DEBUG [acme.framework.controllers.AbstractController@http-nio-8080-exec-10] Model:   {} 
2022-04-19 12:06:38.202 DEBUG [acme.framework.controllers.AbstractController@http-nio-8080-exec-10] Locale:  en 
2022-04-19 12:06:38.220 DEBUG [org.hibernate.SQL@http-nio-8080-exec-10] select useraccoun0_.id as id1_0_, useraccoun0_.version as version2_0_, useraccoun0_.enabled as enabled1_19_, useraccoun0_.identity as identity2_19_, useraccoun0_.password as password3_19_, useraccoun0_.username as username4_19_ from user_account useraccoun0_ where useraccoun0_.username=? 
2022-04-19 12:06:38.221 TRACE [org.hibernate.type.descriptor.sql.BasicBinder@http-nio-8080-exec-10] binding parameter [1] as [VARCHAR] - [anonymous] 
2022-04-19 12:06:38.224 DEBUG [org.hibernate.SQL@http-nio-8080-exec-10] select roles0_.user_account_id as user_acc1_20_0_, roles0_.id as id1_20_0_, roles0_.id as id1_0_1_, roles0_.version as version2_0_1_, roles0_.user_account_id as user_acc1_20_1_, roles0_.company as company1_8_1_, roles0_.sector as sector2_8_1_, roles0_.company as company1_14_1_, roles0_.sector as sector2_14_1_, roles0_.clazz_ as clazz_1_ from ( select id, version, user_account_id, company, sector, 12 as clazz_ from consumer union all select id, version, user_account_id, null as company, null as sector, 13 as clazz_ from inventor union all select id, version, user_account_id, null as company, null as sector, 14 as clazz_ from patron union all select id, version, user_account_id, company, sector, 15 as clazz_ from provider union all select id, version, user_account_id, null as company, null as sector, 17 as clazz_ from administrator union all select id, version, user_account_id, null as company, null as sector, 18 as clazz_ from anonymous union all select id, version, user_account_id, null as company, null as sector, 19 as clazz_ from any union all select id, version, user_account_id, null as company, null as sector, 20 as clazz_ from authenticated ) roles0_ where roles0_.user_account_id=? 
2022-04-19 12:06:38.225 TRACE [org.hibernate.type.descriptor.sql.BasicBinder@http-nio-8080-exec-10] binding parameter [1] as [INTEGER] - [1] 
2022-04-19 12:06:38.280 DEBUG [org.hibernate.SQL@http-nio-8080-exec-10] select chirp0_.id as id1_0_, chirp0_.version as version2_0_, chirp0_.author as author1_7_, chirp0_.body as body2_7_, chirp0_.creation_moment as creation3_7_, chirp0_.email as email4_7_, chirp0_.title as title5_7_ from chirp chirp0_ where chirp0_.creation_moment>=? 
2022-04-19 12:06:38.281 TRACE [org.hibernate.type.descriptor.sql.BasicBinder@http-nio-8080-exec-10] binding parameter [1] as [TIMESTAMP] - [Sat Mar 19 12:06:38 CET 2022] 
2022-04-19 12:06:38.299 DEBUG [acme.framework.controllers.AbstractController@http-nio-8080-exec-10] SERVING GET /acme-toolkits-22.1/any/chirp/list 
2022-04-19 12:06:38.299 DEBUG [acme.framework.controllers.AbstractController@http-nio-8080-exec-10] Result: ModelAndView [view="any/chirp/list"; model={list$size=0, command=list, principal=acme.framework.entities.Principal@562170d5}] 
2022-04-19 12:06:38.303 DEBUG [acme.framework.components.tiles.DynamicTilesView@http-nio-8080-exec-10] View name 'any/chirp/list', model {list$size=0, command=list, principal=acme.framework.entities.Principal@562170d5, org.springframework.validation.BindingResult.principal=org.springframework.validation.BeanPropertyBindingResult: 0 errors} 
2022-04-19 12:06:38.304 DEBUG [org.apache.jasper.servlet.JspServlet@http-nio-8080-exec-10] JspEngine --> /WEB-INF/views/master/page.jsp 
2022-04-19 12:06:38.304 DEBUG [org.apache.jasper.servlet.JspServlet@http-nio-8080-exec-10] ServletPath: /WEB-INF/views/master/page.jsp 
2022-04-19 12:06:38.304 DEBUG [org.apache.jasper.servlet.JspServlet@http-nio-8080-exec-10] PathInfo: null 
2022-04-19 12:06:38.305 DEBUG [org.apache.jasper.servlet.JspServlet@http-nio-8080-exec-10] RealPath: /Users/tihealba/Desktop/Workspace-22.0/Projects/Acme-Toolkits/target/classes/WEB-INF/views/master/page.jsp 
2022-04-19 12:06:38.305 DEBUG [org.apache.jasper.servlet.JspServlet@http-nio-8080-exec-10] RequestURI: /acme-toolkits-22.1/WEB-INF/views/master/page.jsp 
2022-04-19 12:06:38.306 DEBUG [org.apache.jasper.servlet.JspServlet@http-nio-8080-exec-10] QueryString: null 
2022-04-19 12:06:38.455 DEBUG [org.apache.jasper.servlet.JspServlet@http-nio-8080-exec-10] JspEngine --> /WEB-INF/views/any/chirp/list.jsp 
2022-04-19 12:06:38.455 DEBUG [org.apache.jasper.servlet.JspServlet@http-nio-8080-exec-10] ServletPath: /WEB-INF/views/master/page.jsp 
2022-04-19 12:06:38.456 DEBUG [org.apache.jasper.servlet.JspServlet@http-nio-8080-exec-10] PathInfo: null 
2022-04-19 12:06:38.456 DEBUG [org.apache.jasper.servlet.JspServlet@http-nio-8080-exec-10] RealPath: /Users/tihealba/Desktop/Workspace-22.0/Projects/Acme-Toolkits/target/classes/WEB-INF/views/any/chirp/list.jsp 
2022-04-19 12:06:38.456 DEBUG [org.apache.jasper.servlet.JspServlet@http-nio-8080-exec-10] RequestURI: /acme-toolkits-22.1/WEB-INF/views/master/page.jsp 
2022-04-19 12:06:38.457 DEBUG [org.apache.jasper.servlet.JspServlet@http-nio-8080-exec-10] QueryString: null 
2022-04-19 12:06:39.489 DEBUG [org.hibernate.SQL@http-nio-8080-exec-10] select useraccoun0_.id as id1_0_, useraccoun0_.version as version2_0_, useraccoun0_.enabled as enabled1_19_, useraccoun0_.identity as identity2_19_, useraccoun0_.password as password3_19_, useraccoun0_.username as username4_19_ from user_account useraccoun0_ where useraccoun0_.username=? 
2022-04-19 12:06:39.490 TRACE [org.hibernate.type.descriptor.sql.BasicBinder@http-nio-8080-exec-10] binding parameter [1] as [VARCHAR] - [anonymous] 
2022-04-19 12:06:39.495 DEBUG [org.hibernate.SQL@http-nio-8080-exec-10] select roles0_.user_account_id as user_acc1_20_0_, roles0_.id as id1_20_0_, roles0_.id as id1_0_1_, roles0_.version as version2_0_1_, roles0_.user_account_id as user_acc1_20_1_, roles0_.company as company1_8_1_, roles0_.sector as sector2_8_1_, roles0_.company as company1_14_1_, roles0_.sector as sector2_14_1_, roles0_.clazz_ as clazz_1_ from ( select id, version, user_account_id, company, sector, 12 as clazz_ from consumer union all select id, version, user_account_id, null as company, null as sector, 13 as clazz_ from inventor union all select id, version, user_account_id, null as company, null as sector, 14 as clazz_ from patron union all select id, version, user_account_id, company, sector, 15 as clazz_ from provider union all select id, version, user_account_id, null as company, null as sector, 17 as clazz_ from administrator union all select id, version, user_account_id, null as company, null as sector, 18 as clazz_ from anonymous union all select id, version, user_account_id, null as company, null as sector, 19 as clazz_ from any union all select id, version, user_account_id, null as company, null as sector, 20 as clazz_ from authenticated ) roles0_ where roles0_.user_account_id=? 
2022-04-19 12:06:39.496 TRACE [org.hibernate.type.descriptor.sql.BasicBinder@http-nio-8080-exec-10] binding parameter [1] as [INTEGER] - [1] 
2022-04-19 12:06:47.150 DEBUG [acme.framework.components.tiles.DynamicTilesView@http-nio-8080-exec-3] View name 'master/sign-in', model {username=, password=, remember=false} 
2022-04-19 12:06:47.151 DEBUG [org.apache.jasper.servlet.JspServlet@http-nio-8080-exec-3] JspEngine --> /WEB-INF/views/master/page.jsp 
2022-04-19 12:06:47.152 DEBUG [org.apache.jasper.servlet.JspServlet@http-nio-8080-exec-3] ServletPath: /WEB-INF/views/master/page.jsp 
2022-04-19 12:06:47.152 DEBUG [org.apache.jasper.servlet.JspServlet@http-nio-8080-exec-3] PathInfo: null 
2022-04-19 12:06:47.153 DEBUG [org.apache.jasper.servlet.JspServlet@http-nio-8080-exec-3] RealPath: /Users/tihealba/Desktop/Workspace-22.0/Projects/Acme-Toolkits/target/classes/WEB-INF/views/master/page.jsp 
2022-04-19 12:06:47.155 DEBUG [org.apache.jasper.servlet.JspServlet@http-nio-8080-exec-3] RequestURI: /acme-toolkits-22.1/WEB-INF/views/master/page.jsp 
2022-04-19 12:06:47.155 DEBUG [org.apache.jasper.servlet.JspServlet@http-nio-8080-exec-3] QueryString: null 
2022-04-19 12:06:47.256 DEBUG [org.apache.jasper.servlet.JspServlet@http-nio-8080-exec-3] JspEngine --> /WEB-INF/views/master/sign-in.jsp 
2022-04-19 12:06:47.257 DEBUG [org.apache.jasper.servlet.JspServlet@http-nio-8080-exec-3] ServletPath: /WEB-INF/views/master/page.jsp 
2022-04-19 12:06:47.258 DEBUG [org.apache.jasper.servlet.JspServlet@http-nio-8080-exec-3] PathInfo: null 
2022-04-19 12:06:47.259 DEBUG [org.apache.jasper.servlet.JspServlet@http-nio-8080-exec-3] RealPath: /Users/tihealba/Desktop/Workspace-22.0/Projects/Acme-Toolkits/target/classes/WEB-INF/views/master/sign-in.jsp 
2022-04-19 12:06:47.260 DEBUG [org.apache.jasper.servlet.JspServlet@http-nio-8080-exec-3] RequestURI: /acme-toolkits-22.1/WEB-INF/views/master/page.jsp 
2022-04-19 12:06:47.260 DEBUG [org.apache.jasper.servlet.JspServlet@http-nio-8080-exec-3] QueryString: null 
2022-04-19 12:06:49.105 DEBUG [org.hibernate.SQL@http-nio-8080-exec-3] select useraccoun0_.id as id1_0_, useraccoun0_.version as version2_0_, useraccoun0_.enabled as enabled1_19_, useraccoun0_.identity as identity2_19_, useraccoun0_.password as password3_19_, useraccoun0_.username as username4_19_ from user_account useraccoun0_ where useraccoun0_.username=? 
2022-04-19 12:06:49.108 TRACE [org.hibernate.type.descriptor.sql.BasicBinder@http-nio-8080-exec-3] binding parameter [1] as [VARCHAR] - [anonymous] 
2022-04-19 12:06:49.124 DEBUG [org.hibernate.SQL@http-nio-8080-exec-3] select roles0_.user_account_id as user_acc1_20_0_, roles0_.id as id1_20_0_, roles0_.id as id1_0_1_, roles0_.version as version2_0_1_, roles0_.user_account_id as user_acc1_20_1_, roles0_.company as company1_8_1_, roles0_.sector as sector2_8_1_, roles0_.company as company1_14_1_, roles0_.sector as sector2_14_1_, roles0_.clazz_ as clazz_1_ from ( select id, version, user_account_id, company, sector, 12 as clazz_ from consumer union all select id, version, user_account_id, null as company, null as sector, 13 as clazz_ from inventor union all select id, version, user_account_id, null as company, null as sector, 14 as clazz_ from patron union all select id, version, user_account_id, company, sector, 15 as clazz_ from provider union all select id, version, user_account_id, null as company, null as sector, 17 as clazz_ from administrator union all select id, version, user_account_id, null as company, null as sector, 18 as clazz_ from anonymous union all select id, version, user_account_id, null as company, null as sector, 19 as clazz_ from any union all select id, version, user_account_id, null as company, null as sector, 20 as clazz_ from authenticated ) roles0_ where roles0_.user_account_id=? 
2022-04-19 12:06:49.128 TRACE [org.hibernate.type.descriptor.sql.BasicBinder@http-nio-8080-exec-3] binding parameter [1] as [INTEGER] - [1] 
2022-04-19 12:06:51.431 DEBUG [org.hibernate.SQL@http-nio-8080-exec-1] select useraccoun0_.id as id1_0_, useraccoun0_.version as version2_0_, useraccoun0_.enabled as enabled1_19_, useraccoun0_.identity as identity2_19_, useraccoun0_.password as password3_19_, useraccoun0_.username as username4_19_ from user_account useraccoun0_ where useraccoun0_.username=? 
2022-04-19 12:06:51.433 TRACE [org.hibernate.type.descriptor.sql.BasicBinder@http-nio-8080-exec-1] binding parameter [1] as [VARCHAR] - [owner1] 
2022-04-19 12:06:51.454 DEBUG [acme.framework.configuration.ExtendedMessageSource@http-nio-8080-exec-1] Loading properties [/Users/tihealba/Desktop/Workspace-22.0/Projects/Acme-Toolkits/target/classes/WEB-INF/views/administrator/system-configuration/messages-en.i18n] with encoding 'utf-8' 
2022-04-19 12:06:51.455 DEBUG [acme.framework.configuration.ExtendedMessageSource@http-nio-8080-exec-1] Loading properties [/Users/tihealba/Desktop/Workspace-22.0/Projects/Acme-Toolkits/target/classes/WEB-INF/views/administrator/user-account/messages-en.i18n] with encoding 'utf-8' 
2022-04-19 12:06:51.457 DEBUG [acme.framework.configuration.ExtendedMessageSource@http-nio-8080-exec-1] Loading properties [/Users/tihealba/Desktop/Workspace-22.0/Projects/Acme-Toolkits/target/classes/WEB-INF/views/any/chirp/messsages-en.i18n] with encoding 'utf-8' 
2022-04-19 12:06:51.459 DEBUG [acme.framework.configuration.ExtendedMessageSource@http-nio-8080-exec-1] Loading properties [/Users/tihealba/Desktop/Workspace-22.0/Projects/Acme-Toolkits/target/classes/WEB-INF/views/any/item/messsages-en.i18n] with encoding 'utf-8' 
2022-04-19 12:06:51.461 DEBUG [acme.framework.configuration.ExtendedMessageSource@http-nio-8080-exec-1] Loading properties [/Users/tihealba/Desktop/Workspace-22.0/Projects/Acme-Toolkits/target/classes/WEB-INF/views/authenticated/announcement/messages-en.i18n] with encoding 'utf-8' 
2022-04-19 12:06:51.463 DEBUG [acme.framework.configuration.ExtendedMessageSource@http-nio-8080-exec-1] Loading properties [/Users/tihealba/Desktop/Workspace-22.0/Projects/Acme-Toolkits/target/classes/WEB-INF/views/authenticated/consumer/messsages-en.i18n] with encoding 'utf-8' 
2022-04-19 12:06:51.464 DEBUG [acme.framework.configuration.ExtendedMessageSource@http-nio-8080-exec-1] Loading properties [/Users/tihealba/Desktop/Workspace-22.0/Projects/Acme-Toolkits/target/classes/WEB-INF/views/authenticated/provider/messsages-en.i18n] with encoding 'utf-8' 
2022-04-19 12:06:51.465 DEBUG [acme.framework.configuration.ExtendedMessageSource@http-nio-8080-exec-1] Loading properties [/Users/tihealba/Desktop/Workspace-22.0/Projects/Acme-Toolkits/target/classes/WEB-INF/views/authenticated/system-configuration/messsages-en.i18n] with encoding 'utf-8' 
2022-04-19 12:06:51.467 DEBUG [acme.framework.configuration.ExtendedMessageSource@http-nio-8080-exec-1] Loading properties [/Users/tihealba/Desktop/Workspace-22.0/Projects/Acme-Toolkits/target/classes/WEB-INF/views/fragments/banner-en.i18n] with encoding 'utf-8' 
2022-04-19 12:06:51.469 DEBUG [acme.framework.configuration.ExtendedMessageSource@http-nio-8080-exec-1] Loading properties [/Users/tihealba/Desktop/Workspace-22.0/Projects/Acme-Toolkits/target/classes/WEB-INF/views/fragments/company-en.i18n] with encoding 'utf-8' 
2022-04-19 12:06:51.470 DEBUG [acme.framework.configuration.ExtendedMessageSource@http-nio-8080-exec-1] Loading properties [/Users/tihealba/Desktop/Workspace-22.0/Projects/Acme-Toolkits/target/classes/WEB-INF/views/fragments/footer-en.i18n] with encoding 'utf-8' 
2022-04-19 12:06:51.471 DEBUG [acme.framework.configuration.ExtendedMessageSource@http-nio-8080-exec-1] Loading properties [/Users/tihealba/Desktop/Workspace-22.0/Projects/Acme-Toolkits/target/classes/WEB-INF/views/fragments/license-en.i18n] with encoding 'utf-8' 
2022-04-19 12:06:51.471 DEBUG [acme.framework.configuration.ExtendedMessageSource@http-nio-8080-exec-1] Loading properties [/Users/tihealba/Desktop/Workspace-22.0/Projects/Acme-Toolkits/target/classes/WEB-INF/views/fragments/menu-en.i18n] with encoding 'utf-8' 
2022-04-19 12:06:51.473 DEBUG [acme.framework.configuration.ExtendedMessageSource@http-nio-8080-exec-1] Loading properties [/Users/tihealba/Desktop/Workspace-22.0/Projects/Acme-Toolkits/target/classes/WEB-INF/views/fragments/messsages-en.i18n] with encoding 'utf-8' 
2022-04-19 12:06:51.474 DEBUG [acme.framework.configuration.ExtendedMessageSource@http-nio-8080-exec-1] Loading properties [/Users/tihealba/Desktop/Workspace-22.0/Projects/Acme-Toolkits/target/classes/WEB-INF/views/fragments/title-en.i18n] with encoding 'utf-8' 
2022-04-19 12:06:51.476 DEBUG [acme.framework.configuration.ExtendedMessageSource@http-nio-8080-exec-1] Loading properties [/Users/tihealba/Desktop/Workspace-22.0/Projects/Acme-Toolkits/target/classes/WEB-INF/views/fragments/welcome-en.i18n] with encoding 'utf-8' 
2022-04-19 12:06:51.478 DEBUG [acme.framework.configuration.ExtendedMessageSource@http-nio-8080-exec-1] Loading properties [/Users/tihealba/Desktop/Workspace-22.0/Projects/Acme-Toolkits/target/classes/WEB-INF/views/master/defaults-en.i18n] with encoding 'utf-8' 
2022-04-19 12:06:51.480 DEBUG [acme.framework.configuration.ExtendedMessageSource@http-nio-8080-exec-1] Loading properties [/Users/tihealba/Desktop/Workspace-22.0/Projects/Acme-Toolkits/target/classes/WEB-INF/views/master/master-en.i18n] with encoding 'utf-8' 
2022-04-19 12:06:51.482 DEBUG [acme.framework.configuration.ExtendedMessageSource@http-nio-8080-exec-1] Loading properties [/Users/tihealba/Desktop/Workspace-22.0/Projects/Acme-Toolkits/target/classes/WEB-INF/views/master/throwables-en.i18n] with encoding 'utf-8' 
2022-04-19 12:06:51.484 DEBUG [acme.framework.configuration.ExtendedMessageSource@http-nio-8080-exec-1] Loading properties [/Users/tihealba/Desktop/Workspace-22.0/Projects/Acme-Toolkits/target/classes/WEB-INF/views/master/validation-en.i18n] with encoding 'utf-8' 
2022-04-19 12:06:51.487 DEBUG [acme.framework.configuration.ExtendedMessageSource@http-nio-8080-exec-1] Loading properties [/Users/tihealba/Desktop/Workspace-22.0/Projects/Acme-Toolkits/target/classes/WEB-INF/views/patron/patron-dashboard/messsages-en.i18n] with encoding 'utf-8' 
2022-04-19 12:06:51.498 DEBUG [acme.framework.configuration.ExtendedMessageSource@http-nio-8080-exec-1] Loading properties [/Users/tihealba/Desktop/Workspace-22.0/Projects/Acme-Toolkits/target/classes/WEB-INF/views/administrator/system-configuration/messages-es.i18n] with encoding 'utf-8' 
2022-04-19 12:06:51.499 DEBUG [acme.framework.configuration.ExtendedMessageSource@http-nio-8080-exec-1] Loading properties [/Users/tihealba/Desktop/Workspace-22.0/Projects/Acme-Toolkits/target/classes/WEB-INF/views/administrator/user-account/messages-es.i18n] with encoding 'utf-8' 
2022-04-19 12:06:51.501 DEBUG [acme.framework.configuration.ExtendedMessageSource@http-nio-8080-exec-1] Loading properties [/Users/tihealba/Desktop/Workspace-22.0/Projects/Acme-Toolkits/target/classes/WEB-INF/views/any/chirp/messsages-es.i18n] with encoding 'utf-8' 
2022-04-19 12:06:51.503 DEBUG [acme.framework.configuration.ExtendedMessageSource@http-nio-8080-exec-1] Loading properties [/Users/tihealba/Desktop/Workspace-22.0/Projects/Acme-Toolkits/target/classes/WEB-INF/views/any/item/messsages-es.i18n] with encoding 'utf-8' 
2022-04-19 12:06:51.505 DEBUG [acme.framework.configuration.ExtendedMessageSource@http-nio-8080-exec-1] Loading properties [/Users/tihealba/Desktop/Workspace-22.0/Projects/Acme-Toolkits/target/classes/WEB-INF/views/authenticated/announcement/messages-es.i18n] with encoding 'utf-8' 
2022-04-19 12:06:51.507 DEBUG [acme.framework.configuration.ExtendedMessageSource@http-nio-8080-exec-1] Loading properties [/Users/tihealba/Desktop/Workspace-22.0/Projects/Acme-Toolkits/target/classes/WEB-INF/views/authenticated/consumer/messsages-es.i18n] with encoding 'utf-8' 
2022-04-19 12:06:51.509 DEBUG [acme.framework.configuration.ExtendedMessageSource@http-nio-8080-exec-1] Loading properties [/Users/tihealba/Desktop/Workspace-22.0/Projects/Acme-Toolkits/target/classes/WEB-INF/views/authenticated/provider/messsages-es.i18n] with encoding 'utf-8' 
2022-04-19 12:06:51.511 DEBUG [acme.framework.configuration.ExtendedMessageSource@http-nio-8080-exec-1] Loading properties [/Users/tihealba/Desktop/Workspace-22.0/Projects/Acme-Toolkits/target/classes/WEB-INF/views/authenticated/system-configuration/messsages-es.i18n] with encoding 'utf-8' 
2022-04-19 12:06:51.513 DEBUG [acme.framework.configuration.ExtendedMessageSource@http-nio-8080-exec-1] Loading properties [/Users/tihealba/Desktop/Workspace-22.0/Projects/Acme-Toolkits/target/classes/WEB-INF/views/fragments/banner-es.i18n] with encoding 'utf-8' 
2022-04-19 12:06:51.515 DEBUG [acme.framework.configuration.ExtendedMessageSource@http-nio-8080-exec-1] Loading properties [/Users/tihealba/Desktop/Workspace-22.0/Projects/Acme-Toolkits/target/classes/WEB-INF/views/fragments/company-es.i18n] with encoding 'utf-8' 
2022-04-19 12:06:51.516 DEBUG [acme.framework.configuration.ExtendedMessageSource@http-nio-8080-exec-1] Loading properties [/Users/tihealba/Desktop/Workspace-22.0/Projects/Acme-Toolkits/target/classes/WEB-INF/views/fragments/footer-es.i18n] with encoding 'utf-8' 
2022-04-19 12:06:51.517 DEBUG [acme.framework.configuration.ExtendedMessageSource@http-nio-8080-exec-1] Loading properties [/Users/tihealba/Desktop/Workspace-22.0/Projects/Acme-Toolkits/target/classes/WEB-INF/views/fragments/license-es.i18n] with encoding 'utf-8' 
2022-04-19 12:06:51.519 DEBUG [acme.framework.configuration.ExtendedMessageSource@http-nio-8080-exec-1] Loading properties [/Users/tihealba/Desktop/Workspace-22.0/Projects/Acme-Toolkits/target/classes/WEB-INF/views/fragments/menu-es.i18n] with encoding 'utf-8' 
2022-04-19 12:06:51.520 DEBUG [acme.framework.configuration.ExtendedMessageSource@http-nio-8080-exec-1] Loading properties [/Users/tihealba/Desktop/Workspace-22.0/Projects/Acme-Toolkits/target/classes/WEB-INF/views/fragments/messsages-es.i18n] with encoding 'utf-8' 
2022-04-19 12:06:51.522 DEBUG [acme.framework.configuration.ExtendedMessageSource@http-nio-8080-exec-1] Loading properties [/Users/tihealba/Desktop/Workspace-22.0/Projects/Acme-Toolkits/target/classes/WEB-INF/views/fragments/title-es.i18n] with encoding 'utf-8' 
2022-04-19 12:06:51.523 DEBUG [acme.framework.configuration.ExtendedMessageSource@http-nio-8080-exec-1] Loading properties [/Users/tihealba/Desktop/Workspace-22.0/Projects/Acme-Toolkits/target/classes/WEB-INF/views/fragments/welcome-es.i18n] with encoding 'utf-8' 
2022-04-19 12:06:51.527 DEBUG [acme.framework.configuration.ExtendedMessageSource@http-nio-8080-exec-1] Loading properties [/Users/tihealba/Desktop/Workspace-22.0/Projects/Acme-Toolkits/target/classes/WEB-INF/views/master/defaults-es.i18n] with encoding 'utf-8' 
2022-04-19 12:06:51.528 DEBUG [acme.framework.configuration.ExtendedMessageSource@http-nio-8080-exec-1] Loading properties [/Users/tihealba/Desktop/Workspace-22.0/Projects/Acme-Toolkits/target/classes/WEB-INF/views/master/master-es.i18n] with encoding 'utf-8' 
2022-04-19 12:06:51.530 DEBUG [acme.framework.configuration.ExtendedMessageSource@http-nio-8080-exec-1] Loading properties [/Users/tihealba/Desktop/Workspace-22.0/Projects/Acme-Toolkits/target/classes/WEB-INF/views/master/throwables-es.i18n] with encoding 'utf-8' 
2022-04-19 12:06:51.532 DEBUG [acme.framework.configuration.ExtendedMessageSource@http-nio-8080-exec-1] Loading properties [/Users/tihealba/Desktop/Workspace-22.0/Projects/Acme-Toolkits/target/classes/WEB-INF/views/master/validation-es.i18n] with encoding 'utf-8' 
2022-04-19 12:06:51.535 DEBUG [acme.framework.configuration.ExtendedMessageSource@http-nio-8080-exec-1] Loading properties [/Users/tihealba/Desktop/Workspace-22.0/Projects/Acme-Toolkits/target/classes/WEB-INF/views/patron/patron-dashboard/messsages-es.i18n] with encoding 'utf-8' 
2022-04-19 12:06:51.564 DEBUG [acme.framework.components.tiles.DynamicTilesView@http-nio-8080-exec-4] View name 'master/sign-in', model {username=, password=, remember=false} 
2022-04-19 12:06:51.565 DEBUG [org.apache.jasper.servlet.JspServlet@http-nio-8080-exec-4] JspEngine --> /WEB-INF/views/master/page.jsp 
2022-04-19 12:06:51.565 DEBUG [org.apache.jasper.servlet.JspServlet@http-nio-8080-exec-4] ServletPath: /WEB-INF/views/master/page.jsp 
2022-04-19 12:06:51.566 DEBUG [org.apache.jasper.servlet.JspServlet@http-nio-8080-exec-4] PathInfo: null 
2022-04-19 12:06:51.567 DEBUG [org.apache.jasper.servlet.JspServlet@http-nio-8080-exec-4] RealPath: /Users/tihealba/Desktop/Workspace-22.0/Projects/Acme-Toolkits/target/classes/WEB-INF/views/master/page.jsp 
2022-04-19 12:06:51.567 DEBUG [org.apache.jasper.servlet.JspServlet@http-nio-8080-exec-4] RequestURI: /acme-toolkits-22.1/WEB-INF/views/master/page.jsp 
2022-04-19 12:06:51.567 DEBUG [org.apache.jasper.servlet.JspServlet@http-nio-8080-exec-4] QueryString: error 
2022-04-19 12:06:51.670 DEBUG [org.apache.jasper.servlet.JspServlet@http-nio-8080-exec-4] JspEngine --> /WEB-INF/views/master/sign-in.jsp 
2022-04-19 12:06:51.670 DEBUG [org.apache.jasper.servlet.JspServlet@http-nio-8080-exec-4] ServletPath: /WEB-INF/views/master/page.jsp 
2022-04-19 12:06:51.671 DEBUG [org.apache.jasper.servlet.JspServlet@http-nio-8080-exec-4] PathInfo: null 
2022-04-19 12:06:51.671 DEBUG [org.apache.jasper.servlet.JspServlet@http-nio-8080-exec-4] RealPath: /Users/tihealba/Desktop/Workspace-22.0/Projects/Acme-Toolkits/target/classes/WEB-INF/views/master/sign-in.jsp 
2022-04-19 12:06:51.671 DEBUG [org.apache.jasper.servlet.JspServlet@http-nio-8080-exec-4] RequestURI: /acme-toolkits-22.1/WEB-INF/views/master/page.jsp 
2022-04-19 12:06:51.672 DEBUG [org.apache.jasper.servlet.JspServlet@http-nio-8080-exec-4] QueryString: error 
2022-04-19 12:06:51.767 DEBUG [org.hibernate.SQL@http-nio-8080-exec-4] select useraccoun0_.id as id1_0_, useraccoun0_.version as version2_0_, useraccoun0_.enabled as enabled1_19_, useraccoun0_.identity as identity2_19_, useraccoun0_.password as password3_19_, useraccoun0_.username as username4_19_ from user_account useraccoun0_ where useraccoun0_.username=? 
2022-04-19 12:06:51.767 TRACE [org.hibernate.type.descriptor.sql.BasicBinder@http-nio-8080-exec-4] binding parameter [1] as [VARCHAR] - [anonymous] 
2022-04-19 12:06:51.769 DEBUG [org.hibernate.SQL@http-nio-8080-exec-4] select roles0_.user_account_id as user_acc1_20_0_, roles0_.id as id1_20_0_, roles0_.id as id1_0_1_, roles0_.version as version2_0_1_, roles0_.user_account_id as user_acc1_20_1_, roles0_.company as company1_8_1_, roles0_.sector as sector2_8_1_, roles0_.company as company1_14_1_, roles0_.sector as sector2_14_1_, roles0_.clazz_ as clazz_1_ from ( select id, version, user_account_id, company, sector, 12 as clazz_ from consumer union all select id, version, user_account_id, null as company, null as sector, 13 as clazz_ from inventor union all select id, version, user_account_id, null as company, null as sector, 14 as clazz_ from patron union all select id, version, user_account_id, company, sector, 15 as clazz_ from provider union all select id, version, user_account_id, null as company, null as sector, 17 as clazz_ from administrator union all select id, version, user_account_id, null as company, null as sector, 18 as clazz_ from anonymous union all select id, version, user_account_id, null as company, null as sector, 19 as clazz_ from any union all select id, version, user_account_id, null as company, null as sector, 20 as clazz_ from authenticated ) roles0_ where roles0_.user_account_id=? 
2022-04-19 12:06:51.770 TRACE [org.hibernate.type.descriptor.sql.BasicBinder@http-nio-8080-exec-4] binding parameter [1] as [INTEGER] - [1] 
2022-04-19 12:06:54.901 DEBUG [org.hibernate.SQL@http-nio-8080-exec-1] select useraccoun0_.id as id1_0_, useraccoun0_.version as version2_0_, useraccoun0_.enabled as enabled1_19_, useraccoun0_.identity as identity2_19_, useraccoun0_.password as password3_19_, useraccoun0_.username as username4_19_ from user_account useraccoun0_ where useraccoun0_.username=? 
2022-04-19 12:06:54.903 TRACE [org.hibernate.type.descriptor.sql.BasicBinder@http-nio-8080-exec-1] binding parameter [1] as [VARCHAR] - [admin1] 
2022-04-19 12:06:54.945 DEBUG [acme.framework.components.tiles.DynamicTilesView@http-nio-8080-exec-4] View name 'master/sign-in', model {username=, password=, remember=false} 
2022-04-19 12:06:54.947 DEBUG [org.apache.jasper.servlet.JspServlet@http-nio-8080-exec-4] JspEngine --> /WEB-INF/views/master/page.jsp 
2022-04-19 12:06:54.947 DEBUG [org.apache.jasper.servlet.JspServlet@http-nio-8080-exec-4] ServletPath: /WEB-INF/views/master/page.jsp 
2022-04-19 12:06:54.948 DEBUG [org.apache.jasper.servlet.JspServlet@http-nio-8080-exec-4] PathInfo: null 
2022-04-19 12:06:54.949 DEBUG [org.apache.jasper.servlet.JspServlet@http-nio-8080-exec-4] RealPath: /Users/tihealba/Desktop/Workspace-22.0/Projects/Acme-Toolkits/target/classes/WEB-INF/views/master/page.jsp 
2022-04-19 12:06:54.957 DEBUG [org.apache.jasper.servlet.JspServlet@http-nio-8080-exec-4] RequestURI: /acme-toolkits-22.1/WEB-INF/views/master/page.jsp 
2022-04-19 12:06:54.957 DEBUG [org.apache.jasper.servlet.JspServlet@http-nio-8080-exec-4] QueryString: error 
2022-04-19 12:06:55.111 DEBUG [org.apache.jasper.servlet.JspServlet@http-nio-8080-exec-4] JspEngine --> /WEB-INF/views/master/sign-in.jsp 
2022-04-19 12:06:55.113 DEBUG [org.apache.jasper.servlet.JspServlet@http-nio-8080-exec-4] ServletPath: /WEB-INF/views/master/page.jsp 
2022-04-19 12:06:55.114 DEBUG [org.apache.jasper.servlet.JspServlet@http-nio-8080-exec-4] PathInfo: null 
2022-04-19 12:06:55.115 DEBUG [org.apache.jasper.servlet.JspServlet@http-nio-8080-exec-4] RealPath: /Users/tihealba/Desktop/Workspace-22.0/Projects/Acme-Toolkits/target/classes/WEB-INF/views/master/sign-in.jsp 
2022-04-19 12:06:55.116 DEBUG [org.apache.jasper.servlet.JspServlet@http-nio-8080-exec-4] RequestURI: /acme-toolkits-22.1/WEB-INF/views/master/page.jsp 
2022-04-19 12:06:55.116 DEBUG [org.apache.jasper.servlet.JspServlet@http-nio-8080-exec-4] QueryString: error 
2022-04-19 12:06:55.299 DEBUG [org.hibernate.SQL@http-nio-8080-exec-4] select useraccoun0_.id as id1_0_, useraccoun0_.version as version2_0_, useraccoun0_.enabled as enabled1_19_, useraccoun0_.identity as identity2_19_, useraccoun0_.password as password3_19_, useraccoun0_.username as username4_19_ from user_account useraccoun0_ where useraccoun0_.username=? 
2022-04-19 12:06:55.301 TRACE [org.hibernate.type.descriptor.sql.BasicBinder@http-nio-8080-exec-4] binding parameter [1] as [VARCHAR] - [anonymous] 
2022-04-19 12:06:55.303 DEBUG [org.hibernate.SQL@http-nio-8080-exec-4] select roles0_.user_account_id as user_acc1_20_0_, roles0_.id as id1_20_0_, roles0_.id as id1_0_1_, roles0_.version as version2_0_1_, roles0_.user_account_id as user_acc1_20_1_, roles0_.company as company1_8_1_, roles0_.sector as sector2_8_1_, roles0_.company as company1_14_1_, roles0_.sector as sector2_14_1_, roles0_.clazz_ as clazz_1_ from ( select id, version, user_account_id, company, sector, 12 as clazz_ from consumer union all select id, version, user_account_id, null as company, null as sector, 13 as clazz_ from inventor union all select id, version, user_account_id, null as company, null as sector, 14 as clazz_ from patron union all select id, version, user_account_id, company, sector, 15 as clazz_ from provider union all select id, version, user_account_id, null as company, null as sector, 17 as clazz_ from administrator union all select id, version, user_account_id, null as company, null as sector, 18 as clazz_ from anonymous union all select id, version, user_account_id, null as company, null as sector, 19 as clazz_ from any union all select id, version, user_account_id, null as company, null as sector, 20 as clazz_ from authenticated ) roles0_ where roles0_.user_account_id=? 
2022-04-19 12:06:55.304 TRACE [org.hibernate.type.descriptor.sql.BasicBinder@http-nio-8080-exec-4] binding parameter [1] as [INTEGER] - [1] 
2022-04-19 12:07:15.145 DEBUG [org.hibernate.SQL@http-nio-8080-exec-8] select useraccoun0_.id as id1_0_, useraccoun0_.version as version2_0_, useraccoun0_.enabled as enabled1_19_, useraccoun0_.identity as identity2_19_, useraccoun0_.password as password3_19_, useraccoun0_.username as username4_19_ from user_account useraccoun0_ where useraccoun0_.username=? 
2022-04-19 12:07:15.149 TRACE [org.hibernate.type.descriptor.sql.BasicBinder@http-nio-8080-exec-8] binding parameter [1] as [VARCHAR] - [admin1] 
2022-04-19 12:07:15.187 DEBUG [acme.framework.components.tiles.DynamicTilesView@http-nio-8080-exec-9] View name 'master/sign-in', model {username=, password=, remember=false} 
2022-04-19 12:07:15.188 DEBUG [org.apache.jasper.servlet.JspServlet@http-nio-8080-exec-9] JspEngine --> /WEB-INF/views/master/page.jsp 
2022-04-19 12:07:15.189 DEBUG [org.apache.jasper.servlet.JspServlet@http-nio-8080-exec-9] ServletPath: /WEB-INF/views/master/page.jsp 
2022-04-19 12:07:15.189 DEBUG [org.apache.jasper.servlet.JspServlet@http-nio-8080-exec-9] PathInfo: null 
2022-04-19 12:07:15.190 DEBUG [org.apache.jasper.servlet.JspServlet@http-nio-8080-exec-9] RealPath: /Users/tihealba/Desktop/Workspace-22.0/Projects/Acme-Toolkits/target/classes/WEB-INF/views/master/page.jsp 
2022-04-19 12:07:15.190 DEBUG [org.apache.jasper.servlet.JspServlet@http-nio-8080-exec-9] RequestURI: /acme-toolkits-22.1/WEB-INF/views/master/page.jsp 
2022-04-19 12:07:15.191 DEBUG [org.apache.jasper.servlet.JspServlet@http-nio-8080-exec-9] QueryString: error 
2022-04-19 12:07:15.258 DEBUG [org.apache.jasper.servlet.JspServlet@http-nio-8080-exec-9] JspEngine --> /WEB-INF/views/master/sign-in.jsp 
2022-04-19 12:07:15.259 DEBUG [org.apache.jasper.servlet.JspServlet@http-nio-8080-exec-9] ServletPath: /WEB-INF/views/master/page.jsp 
2022-04-19 12:07:15.259 DEBUG [org.apache.jasper.servlet.JspServlet@http-nio-8080-exec-9] PathInfo: null 
2022-04-19 12:07:15.261 DEBUG [org.apache.jasper.servlet.JspServlet@http-nio-8080-exec-9] RealPath: /Users/tihealba/Desktop/Workspace-22.0/Projects/Acme-Toolkits/target/classes/WEB-INF/views/master/sign-in.jsp 
2022-04-19 12:07:15.261 DEBUG [org.apache.jasper.servlet.JspServlet@http-nio-8080-exec-9] RequestURI: /acme-toolkits-22.1/WEB-INF/views/master/page.jsp 
2022-04-19 12:07:15.262 DEBUG [org.apache.jasper.servlet.JspServlet@http-nio-8080-exec-9] QueryString: error 
2022-04-19 12:07:15.341 DEBUG [org.hibernate.SQL@http-nio-8080-exec-9] select useraccoun0_.id as id1_0_, useraccoun0_.version as version2_0_, useraccoun0_.enabled as enabled1_19_, useraccoun0_.identity as identity2_19_, useraccoun0_.password as password3_19_, useraccoun0_.username as username4_19_ from user_account useraccoun0_ where useraccoun0_.username=? 
2022-04-19 12:07:15.342 TRACE [org.hibernate.type.descriptor.sql.BasicBinder@http-nio-8080-exec-9] binding parameter [1] as [VARCHAR] - [anonymous] 
2022-04-19 12:07:15.344 DEBUG [org.hibernate.SQL@http-nio-8080-exec-9] select roles0_.user_account_id as user_acc1_20_0_, roles0_.id as id1_20_0_, roles0_.id as id1_0_1_, roles0_.version as version2_0_1_, roles0_.user_account_id as user_acc1_20_1_, roles0_.company as company1_8_1_, roles0_.sector as sector2_8_1_, roles0_.company as company1_14_1_, roles0_.sector as sector2_14_1_, roles0_.clazz_ as clazz_1_ from ( select id, version, user_account_id, company, sector, 12 as clazz_ from consumer union all select id, version, user_account_id, null as company, null as sector, 13 as clazz_ from inventor union all select id, version, user_account_id, null as company, null as sector, 14 as clazz_ from patron union all select id, version, user_account_id, company, sector, 15 as clazz_ from provider union all select id, version, user_account_id, null as company, null as sector, 17 as clazz_ from administrator union all select id, version, user_account_id, null as company, null as sector, 18 as clazz_ from anonymous union all select id, version, user_account_id, null as company, null as sector, 19 as clazz_ from any union all select id, version, user_account_id, null as company, null as sector, 20 as clazz_ from authenticated ) roles0_ where roles0_.user_account_id=? 
2022-04-19 12:07:15.344 TRACE [org.hibernate.type.descriptor.sql.BasicBinder@http-nio-8080-exec-9] binding parameter [1] as [INTEGER] - [1] 
2022-04-19 12:07:45.105 DEBUG [org.hibernate.SQL@http-nio-8080-exec-3] select useraccoun0_.id as id1_0_, useraccoun0_.version as version2_0_, useraccoun0_.enabled as enabled1_19_, useraccoun0_.identity as identity2_19_, useraccoun0_.password as password3_19_, useraccoun0_.username as username4_19_ from user_account useraccoun0_ where useraccoun0_.username=? 
2022-04-19 12:07:45.107 TRACE [org.hibernate.type.descriptor.sql.BasicBinder@http-nio-8080-exec-3] binding parameter [1] as [VARCHAR] - [administrator] 
2022-04-19 12:07:45.109 DEBUG [org.hibernate.SQL@http-nio-8080-exec-3] select roles0_.user_account_id as user_acc1_20_0_, roles0_.id as id1_20_0_, roles0_.id as id1_0_1_, roles0_.version as version2_0_1_, roles0_.user_account_id as user_acc1_20_1_, roles0_.company as company1_8_1_, roles0_.sector as sector2_8_1_, roles0_.company as company1_14_1_, roles0_.sector as sector2_14_1_, roles0_.clazz_ as clazz_1_ from ( select id, version, user_account_id, company, sector, 12 as clazz_ from consumer union all select id, version, user_account_id, null as company, null as sector, 13 as clazz_ from inventor union all select id, version, user_account_id, null as company, null as sector, 14 as clazz_ from patron union all select id, version, user_account_id, company, sector, 15 as clazz_ from provider union all select id, version, user_account_id, null as company, null as sector, 17 as clazz_ from administrator union all select id, version, user_account_id, null as company, null as sector, 18 as clazz_ from anonymous union all select id, version, user_account_id, null as company, null as sector, 19 as clazz_ from any union all select id, version, user_account_id, null as company, null as sector, 20 as clazz_ from authenticated ) roles0_ where roles0_.user_account_id=? 
2022-04-19 12:07:45.110 TRACE [org.hibernate.type.descriptor.sql.BasicBinder@http-nio-8080-exec-3] binding parameter [1] as [INTEGER] - [6] 
2022-04-19 12:07:45.188 DEBUG [acme.framework.components.tiles.DynamicTilesView@http-nio-8080-exec-9] View name 'fragments/welcome', model {} 
2022-04-19 12:07:45.189 DEBUG [org.apache.jasper.servlet.JspServlet@http-nio-8080-exec-9] JspEngine --> /WEB-INF/views/master/page.jsp 
2022-04-19 12:07:45.189 DEBUG [org.apache.jasper.servlet.JspServlet@http-nio-8080-exec-9] ServletPath: /WEB-INF/views/master/page.jsp 
2022-04-19 12:07:45.190 DEBUG [org.apache.jasper.servlet.JspServlet@http-nio-8080-exec-9] PathInfo: null 
2022-04-19 12:07:45.191 DEBUG [org.apache.jasper.servlet.JspServlet@http-nio-8080-exec-9] RealPath: /Users/tihealba/Desktop/Workspace-22.0/Projects/Acme-Toolkits/target/classes/WEB-INF/views/master/page.jsp 
2022-04-19 12:07:45.192 DEBUG [org.apache.jasper.servlet.JspServlet@http-nio-8080-exec-9] RequestURI: /acme-toolkits-22.1/WEB-INF/views/master/page.jsp 
2022-04-19 12:07:45.192 DEBUG [org.apache.jasper.servlet.JspServlet@http-nio-8080-exec-9] QueryString: null 
2022-04-19 12:07:45.330 DEBUG [org.apache.jasper.servlet.JspServlet@http-nio-8080-exec-9] JspEngine --> /WEB-INF/views/fragments/welcome.jsp 
2022-04-19 12:07:45.331 DEBUG [org.apache.jasper.servlet.JspServlet@http-nio-8080-exec-9] ServletPath: /WEB-INF/views/master/page.jsp 
2022-04-19 12:07:45.331 DEBUG [org.apache.jasper.servlet.JspServlet@http-nio-8080-exec-9] PathInfo: null 
2022-04-19 12:07:45.332 DEBUG [org.apache.jasper.servlet.JspServlet@http-nio-8080-exec-9] RealPath: /Users/tihealba/Desktop/Workspace-22.0/Projects/Acme-Toolkits/target/classes/WEB-INF/views/fragments/welcome.jsp 
2022-04-19 12:07:45.332 DEBUG [org.apache.jasper.servlet.JspServlet@http-nio-8080-exec-9] RequestURI: /acme-toolkits-22.1/WEB-INF/views/master/page.jsp 
2022-04-19 12:07:45.333 DEBUG [org.apache.jasper.servlet.JspServlet@http-nio-8080-exec-9] QueryString: null 
2022-04-19 12:09:08.392 INFO  [acme.framework.configuration.ShutdownConfiguration@SpringContextShutdownHook] The system is shutting down... 
