2022-04-21 16:20:18.618 INFO  [acme.Launcher@main] Starting Launcher using Java 1.8.0_281 on DESKTOP-O03IHDF with PID 9916 (D:\UNIVERSIDAD\CURSO21-22\CUARTO\DP2\Workspace-22.0\Frameworks\Acme-Framework-22.3\target\classes started by carlo in D:\UNIVERSIDAD\CURSO21-22\CUARTO\DP2\Workspace-22.0\Projects\Acme-Toolkits) 
2022-04-21 16:20:18.619 DEBUG [acme.Launcher@main] Running with Spring Boot v2.4.2, Spring v5.3.3 
2022-04-21 16:20:18.620 INFO  [acme.Launcher@main] The following profiles are active: development,default 
2022-04-21 16:20:20.495 DEBUG [org.apache.jasper.servlet.JasperInitializer@main] Initializing Jasper for context [application] 
2022-04-21 16:20:24.337 DEBUG [org.apache.jasper.servlet.JspServlet@main] Scratch dir for the JSP engine is: [C:\Users\carlo\AppData\Local\Temp\tomcat.8080.797103670373553377\work\Tomcat\localhost\acme-toolkits-22.1] 
2022-04-21 16:20:24.338 DEBUG [org.apache.jasper.servlet.JspServlet@main] IMPORTANT: Do not modify the generated servlets 
2022-04-21 16:20:24.345 INFO  [acme.Launcher@main] Started Launcher in 6.161 seconds (JVM running for 6.61) 
2022-04-21 16:20:24.349 DEBUG [acme.Launcher@main] Found classpath entry '/D:/UNIVERSIDAD/CURSO21-22/CUARTO/DP2/Workspace-22.0/Projects/Acme-Toolkits/target/classes/' 
2022-04-21 16:20:24.350 DEBUG [acme.Launcher@main] Found classpath entry '/D:/UNIVERSIDAD/CURSO21-22/CUARTO/DP2/Workspace-22.0/Projects/Acme-Toolkits/target/test-classes/' 
2022-04-21 16:20:24.350 DEBUG [acme.Launcher@main] Found classpath entry '/C:/Users/carlo/.m2/repository/org/springframework/boot/spring-boot-starter-tomcat/2.4.2/spring-boot-starter-tomcat-2.4.2.jar' 
2022-04-21 16:20:24.350 DEBUG [acme.Launcher@main] Found classpath entry '/C:/Users/carlo/.m2/repository/jakarta/annotation/jakarta.annotation-api/1.3.5/jakarta.annotation-api-1.3.5.jar' 
2022-04-21 16:20:24.350 DEBUG [acme.Launcher@main] Found classpath entry '/C:/Users/carlo/.m2/repository/org/apache/tomcat/embed/tomcat-embed-core/9.0.41/tomcat-embed-core-9.0.41.jar' 
2022-04-21 16:20:24.351 DEBUG [acme.Launcher@main] Found classpath entry '/C:/Users/carlo/.m2/repository/org/glassfish/jakarta.el/3.0.3/jakarta.el-3.0.3.jar' 
2022-04-21 16:20:24.351 DEBUG [acme.Launcher@main] Found classpath entry '/C:/Users/carlo/.m2/repository/org/apache/tomcat/embed/tomcat-embed-websocket/9.0.41/tomcat-embed-websocket-9.0.41.jar' 
2022-04-21 16:20:24.351 DEBUG [acme.Launcher@main] Found classpath entry '/C:/Users/carlo/.m2/repository/org/apache/tomcat/embed/tomcat-embed-jasper/9.0.41/tomcat-embed-jasper-9.0.41.jar' 
2022-04-21 16:20:24.351 DEBUG [acme.Launcher@main] Found classpath entry '/C:/Users/carlo/.m2/repository/org/apache/tomcat/embed/tomcat-embed-el/9.0.41/tomcat-embed-el-9.0.41.jar' 
2022-04-21 16:20:24.351 DEBUG [acme.Launcher@main] Found classpath entry '/C:/Users/carlo/.m2/repository/org/eclipse/jdt/ecj/3.18.0/ecj-3.18.0.jar' 
2022-04-21 16:20:24.351 DEBUG [acme.Launcher@main] Found classpath entry '/C:/Users/carlo/.m2/repository/javax/servlet/jstl/1.2/jstl-1.2.jar' 
2022-04-21 16:20:24.352 DEBUG [acme.Launcher@main] Found classpath entry '/C:/Users/carlo/.m2/repository/org/springframework/boot/spring-boot-starter-test/2.4.2/spring-boot-starter-test-2.4.2.jar' 
2022-04-21 16:20:24.352 DEBUG [acme.Launcher@main] Found classpath entry '/C:/Users/carlo/.m2/repository/org/springframework/boot/spring-boot-starter/2.4.2/spring-boot-starter-2.4.2.jar' 
2022-04-21 16:20:24.352 DEBUG [acme.Launcher@main] Found classpath entry '/C:/Users/carlo/.m2/repository/org/springframework/boot/spring-boot/2.4.2/spring-boot-2.4.2.jar' 
2022-04-21 16:20:24.352 DEBUG [acme.Launcher@main] Found classpath entry '/C:/Users/carlo/.m2/repository/org/springframework/boot/spring-boot-autoconfigure/2.4.2/spring-boot-autoconfigure-2.4.2.jar' 
2022-04-21 16:20:24.352 DEBUG [acme.Launcher@main] Found classpath entry '/C:/Users/carlo/.m2/repository/org/springframework/boot/spring-boot-starter-logging/2.4.2/spring-boot-starter-logging-2.4.2.jar' 
2022-04-21 16:20:24.352 DEBUG [acme.Launcher@main] Found classpath entry '/C:/Users/carlo/.m2/repository/ch/qos/logback/logback-classic/1.2.3/logback-classic-1.2.3.jar' 
2022-04-21 16:20:24.353 DEBUG [acme.Launcher@main] Found classpath entry '/C:/Users/carlo/.m2/repository/ch/qos/logback/logback-core/1.2.3/logback-core-1.2.3.jar' 
2022-04-21 16:20:24.353 DEBUG [acme.Launcher@main] Found classpath entry '/C:/Users/carlo/.m2/repository/org/apache/logging/log4j/log4j-to-slf4j/2.13.3/log4j-to-slf4j-2.13.3.jar' 
2022-04-21 16:20:24.353 DEBUG [acme.Launcher@main] Found classpath entry '/C:/Users/carlo/.m2/repository/org/apache/logging/log4j/log4j-api/2.13.3/log4j-api-2.13.3.jar' 
2022-04-21 16:20:24.353 DEBUG [acme.Launcher@main] Found classpath entry '/C:/Users/carlo/.m2/repository/org/slf4j/jul-to-slf4j/1.7.30/jul-to-slf4j-1.7.30.jar' 
2022-04-21 16:20:24.353 DEBUG [acme.Launcher@main] Found classpath entry '/C:/Users/carlo/.m2/repository/org/yaml/snakeyaml/1.27/snakeyaml-1.27.jar' 
2022-04-21 16:20:24.353 DEBUG [acme.Launcher@main] Found classpath entry '/C:/Users/carlo/.m2/repository/org/springframework/boot/spring-boot-test/2.4.2/spring-boot-test-2.4.2.jar' 
2022-04-21 16:20:24.353 DEBUG [acme.Launcher@main] Found classpath entry '/C:/Users/carlo/.m2/repository/org/springframework/boot/spring-boot-test-autoconfigure/2.4.2/spring-boot-test-autoconfigure-2.4.2.jar' 
2022-04-21 16:20:24.353 DEBUG [acme.Launcher@main] Found classpath entry '/C:/Users/carlo/.m2/repository/com/jayway/jsonpath/json-path/2.4.0/json-path-2.4.0.jar' 
2022-04-21 16:20:24.353 DEBUG [acme.Launcher@main] Found classpath entry '/C:/Users/carlo/.m2/repository/net/minidev/json-smart/2.3/json-smart-2.3.jar' 
2022-04-21 16:20:24.353 DEBUG [acme.Launcher@main] Found classpath entry '/C:/Users/carlo/.m2/repository/net/minidev/accessors-smart/1.2/accessors-smart-1.2.jar' 
2022-04-21 16:20:24.353 DEBUG [acme.Launcher@main] Found classpath entry '/C:/Users/carlo/.m2/repository/org/ow2/asm/asm/5.0.4/asm-5.0.4.jar' 
2022-04-21 16:20:24.354 DEBUG [acme.Launcher@main] Found classpath entry '/C:/Users/carlo/.m2/repository/jakarta/xml/bind/jakarta.xml.bind-api/2.3.3/jakarta.xml.bind-api-2.3.3.jar' 
2022-04-21 16:20:24.354 DEBUG [acme.Launcher@main] Found classpath entry '/C:/Users/carlo/.m2/repository/jakarta/activation/jakarta.activation-api/1.2.2/jakarta.activation-api-1.2.2.jar' 
2022-04-21 16:20:24.354 DEBUG [acme.Launcher@main] Found classpath entry '/C:/Users/carlo/.m2/repository/org/assertj/assertj-core/3.18.1/assertj-core-3.18.1.jar' 
2022-04-21 16:20:24.354 DEBUG [acme.Launcher@main] Found classpath entry '/C:/Users/carlo/.m2/repository/org/hamcrest/hamcrest/2.2/hamcrest-2.2.jar' 
2022-04-21 16:20:24.354 DEBUG [acme.Launcher@main] Found classpath entry '/C:/Users/carlo/.m2/repository/org/junit/jupiter/junit-jupiter/5.7.0/junit-jupiter-5.7.0.jar' 
2022-04-21 16:20:24.354 DEBUG [acme.Launcher@main] Found classpath entry '/C:/Users/carlo/.m2/repository/org/mockito/mockito-core/3.6.28/mockito-core-3.6.28.jar' 
2022-04-21 16:20:24.354 DEBUG [acme.Launcher@main] Found classpath entry '/C:/Users/carlo/.m2/repository/net/bytebuddy/byte-buddy-agent/1.10.19/byte-buddy-agent-1.10.19.jar' 
2022-04-21 16:20:24.355 DEBUG [acme.Launcher@main] Found classpath entry '/C:/Users/carlo/.m2/repository/org/objenesis/objenesis/3.1/objenesis-3.1.jar' 
2022-04-21 16:20:24.355 DEBUG [acme.Launcher@main] Found classpath entry '/C:/Users/carlo/.m2/repository/org/mockito/mockito-junit-jupiter/3.6.28/mockito-junit-jupiter-3.6.28.jar' 
2022-04-21 16:20:24.355 DEBUG [acme.Launcher@main] Found classpath entry '/C:/Users/carlo/.m2/repository/org/skyscreamer/jsonassert/1.5.0/jsonassert-1.5.0.jar' 
2022-04-21 16:20:24.355 DEBUG [acme.Launcher@main] Found classpath entry '/C:/Users/carlo/.m2/repository/com/vaadin/external/google/android-json/0.0.20131108.vaadin1/android-json-0.0.20131108.vaadin1.jar' 
2022-04-21 16:20:24.355 DEBUG [acme.Launcher@main] Found classpath entry '/C:/Users/carlo/.m2/repository/org/springframework/spring-core/5.3.3/spring-core-5.3.3.jar' 
2022-04-21 16:20:24.355 DEBUG [acme.Launcher@main] Found classpath entry '/C:/Users/carlo/.m2/repository/org/springframework/spring-jcl/5.3.3/spring-jcl-5.3.3.jar' 
2022-04-21 16:20:24.356 DEBUG [acme.Launcher@main] Found classpath entry '/C:/Users/carlo/.m2/repository/org/springframework/spring-test/5.3.3/spring-test-5.3.3.jar' 
2022-04-21 16:20:24.356 DEBUG [acme.Launcher@main] Found classpath entry '/C:/Users/carlo/.m2/repository/org/xmlunit/xmlunit-core/2.7.0/xmlunit-core-2.7.0.jar' 
2022-04-21 16:20:24.356 DEBUG [acme.Launcher@main] Found classpath entry '/C:/Users/carlo/.m2/repository/org/springframework/boot/spring-boot-starter-security/2.4.2/spring-boot-starter-security-2.4.2.jar' 
2022-04-21 16:20:24.356 DEBUG [acme.Launcher@main] Found classpath entry '/C:/Users/carlo/.m2/repository/org/springframework/spring-aop/5.3.3/spring-aop-5.3.3.jar' 
2022-04-21 16:20:24.356 DEBUG [acme.Launcher@main] Found classpath entry '/C:/Users/carlo/.m2/repository/org/springframework/security/spring-security-web/5.4.2/spring-security-web-5.4.2.jar' 
2022-04-21 16:20:24.356 DEBUG [acme.Launcher@main] Found classpath entry '/C:/Users/carlo/.m2/repository/org/springframework/security/spring-security-core/5.4.2/spring-security-core-5.4.2.jar' 
2022-04-21 16:20:24.357 DEBUG [acme.Launcher@main] Found classpath entry '/C:/Users/carlo/.m2/repository/org/springframework/spring-beans/5.3.3/spring-beans-5.3.3.jar' 
2022-04-21 16:20:24.357 DEBUG [acme.Launcher@main] Found classpath entry '/C:/Users/carlo/.m2/repository/org/springframework/spring-context/5.3.3/spring-context-5.3.3.jar' 
2022-04-21 16:20:24.357 DEBUG [acme.Launcher@main] Found classpath entry '/C:/Users/carlo/.m2/repository/org/springframework/spring-expression/5.3.3/spring-expression-5.3.3.jar' 
2022-04-21 16:20:24.357 DEBUG [acme.Launcher@main] Found classpath entry '/C:/Users/carlo/.m2/repository/org/springframework/spring-web/5.3.3/spring-web-5.3.3.jar' 
2022-04-21 16:20:24.357 DEBUG [acme.Launcher@main] Found classpath entry '/C:/Users/carlo/.m2/repository/org/springframework/security/spring-security-config/5.4.2/spring-security-config-5.4.2.jar' 
2022-04-21 16:20:24.357 DEBUG [acme.Launcher@main] Found classpath entry '/C:/Users/carlo/.m2/repository/org/springframework/security/spring-security-taglibs/5.4.2/spring-security-taglibs-5.4.2.jar' 
2022-04-21 16:20:24.357 DEBUG [acme.Launcher@main] Found classpath entry '/C:/Users/carlo/.m2/repository/org/springframework/security/spring-security-acl/5.4.2/spring-security-acl-5.4.2.jar' 
2022-04-21 16:20:24.357 DEBUG [acme.Launcher@main] Found classpath entry '/C:/Users/carlo/.m2/repository/org/springframework/spring-jdbc/5.3.3/spring-jdbc-5.3.3.jar' 
2022-04-21 16:20:24.358 DEBUG [acme.Launcher@main] Found classpath entry '/C:/Users/carlo/.m2/repository/org/springframework/spring-tx/5.3.3/spring-tx-5.3.3.jar' 
2022-04-21 16:20:24.358 DEBUG [acme.Launcher@main] Found classpath entry '/C:/Users/carlo/.m2/repository/org/springframework/boot/spring-boot-starter-web/2.4.2/spring-boot-starter-web-2.4.2.jar' 
2022-04-21 16:20:24.358 DEBUG [acme.Launcher@main] Found classpath entry '/C:/Users/carlo/.m2/repository/org/springframework/boot/spring-boot-starter-json/2.4.2/spring-boot-starter-json-2.4.2.jar' 
2022-04-21 16:20:24.358 DEBUG [acme.Launcher@main] Found classpath entry '/C:/Users/carlo/.m2/repository/com/fasterxml/jackson/core/jackson-databind/2.11.4/jackson-databind-2.11.4.jar' 
2022-04-21 16:20:24.358 DEBUG [acme.Launcher@main] Found classpath entry '/C:/Users/carlo/.m2/repository/com/fasterxml/jackson/core/jackson-annotations/2.11.4/jackson-annotations-2.11.4.jar' 
2022-04-21 16:20:24.358 DEBUG [acme.Launcher@main] Found classpath entry '/C:/Users/carlo/.m2/repository/com/fasterxml/jackson/core/jackson-core/2.11.4/jackson-core-2.11.4.jar' 
2022-04-21 16:20:24.359 DEBUG [acme.Launcher@main] Found classpath entry '/C:/Users/carlo/.m2/repository/com/fasterxml/jackson/datatype/jackson-datatype-jdk8/2.11.4/jackson-datatype-jdk8-2.11.4.jar' 
2022-04-21 16:20:24.359 DEBUG [acme.Launcher@main] Found classpath entry '/C:/Users/carlo/.m2/repository/com/fasterxml/jackson/datatype/jackson-datatype-jsr310/2.11.4/jackson-datatype-jsr310-2.11.4.jar' 
2022-04-21 16:20:24.359 DEBUG [acme.Launcher@main] Found classpath entry '/C:/Users/carlo/.m2/repository/com/fasterxml/jackson/module/jackson-module-parameter-names/2.11.4/jackson-module-parameter-names-2.11.4.jar' 
2022-04-21 16:20:24.359 DEBUG [acme.Launcher@main] Found classpath entry '/C:/Users/carlo/.m2/repository/org/springframework/spring-webmvc/5.3.3/spring-webmvc-5.3.3.jar' 
2022-04-21 16:20:24.359 DEBUG [acme.Launcher@main] Found classpath entry '/C:/Users/carlo/.m2/repository/org/apache/tiles/tiles-jsp/3.0.8/tiles-jsp-3.0.8.jar' 
2022-04-21 16:20:24.359 DEBUG [acme.Launcher@main] Found classpath entry '/C:/Users/carlo/.m2/repository/org/apache/tiles/tiles-servlet/3.0.8/tiles-servlet-3.0.8.jar' 
2022-04-21 16:20:24.359 DEBUG [acme.Launcher@main] Found classpath entry '/C:/Users/carlo/.m2/repository/org/apache/tiles/tiles-core/3.0.8/tiles-core-3.0.8.jar' 
2022-04-21 16:20:24.360 DEBUG [acme.Launcher@main] Found classpath entry '/C:/Users/carlo/.m2/repository/commons-digester/commons-digester/2.0/commons-digester-2.0.jar' 
2022-04-21 16:20:24.360 DEBUG [acme.Launcher@main] Found classpath entry '/C:/Users/carlo/.m2/repository/org/slf4j/jcl-over-slf4j/1.7.30/jcl-over-slf4j-1.7.30.jar' 
2022-04-21 16:20:24.360 DEBUG [acme.Launcher@main] Found classpath entry '/C:/Users/carlo/.m2/repository/org/apache/tiles/tiles-request-servlet/1.0.7/tiles-request-servlet-1.0.7.jar' 
2022-04-21 16:20:24.360 DEBUG [acme.Launcher@main] Found classpath entry '/C:/Users/carlo/.m2/repository/org/apache/tiles/tiles-template/3.0.8/tiles-template-3.0.8.jar' 
2022-04-21 16:20:24.360 DEBUG [acme.Launcher@main] Found classpath entry '/C:/Users/carlo/.m2/repository/org/apache/tiles/tiles-api/3.0.8/tiles-api-3.0.8.jar' 
2022-04-21 16:20:24.360 DEBUG [acme.Launcher@main] Found classpath entry '/C:/Users/carlo/.m2/repository/org/apache/tiles/tiles-autotag-core-runtime/1.2/tiles-autotag-core-runtime-1.2.jar' 
2022-04-21 16:20:24.360 DEBUG [acme.Launcher@main] Found classpath entry '/C:/Users/carlo/.m2/repository/org/slf4j/slf4j-api/1.7.30/slf4j-api-1.7.30.jar' 
2022-04-21 16:20:24.360 DEBUG [acme.Launcher@main] Found classpath entry '/C:/Users/carlo/.m2/repository/org/apache/tiles/tiles-request-jsp/1.0.7/tiles-request-jsp-1.0.7.jar' 
2022-04-21 16:20:24.361 DEBUG [acme.Launcher@main] Found classpath entry '/C:/Users/carlo/.m2/repository/org/apache/tiles/tiles-request-api/1.0.7/tiles-request-api-1.0.7.jar' 
2022-04-21 16:20:24.361 DEBUG [acme.Launcher@main] Found classpath entry '/C:/Users/carlo/.m2/repository/org/springframework/boot/spring-boot-starter-data-jpa/2.4.2/spring-boot-starter-data-jpa-2.4.2.jar' 
2022-04-21 16:20:24.361 DEBUG [acme.Launcher@main] Found classpath entry '/C:/Users/carlo/.m2/repository/org/springframework/boot/spring-boot-starter-aop/2.4.2/spring-boot-starter-aop-2.4.2.jar' 
2022-04-21 16:20:24.361 DEBUG [acme.Launcher@main] Found classpath entry '/C:/Users/carlo/.m2/repository/org/aspectj/aspectjweaver/1.9.6/aspectjweaver-1.9.6.jar' 
2022-04-21 16:20:24.361 DEBUG [acme.Launcher@main] Found classpath entry '/C:/Users/carlo/.m2/repository/org/springframework/boot/spring-boot-starter-jdbc/2.4.2/spring-boot-starter-jdbc-2.4.2.jar' 
2022-04-21 16:20:24.361 DEBUG [acme.Launcher@main] Found classpath entry '/C:/Users/carlo/.m2/repository/jakarta/transaction/jakarta.transaction-api/1.3.3/jakarta.transaction-api-1.3.3.jar' 
2022-04-21 16:20:24.361 DEBUG [acme.Launcher@main] Found classpath entry '/C:/Users/carlo/.m2/repository/jakarta/persistence/jakarta.persistence-api/2.2.3/jakarta.persistence-api-2.2.3.jar' 
2022-04-21 16:20:24.361 DEBUG [acme.Launcher@main] Found classpath entry '/C:/Users/carlo/.m2/repository/org/hibernate/hibernate-core/5.4.27.Final/hibernate-core-5.4.27.Final.jar' 
2022-04-21 16:20:24.362 DEBUG [acme.Launcher@main] Found classpath entry '/C:/Users/carlo/.m2/repository/org/jboss/logging/jboss-logging/3.4.1.Final/jboss-logging-3.4.1.Final.jar' 
2022-04-21 16:20:24.362 DEBUG [acme.Launcher@main] Found classpath entry '/C:/Users/carlo/.m2/repository/org/javassist/javassist/3.27.0-GA/javassist-3.27.0-GA.jar' 
2022-04-21 16:20:24.362 DEBUG [acme.Launcher@main] Found classpath entry '/C:/Users/carlo/.m2/repository/antlr/antlr/2.7.7/antlr-2.7.7.jar' 
2022-04-21 16:20:24.362 DEBUG [acme.Launcher@main] Found classpath entry '/C:/Users/carlo/.m2/repository/org/jboss/jandex/2.1.3.Final/jandex-2.1.3.Final.jar' 
2022-04-21 16:20:24.362 DEBUG [acme.Launcher@main] Found classpath entry '/C:/Users/carlo/.m2/repository/com/fasterxml/classmate/1.5.1/classmate-1.5.1.jar' 
2022-04-21 16:20:24.362 DEBUG [acme.Launcher@main] Found classpath entry '/C:/Users/carlo/.m2/repository/org/dom4j/dom4j/2.1.3/dom4j-2.1.3.jar' 
2022-04-21 16:20:24.362 DEBUG [acme.Launcher@main] Found classpath entry '/C:/Users/carlo/.m2/repository/org/hibernate/common/hibernate-commons-annotations/5.1.2.Final/hibernate-commons-annotations-5.1.2.Final.jar' 
2022-04-21 16:20:24.363 DEBUG [acme.Launcher@main] Found classpath entry '/C:/Users/carlo/.m2/repository/org/glassfish/jaxb/jaxb-runtime/2.3.3/jaxb-runtime-2.3.3.jar' 
2022-04-21 16:20:24.363 DEBUG [acme.Launcher@main] Found classpath entry '/C:/Users/carlo/.m2/repository/org/glassfish/jaxb/txw2/2.3.3/txw2-2.3.3.jar' 
2022-04-21 16:20:24.363 DEBUG [acme.Launcher@main] Found classpath entry '/C:/Users/carlo/.m2/repository/com/sun/istack/istack-commons-runtime/3.0.11/istack-commons-runtime-3.0.11.jar' 
2022-04-21 16:20:24.363 DEBUG [acme.Launcher@main] Found classpath entry '/C:/Users/carlo/.m2/repository/com/sun/activation/jakarta.activation/1.2.2/jakarta.activation-1.2.2.jar' 
2022-04-21 16:20:24.363 DEBUG [acme.Launcher@main] Found classpath entry '/C:/Users/carlo/.m2/repository/org/springframework/data/spring-data-jpa/2.4.3/spring-data-jpa-2.4.3.jar' 
2022-04-21 16:20:24.363 DEBUG [acme.Launcher@main] Found classpath entry '/C:/Users/carlo/.m2/repository/org/springframework/data/spring-data-commons/2.4.3/spring-data-commons-2.4.3.jar' 
2022-04-21 16:20:24.363 DEBUG [acme.Launcher@main] Found classpath entry '/C:/Users/carlo/.m2/repository/org/springframework/spring-orm/5.3.3/spring-orm-5.3.3.jar' 
2022-04-21 16:20:24.364 DEBUG [acme.Launcher@main] Found classpath entry '/C:/Users/carlo/.m2/repository/org/springframework/spring-aspects/5.3.3/spring-aspects-5.3.3.jar' 
2022-04-21 16:20:24.364 DEBUG [acme.Launcher@main] Found classpath entry '/C:/Users/carlo/.m2/repository/org/springframework/boot/spring-boot-starter-validation/2.4.2/spring-boot-starter-validation-2.4.2.jar' 
2022-04-21 16:20:24.364 DEBUG [acme.Launcher@main] Found classpath entry '/C:/Users/carlo/.m2/repository/org/hibernate/validator/hibernate-validator/6.1.7.Final/hibernate-validator-6.1.7.Final.jar' 
2022-04-21 16:20:24.364 DEBUG [acme.Launcher@main] Found classpath entry '/C:/Users/carlo/.m2/repository/jakarta/validation/jakarta.validation-api/2.0.2/jakarta.validation-api-2.0.2.jar' 
2022-04-21 16:20:24.364 DEBUG [acme.Launcher@main] Found classpath entry '/C:/Users/carlo/.m2/repository/mysql/mysql-connector-java/8.0.22/mysql-connector-java-8.0.22.jar' 
2022-04-21 16:20:24.364 DEBUG [acme.Launcher@main] Found classpath entry '/C:/Users/carlo/.m2/repository/com/zaxxer/HikariCP/3.4.5/HikariCP-3.4.5.jar' 
2022-04-21 16:20:24.364 DEBUG [acme.Launcher@main] Found classpath entry '/C:/Users/carlo/.m2/repository/org/junit/jupiter/junit-jupiter-engine/5.7.0/junit-jupiter-engine-5.7.0.jar' 
2022-04-21 16:20:24.364 DEBUG [acme.Launcher@main] Found classpath entry '/C:/Users/carlo/.m2/repository/org/apiguardian/apiguardian-api/1.1.0/apiguardian-api-1.1.0.jar' 
2022-04-21 16:20:24.364 DEBUG [acme.Launcher@main] Found classpath entry '/C:/Users/carlo/.m2/repository/org/junit/platform/junit-platform-engine/1.7.0/junit-platform-engine-1.7.0.jar' 
2022-04-21 16:20:24.365 DEBUG [acme.Launcher@main] Found classpath entry '/C:/Users/carlo/.m2/repository/org/junit/jupiter/junit-jupiter-api/5.7.0/junit-jupiter-api-5.7.0.jar' 
2022-04-21 16:20:24.365 DEBUG [acme.Launcher@main] Found classpath entry '/C:/Users/carlo/.m2/repository/org/opentest4j/opentest4j/1.2.0/opentest4j-1.2.0.jar' 
2022-04-21 16:20:24.365 DEBUG [acme.Launcher@main] Found classpath entry '/C:/Users/carlo/.m2/repository/org/junit/platform/junit-platform-commons/1.7.0/junit-platform-commons-1.7.0.jar' 
2022-04-21 16:20:24.365 DEBUG [acme.Launcher@main] Found classpath entry '/C:/Users/carlo/.m2/repository/org/junit/jupiter/junit-jupiter-params/5.7.0/junit-jupiter-params-5.7.0.jar' 
2022-04-21 16:20:24.365 DEBUG [acme.Launcher@main] Found classpath entry '/C:/Users/carlo/.m2/repository/org/junit/platform/junit-platform-launcher/1.7.0/junit-platform-launcher-1.7.0.jar' 
2022-04-21 16:20:24.365 DEBUG [acme.Launcher@main] Found classpath entry '/C:/Users/carlo/.m2/repository/org/seleniumhq/selenium/selenium-java/3.141.59/selenium-java-3.141.59.jar' 
2022-04-21 16:20:24.365 DEBUG [acme.Launcher@main] Found classpath entry '/C:/Users/carlo/.m2/repository/org/seleniumhq/selenium/selenium-api/3.141.59/selenium-api-3.141.59.jar' 
2022-04-21 16:20:24.365 DEBUG [acme.Launcher@main] Found classpath entry '/C:/Users/carlo/.m2/repository/org/seleniumhq/selenium/selenium-chrome-driver/3.141.59/selenium-chrome-driver-3.141.59.jar' 
2022-04-21 16:20:24.365 DEBUG [acme.Launcher@main] Found classpath entry '/C:/Users/carlo/.m2/repository/org/seleniumhq/selenium/selenium-edge-driver/3.141.59/selenium-edge-driver-3.141.59.jar' 
2022-04-21 16:20:24.365 DEBUG [acme.Launcher@main] Found classpath entry '/C:/Users/carlo/.m2/repository/org/seleniumhq/selenium/selenium-firefox-driver/3.141.59/selenium-firefox-driver-3.141.59.jar' 
2022-04-21 16:20:24.365 DEBUG [acme.Launcher@main] Found classpath entry '/C:/Users/carlo/.m2/repository/org/seleniumhq/selenium/selenium-ie-driver/3.141.59/selenium-ie-driver-3.141.59.jar' 
2022-04-21 16:20:24.365 DEBUG [acme.Launcher@main] Found classpath entry '/C:/Users/carlo/.m2/repository/org/seleniumhq/selenium/selenium-opera-driver/3.141.59/selenium-opera-driver-3.141.59.jar' 
2022-04-21 16:20:24.365 DEBUG [acme.Launcher@main] Found classpath entry '/C:/Users/carlo/.m2/repository/org/seleniumhq/selenium/selenium-remote-driver/3.141.59/selenium-remote-driver-3.141.59.jar' 
2022-04-21 16:20:24.366 DEBUG [acme.Launcher@main] Found classpath entry '/C:/Users/carlo/.m2/repository/org/seleniumhq/selenium/selenium-safari-driver/3.141.59/selenium-safari-driver-3.141.59.jar' 
2022-04-21 16:20:24.366 DEBUG [acme.Launcher@main] Found classpath entry '/C:/Users/carlo/.m2/repository/org/seleniumhq/selenium/selenium-support/3.141.59/selenium-support-3.141.59.jar' 
2022-04-21 16:20:24.366 DEBUG [acme.Launcher@main] Found classpath entry '/C:/Users/carlo/.m2/repository/net/bytebuddy/byte-buddy/1.10.19/byte-buddy-1.10.19.jar' 
2022-04-21 16:20:24.366 DEBUG [acme.Launcher@main] Found classpath entry '/C:/Users/carlo/.m2/repository/org/apache/commons/commons-exec/1.3/commons-exec-1.3.jar' 
2022-04-21 16:20:24.366 DEBUG [acme.Launcher@main] Found classpath entry '/C:/Users/carlo/.m2/repository/com/google/guava/guava/25.0-jre/guava-25.0-jre.jar' 
2022-04-21 16:20:24.366 DEBUG [acme.Launcher@main] Found classpath entry '/C:/Users/carlo/.m2/repository/com/google/code/findbugs/jsr305/1.3.9/jsr305-1.3.9.jar' 
2022-04-21 16:20:24.366 DEBUG [acme.Launcher@main] Found classpath entry '/C:/Users/carlo/.m2/repository/org/checkerframework/checker-compat-qual/2.0.0/checker-compat-qual-2.0.0.jar' 
2022-04-21 16:20:24.366 DEBUG [acme.Launcher@main] Found classpath entry '/C:/Users/carlo/.m2/repository/com/google/errorprone/error_prone_annotations/2.1.3/error_prone_annotations-2.1.3.jar' 
2022-04-21 16:20:24.366 DEBUG [acme.Launcher@main] Found classpath entry '/C:/Users/carlo/.m2/repository/com/google/j2objc/j2objc-annotations/1.1/j2objc-annotations-1.1.jar' 
2022-04-21 16:20:24.366 DEBUG [acme.Launcher@main] Found classpath entry '/C:/Users/carlo/.m2/repository/org/codehaus/mojo/animal-sniffer-annotations/1.14/animal-sniffer-annotations-1.14.jar' 
2022-04-21 16:20:24.366 DEBUG [acme.Launcher@main] Found classpath entry '/C:/Users/carlo/.m2/repository/com/squareup/okhttp3/okhttp/3.14.9/okhttp-3.14.9.jar' 
2022-04-21 16:20:24.366 DEBUG [acme.Launcher@main] Found classpath entry '/C:/Users/carlo/.m2/repository/com/squareup/okio/okio/1.14.0/okio-1.14.0.jar' 
2022-04-21 16:20:24.366 DEBUG [acme.Launcher@main] Found classpath entry '/C:/Users/carlo/.m2/repository/org/apache/commons/commons-lang3/3.11/commons-lang3-3.11.jar' 
2022-04-21 16:20:24.366 DEBUG [acme.Launcher@main] Found classpath entry '/C:/Users/carlo/.m2/repository/org/apache/commons/commons-text/1.8/commons-text-1.8.jar' 
2022-04-21 16:20:24.367 DEBUG [acme.Launcher@main] Found classpath entry '/C:/Users/carlo/.m2/repository/commons-io/commons-io/2.6/commons-io-2.6.jar' 
2022-04-21 16:20:24.367 DEBUG [acme.Launcher@main] Found classpath entry '/C:/Users/carlo/.m2/repository/commons-cli/commons-cli/1.4/commons-cli-1.4.jar' 
2022-04-21 16:20:24.367 DEBUG [acme.Launcher@main] Found classpath entry '/C:/Users/carlo/.m2/repository/org/projectlombok/lombok/1.18.16/lombok-1.18.16.jar' 
2022-04-21 16:20:24.367 DEBUG [acme.Launcher@main] Found classpath entry '/C:/Users/carlo/.m2/repository/com/opencsv/opencsv/5.4/opencsv-5.4.jar' 
2022-04-21 16:20:24.367 DEBUG [acme.Launcher@main] Found classpath entry '/C:/Users/carlo/.m2/repository/commons-beanutils/commons-beanutils/1.9.4/commons-beanutils-1.9.4.jar' 
2022-04-21 16:20:24.367 DEBUG [acme.Launcher@main] Found classpath entry '/C:/Users/carlo/.m2/repository/commons-logging/commons-logging/1.2/commons-logging-1.2.jar' 
2022-04-21 16:20:24.367 DEBUG [acme.Launcher@main] Found classpath entry '/C:/Users/carlo/.m2/repository/commons-collections/commons-collections/3.2.2/commons-collections-3.2.2.jar' 
2022-04-21 16:20:24.367 DEBUG [acme.Launcher@main] Found classpath entry '/C:/Users/carlo/.m2/repository/org/apache/commons/commons-collections4/4.4/commons-collections4-4.4.jar' 
2022-04-21 16:20:24.367 DEBUG [acme.Launcher@main] Found classpath entry '/D:/UNIVERSIDAD/CURSO21-22/CUARTO/DP2/Workspace-22.0/Frameworks/Acme-Framework-22.3/target/classes/' 
2022-04-21 16:20:24.367 DEBUG [acme.Launcher@main] Found classpath entry '/D:/UNIVERSIDAD/CURSO21-22/CUARTO/DP2/Workspace-22.0/Frameworks/Acme-Framework-22.3/target/test-classes/' 
2022-04-21 16:20:24.403 DEBUG [acme.Launcher@main] Found entity class 'acme.entities.abstractUserRole.AbstractUserRole 
2022-04-21 16:20:24.403 DEBUG [acme.Launcher@main] Found entity class 'acme.entities.announcements.Announcement 
2022-04-21 16:20:24.403 DEBUG [acme.Launcher@main] Found entity class 'acme.entities.chirps.Chirp 
2022-04-21 16:20:24.403 DEBUG [acme.Launcher@main] Found entity class 'acme.entities.configuration.SystemConfiguration 
2022-04-21 16:20:24.403 DEBUG [acme.Launcher@main] Found entity class 'acme.entities.patronages.Patronage 
2022-04-21 16:20:24.403 DEBUG [acme.Launcher@main] Found entity class 'acme.entities.patronages.PatronageReport 
2022-04-21 16:20:24.403 DEBUG [acme.Launcher@main] Found entity class 'acme.entities.specificUserRoles.SpecificUserRole 
2022-04-21 16:20:24.403 DEBUG [acme.Launcher@main] Found entity class 'acme.entities.toolkits.Item 
2022-04-21 16:20:24.403 DEBUG [acme.Launcher@main] Found entity class 'acme.entities.toolkits.Quantity 
2022-04-21 16:20:24.403 DEBUG [acme.Launcher@main] Found entity class 'acme.entities.toolkits.Toolkit 
2022-04-21 16:20:24.403 DEBUG [acme.Launcher@main] Found entity class 'acme.roles.Consumer 
2022-04-21 16:20:24.404 DEBUG [acme.Launcher@main] Found entity class 'acme.roles.Inventor 
2022-04-21 16:20:24.404 DEBUG [acme.Launcher@main] Found entity class 'acme.roles.Patron 
2022-04-21 16:20:24.404 DEBUG [acme.Launcher@main] Found entity class 'acme.roles.Provider 
2022-04-21 16:20:24.404 DEBUG [acme.Launcher@main] Found entity class 'acme.framework.entities.UserAccount 
2022-04-21 16:20:24.404 DEBUG [acme.Launcher@main] Found entity class 'acme.framework.roles.Administrator 
2022-04-21 16:20:24.404 DEBUG [acme.Launcher@main] Found entity class 'acme.framework.roles.Anonymous 
2022-04-21 16:20:24.404 DEBUG [acme.Launcher@main] Found entity class 'acme.framework.roles.Any 
2022-04-21 16:20:24.404 DEBUG [acme.Launcher@main] Found entity class 'acme.framework.roles.Authenticated 
2022-04-21 16:20:24.407 INFO  [acme.Launcher@main] Running application (Standalone) 
2022-04-21 16:20:24.579 DEBUG [acme.framework.components.tiles.DynamicTilesView@http-nio-8080-exec-2] View name 'fragments/welcome', model {} 
2022-04-21 16:20:24.591 DEBUG [org.apache.tiles.definition.dao.BaseLocaleUrlDefinitionDAO@http-nio-8080-exec-2] File Resource file:/D:/UNIVERSIDAD/CURSO21-22/CUARTO/DP2/Workspace-22.0/Projects/Acme-Toolkits/target/classes/WEB-INF/views/master/tiles_en.xml at file:/D:/UNIVERSIDAD/CURSO21-22/CUARTO/DP2/Workspace-22.0/Projects/Acme-Toolkits/target/classes/WEB-INF/views/master/tiles_en.xml not found, continue 
2022-04-21 16:20:24.595 DEBUG [org.apache.jasper.servlet.JspServlet@http-nio-8080-exec-2] JspEngine --> /WEB-INF/views/master/page.jsp 
2022-04-21 16:20:24.596 DEBUG [org.apache.jasper.servlet.JspServlet@http-nio-8080-exec-2] ServletPath: /WEB-INF/views/master/page.jsp 
2022-04-21 16:20:24.596 DEBUG [org.apache.jasper.servlet.JspServlet@http-nio-8080-exec-2] PathInfo: null 
2022-04-21 16:20:24.597 DEBUG [org.apache.jasper.servlet.JspServlet@http-nio-8080-exec-2] RealPath: D:\UNIVERSIDAD\CURSO21-22\CUARTO\DP2\Workspace-22.0\Projects\Acme-Toolkits\target\classes\WEB-INF\views\master\page.jsp 
2022-04-21 16:20:24.597 DEBUG [org.apache.jasper.servlet.JspServlet@http-nio-8080-exec-2] RequestURI: /acme-toolkits-22.1/WEB-INF/views/master/page.jsp 
2022-04-21 16:20:24.598 DEBUG [org.apache.jasper.servlet.JspServlet@http-nio-8080-exec-2] QueryString: null 
2022-04-21 16:20:27.485 DEBUG [acme.framework.configuration.ExtendedMessageSource@http-nio-8080-exec-2] Loading properties [D:\UNIVERSIDAD\CURSO21-22\CUARTO\DP2\Workspace-22.0\Projects\Acme-Toolkits\target\classes\WEB-INF\views\administrator\system-configuration\messages-en.i18n] with encoding 'utf-8' 
2022-04-21 16:20:27.486 DEBUG [acme.framework.configuration.ExtendedMessageSource@http-nio-8080-exec-2] Loading properties [D:\UNIVERSIDAD\CURSO21-22\CUARTO\DP2\Workspace-22.0\Projects\Acme-Toolkits\target\classes\WEB-INF\views\administrator\user-account\messages-en.i18n] with encoding 'utf-8' 
2022-04-21 16:20:27.486 DEBUG [acme.framework.configuration.ExtendedMessageSource@http-nio-8080-exec-2] Loading properties [D:\UNIVERSIDAD\CURSO21-22\CUARTO\DP2\Workspace-22.0\Projects\Acme-Toolkits\target\classes\WEB-INF\views\any\chirp\messsages-en.i18n] with encoding 'utf-8' 
2022-04-21 16:20:27.487 DEBUG [acme.framework.configuration.ExtendedMessageSource@http-nio-8080-exec-2] Loading properties [D:\UNIVERSIDAD\CURSO21-22\CUARTO\DP2\Workspace-22.0\Projects\Acme-Toolkits\target\classes\WEB-INF\views\any\item\messsages-en.i18n] with encoding 'utf-8' 
2022-04-21 16:20:27.487 DEBUG [acme.framework.configuration.ExtendedMessageSource@http-nio-8080-exec-2] Loading properties [D:\UNIVERSIDAD\CURSO21-22\CUARTO\DP2\Workspace-22.0\Projects\Acme-Toolkits\target\classes\WEB-INF\views\authenticated\announcement\messages-en.i18n] with encoding 'utf-8' 
2022-04-21 16:20:27.487 DEBUG [acme.framework.configuration.ExtendedMessageSource@http-nio-8080-exec-2] Loading properties [D:\UNIVERSIDAD\CURSO21-22\CUARTO\DP2\Workspace-22.0\Projects\Acme-Toolkits\target\classes\WEB-INF\views\authenticated\consumer\messsages-en.i18n] with encoding 'utf-8' 
2022-04-21 16:20:27.488 DEBUG [acme.framework.configuration.ExtendedMessageSource@http-nio-8080-exec-2] Loading properties [D:\UNIVERSIDAD\CURSO21-22\CUARTO\DP2\Workspace-22.0\Projects\Acme-Toolkits\target\classes\WEB-INF\views\authenticated\provider\messsages-en.i18n] with encoding 'utf-8' 
2022-04-21 16:20:27.488 DEBUG [acme.framework.configuration.ExtendedMessageSource@http-nio-8080-exec-2] Loading properties [D:\UNIVERSIDAD\CURSO21-22\CUARTO\DP2\Workspace-22.0\Projects\Acme-Toolkits\target\classes\WEB-INF\views\authenticated\system-configuration\messsages-en.i18n] with encoding 'utf-8' 
2022-04-21 16:20:27.489 DEBUG [acme.framework.configuration.ExtendedMessageSource@http-nio-8080-exec-2] Loading properties [D:\UNIVERSIDAD\CURSO21-22\CUARTO\DP2\Workspace-22.0\Projects\Acme-Toolkits\target\classes\WEB-INF\views\fragments\banner-en.i18n] with encoding 'utf-8' 
2022-04-21 16:20:27.489 DEBUG [acme.framework.configuration.ExtendedMessageSource@http-nio-8080-exec-2] Loading properties [D:\UNIVERSIDAD\CURSO21-22\CUARTO\DP2\Workspace-22.0\Projects\Acme-Toolkits\target\classes\WEB-INF\views\fragments\company-en.i18n] with encoding 'utf-8' 
2022-04-21 16:20:27.489 DEBUG [acme.framework.configuration.ExtendedMessageSource@http-nio-8080-exec-2] Loading properties [D:\UNIVERSIDAD\CURSO21-22\CUARTO\DP2\Workspace-22.0\Projects\Acme-Toolkits\target\classes\WEB-INF\views\fragments\footer-en.i18n] with encoding 'utf-8' 
2022-04-21 16:20:27.490 DEBUG [acme.framework.configuration.ExtendedMessageSource@http-nio-8080-exec-2] Loading properties [D:\UNIVERSIDAD\CURSO21-22\CUARTO\DP2\Workspace-22.0\Projects\Acme-Toolkits\target\classes\WEB-INF\views\fragments\license-en.i18n] with encoding 'utf-8' 
2022-04-21 16:20:27.490 DEBUG [acme.framework.configuration.ExtendedMessageSource@http-nio-8080-exec-2] Loading properties [D:\UNIVERSIDAD\CURSO21-22\CUARTO\DP2\Workspace-22.0\Projects\Acme-Toolkits\target\classes\WEB-INF\views\fragments\menu-en.i18n] with encoding 'utf-8' 
2022-04-21 16:20:27.491 DEBUG [acme.framework.configuration.ExtendedMessageSource@http-nio-8080-exec-2] Loading properties [D:\UNIVERSIDAD\CURSO21-22\CUARTO\DP2\Workspace-22.0\Projects\Acme-Toolkits\target\classes\WEB-INF\views\fragments\messsages-en.i18n] with encoding 'utf-8' 
2022-04-21 16:20:27.491 DEBUG [acme.framework.configuration.ExtendedMessageSource@http-nio-8080-exec-2] Loading properties [D:\UNIVERSIDAD\CURSO21-22\CUARTO\DP2\Workspace-22.0\Projects\Acme-Toolkits\target\classes\WEB-INF\views\fragments\title-en.i18n] with encoding 'utf-8' 
2022-04-21 16:20:27.492 DEBUG [acme.framework.configuration.ExtendedMessageSource@http-nio-8080-exec-2] Loading properties [D:\UNIVERSIDAD\CURSO21-22\CUARTO\DP2\Workspace-22.0\Projects\Acme-Toolkits\target\classes\WEB-INF\views\fragments\welcome-en.i18n] with encoding 'utf-8' 
2022-04-21 16:20:27.492 DEBUG [acme.framework.configuration.ExtendedMessageSource@http-nio-8080-exec-2] Loading properties [D:\UNIVERSIDAD\CURSO21-22\CUARTO\DP2\Workspace-22.0\Projects\Acme-Toolkits\target\classes\WEB-INF\views\inventor\item\messsages-en.i18n] with encoding 'utf-8' 
2022-04-21 16:20:27.492 DEBUG [acme.framework.configuration.ExtendedMessageSource@http-nio-8080-exec-2] Loading properties [D:\UNIVERSIDAD\CURSO21-22\CUARTO\DP2\Workspace-22.0\Projects\Acme-Toolkits\target\classes\WEB-INF\views\inventor\patronage-report\messsages-en.i18n] with encoding 'utf-8' 
2022-04-21 16:20:27.493 DEBUG [acme.framework.configuration.ExtendedMessageSource@http-nio-8080-exec-2] Loading properties [D:\UNIVERSIDAD\CURSO21-22\CUARTO\DP2\Workspace-22.0\Projects\Acme-Toolkits\target\classes\WEB-INF\views\master\defaults-en.i18n] with encoding 'utf-8' 
2022-04-21 16:20:27.493 DEBUG [acme.framework.configuration.ExtendedMessageSource@http-nio-8080-exec-2] Loading properties [D:\UNIVERSIDAD\CURSO21-22\CUARTO\DP2\Workspace-22.0\Projects\Acme-Toolkits\target\classes\WEB-INF\views\master\master-en.i18n] with encoding 'utf-8' 
2022-04-21 16:20:27.494 DEBUG [acme.framework.configuration.ExtendedMessageSource@http-nio-8080-exec-2] Loading properties [D:\UNIVERSIDAD\CURSO21-22\CUARTO\DP2\Workspace-22.0\Projects\Acme-Toolkits\target\classes\WEB-INF\views\master\throwables-en.i18n] with encoding 'utf-8' 
2022-04-21 16:20:27.494 DEBUG [acme.framework.configuration.ExtendedMessageSource@http-nio-8080-exec-2] Loading properties [D:\UNIVERSIDAD\CURSO21-22\CUARTO\DP2\Workspace-22.0\Projects\Acme-Toolkits\target\classes\WEB-INF\views\master\validation-en.i18n] with encoding 'utf-8' 
2022-04-21 16:20:27.495 DEBUG [acme.framework.configuration.ExtendedMessageSource@http-nio-8080-exec-2] Loading properties [D:\UNIVERSIDAD\CURSO21-22\CUARTO\DP2\Workspace-22.0\Projects\Acme-Toolkits\target\classes\WEB-INF\views\patron\patron-dashboard\messsages-en.i18n] with encoding 'utf-8' 
2022-04-21 16:20:27.600 DEBUG [org.apache.jasper.servlet.JspServlet@http-nio-8080-exec-2] JspEngine --> /WEB-INF/views/fragments/welcome.jsp 
2022-04-21 16:20:27.600 DEBUG [org.apache.jasper.servlet.JspServlet@http-nio-8080-exec-2] ServletPath: /WEB-INF/views/master/page.jsp 
2022-04-21 16:20:27.601 DEBUG [org.apache.jasper.servlet.JspServlet@http-nio-8080-exec-2] PathInfo: null 
2022-04-21 16:20:27.601 DEBUG [org.apache.jasper.servlet.JspServlet@http-nio-8080-exec-2] RealPath: D:\UNIVERSIDAD\CURSO21-22\CUARTO\DP2\Workspace-22.0\Projects\Acme-Toolkits\target\classes\WEB-INF\views\fragments\welcome.jsp 
2022-04-21 16:20:27.601 DEBUG [org.apache.jasper.servlet.JspServlet@http-nio-8080-exec-2] RequestURI: /acme-toolkits-22.1/WEB-INF/views/master/page.jsp 
2022-04-21 16:20:27.602 DEBUG [org.apache.jasper.servlet.JspServlet@http-nio-8080-exec-2] QueryString: null 
2022-04-21 16:20:27.759 DEBUG [org.hibernate.SQL@http-nio-8080-exec-2] select useraccoun0_.id as id1_0_, useraccoun0_.version as version2_0_, useraccoun0_.enabled as enabled1_19_, useraccoun0_.identity as identity2_19_, useraccoun0_.password as password3_19_, useraccoun0_.username as username4_19_ from user_account useraccoun0_ where useraccoun0_.username=? 
2022-04-21 16:20:27.778 TRACE [org.hibernate.type.descriptor.sql.BasicBinder@http-nio-8080-exec-2] binding parameter [1] as [VARCHAR] - [anonymous] 
2022-04-21 16:20:27.817 DEBUG [org.hibernate.SQL@http-nio-8080-exec-2] select roles0_.user_account_id as user_acc1_20_0_, roles0_.id as id1_20_0_, roles0_.id as id1_0_1_, roles0_.version as version2_0_1_, roles0_.user_account_id as user_acc1_20_1_, roles0_.company as company1_8_1_, roles0_.sector as sector2_8_1_, roles0_.company as company1_14_1_, roles0_.sector as sector2_14_1_, roles0_.clazz_ as clazz_1_ from ( select id, version, user_account_id, company, sector, 12 as clazz_ from consumer union all select id, version, user_account_id, null as company, null as sector, 13 as clazz_ from inventor union all select id, version, user_account_id, null as company, null as sector, 14 as clazz_ from patron union all select id, version, user_account_id, company, sector, 15 as clazz_ from provider union all select id, version, user_account_id, null as company, null as sector, 17 as clazz_ from administrator union all select id, version, user_account_id, null as company, null as sector, 18 as clazz_ from anonymous union all select id, version, user_account_id, null as company, null as sector, 19 as clazz_ from any union all select id, version, user_account_id, null as company, null as sector, 20 as clazz_ from authenticated ) roles0_ where roles0_.user_account_id=? 
2022-04-21 16:20:27.817 TRACE [org.hibernate.type.descriptor.sql.BasicBinder@http-nio-8080-exec-2] binding parameter [1] as [INTEGER] - [1] 
2022-04-21 16:20:31.559 DEBUG [acme.framework.components.tiles.DynamicTilesView@http-nio-8080-exec-8] View name 'master/sign-in', model {username=, password=, remember=false} 
2022-04-21 16:20:31.560 DEBUG [org.apache.jasper.servlet.JspServlet@http-nio-8080-exec-8] JspEngine --> /WEB-INF/views/master/page.jsp 
2022-04-21 16:20:31.560 DEBUG [org.apache.jasper.servlet.JspServlet@http-nio-8080-exec-8] ServletPath: /WEB-INF/views/master/page.jsp 
2022-04-21 16:20:31.561 DEBUG [org.apache.jasper.servlet.JspServlet@http-nio-8080-exec-8] PathInfo: null 
2022-04-21 16:20:31.561 DEBUG [org.apache.jasper.servlet.JspServlet@http-nio-8080-exec-8] RealPath: D:\UNIVERSIDAD\CURSO21-22\CUARTO\DP2\Workspace-22.0\Projects\Acme-Toolkits\target\classes\WEB-INF\views\master\page.jsp 
2022-04-21 16:20:31.562 DEBUG [org.apache.jasper.servlet.JspServlet@http-nio-8080-exec-8] RequestURI: /acme-toolkits-22.1/WEB-INF/views/master/page.jsp 
2022-04-21 16:20:31.562 DEBUG [org.apache.jasper.servlet.JspServlet@http-nio-8080-exec-8] QueryString: null 
2022-04-21 16:20:31.642 DEBUG [org.apache.jasper.servlet.JspServlet@http-nio-8080-exec-8] JspEngine --> /WEB-INF/views/master/sign-in.jsp 
2022-04-21 16:20:31.643 DEBUG [org.apache.jasper.servlet.JspServlet@http-nio-8080-exec-8] ServletPath: /WEB-INF/views/master/page.jsp 
2022-04-21 16:20:31.643 DEBUG [org.apache.jasper.servlet.JspServlet@http-nio-8080-exec-8] PathInfo: null 
2022-04-21 16:20:31.643 DEBUG [org.apache.jasper.servlet.JspServlet@http-nio-8080-exec-8] RealPath: D:\UNIVERSIDAD\CURSO21-22\CUARTO\DP2\Workspace-22.0\Projects\Acme-Toolkits\target\classes\WEB-INF\views\master\sign-in.jsp 
2022-04-21 16:20:31.643 DEBUG [org.apache.jasper.servlet.JspServlet@http-nio-8080-exec-8] RequestURI: /acme-toolkits-22.1/WEB-INF/views/master/page.jsp 
2022-04-21 16:20:31.644 DEBUG [org.apache.jasper.servlet.JspServlet@http-nio-8080-exec-8] QueryString: null 
2022-04-21 16:20:32.876 DEBUG [org.hibernate.SQL@http-nio-8080-exec-8] select useraccoun0_.id as id1_0_, useraccoun0_.version as version2_0_, useraccoun0_.enabled as enabled1_19_, useraccoun0_.identity as identity2_19_, useraccoun0_.password as password3_19_, useraccoun0_.username as username4_19_ from user_account useraccoun0_ where useraccoun0_.username=? 
2022-04-21 16:20:32.877 TRACE [org.hibernate.type.descriptor.sql.BasicBinder@http-nio-8080-exec-8] binding parameter [1] as [VARCHAR] - [anonymous] 
2022-04-21 16:20:32.878 DEBUG [org.hibernate.SQL@http-nio-8080-exec-8] select roles0_.user_account_id as user_acc1_20_0_, roles0_.id as id1_20_0_, roles0_.id as id1_0_1_, roles0_.version as version2_0_1_, roles0_.user_account_id as user_acc1_20_1_, roles0_.company as company1_8_1_, roles0_.sector as sector2_8_1_, roles0_.company as company1_14_1_, roles0_.sector as sector2_14_1_, roles0_.clazz_ as clazz_1_ from ( select id, version, user_account_id, company, sector, 12 as clazz_ from consumer union all select id, version, user_account_id, null as company, null as sector, 13 as clazz_ from inventor union all select id, version, user_account_id, null as company, null as sector, 14 as clazz_ from patron union all select id, version, user_account_id, company, sector, 15 as clazz_ from provider union all select id, version, user_account_id, null as company, null as sector, 17 as clazz_ from administrator union all select id, version, user_account_id, null as company, null as sector, 18 as clazz_ from anonymous union all select id, version, user_account_id, null as company, null as sector, 19 as clazz_ from any union all select id, version, user_account_id, null as company, null as sector, 20 as clazz_ from authenticated ) roles0_ where roles0_.user_account_id=? 
2022-04-21 16:20:32.878 TRACE [org.hibernate.type.descriptor.sql.BasicBinder@http-nio-8080-exec-8] binding parameter [1] as [INTEGER] - [1] 
2022-04-21 16:20:34.652 DEBUG [org.hibernate.SQL@http-nio-8080-exec-8] select useraccoun0_.id as id1_0_, useraccoun0_.version as version2_0_, useraccoun0_.enabled as enabled1_19_, useraccoun0_.identity as identity2_19_, useraccoun0_.password as password3_19_, useraccoun0_.username as username4_19_ from user_account useraccoun0_ where useraccoun0_.username=? 
2022-04-21 16:20:34.652 TRACE [org.hibernate.type.descriptor.sql.BasicBinder@http-nio-8080-exec-8] binding parameter [1] as [VARCHAR] - [inventor01] 
2022-04-21 16:20:34.654 DEBUG [org.hibernate.SQL@http-nio-8080-exec-8] select roles0_.user_account_id as user_acc1_20_0_, roles0_.id as id1_20_0_, roles0_.id as id1_0_1_, roles0_.version as version2_0_1_, roles0_.user_account_id as user_acc1_20_1_, roles0_.company as company1_8_1_, roles0_.sector as sector2_8_1_, roles0_.company as company1_14_1_, roles0_.sector as sector2_14_1_, roles0_.clazz_ as clazz_1_ from ( select id, version, user_account_id, company, sector, 12 as clazz_ from consumer union all select id, version, user_account_id, null as company, null as sector, 13 as clazz_ from inventor union all select id, version, user_account_id, null as company, null as sector, 14 as clazz_ from patron union all select id, version, user_account_id, company, sector, 15 as clazz_ from provider union all select id, version, user_account_id, null as company, null as sector, 17 as clazz_ from administrator union all select id, version, user_account_id, null as company, null as sector, 18 as clazz_ from anonymous union all select id, version, user_account_id, null as company, null as sector, 19 as clazz_ from any union all select id, version, user_account_id, null as company, null as sector, 20 as clazz_ from authenticated ) roles0_ where roles0_.user_account_id=? 
2022-04-21 16:20:34.654 TRACE [org.hibernate.type.descriptor.sql.BasicBinder@http-nio-8080-exec-8] binding parameter [1] as [INTEGER] - [7] 
2022-04-21 16:20:34.669 DEBUG [acme.framework.components.tiles.DynamicTilesView@http-nio-8080-exec-1] View name 'fragments/welcome', model {} 
2022-04-21 16:20:34.670 DEBUG [org.apache.jasper.servlet.JspServlet@http-nio-8080-exec-1] JspEngine --> /WEB-INF/views/master/page.jsp 
2022-04-21 16:20:34.670 DEBUG [org.apache.jasper.servlet.JspServlet@http-nio-8080-exec-1] ServletPath: /WEB-INF/views/master/page.jsp 
2022-04-21 16:20:34.670 DEBUG [org.apache.jasper.servlet.JspServlet@http-nio-8080-exec-1] PathInfo: null 
2022-04-21 16:20:34.671 DEBUG [org.apache.jasper.servlet.JspServlet@http-nio-8080-exec-1] RealPath: D:\UNIVERSIDAD\CURSO21-22\CUARTO\DP2\Workspace-22.0\Projects\Acme-Toolkits\target\classes\WEB-INF\views\master\page.jsp 
2022-04-21 16:20:34.671 DEBUG [org.apache.jasper.servlet.JspServlet@http-nio-8080-exec-1] RequestURI: /acme-toolkits-22.1/WEB-INF/views/master/page.jsp 
2022-04-21 16:20:34.671 DEBUG [org.apache.jasper.servlet.JspServlet@http-nio-8080-exec-1] QueryString: null 
2022-04-21 16:20:34.728 DEBUG [org.apache.jasper.servlet.JspServlet@http-nio-8080-exec-1] JspEngine --> /WEB-INF/views/fragments/welcome.jsp 
2022-04-21 16:20:34.728 DEBUG [org.apache.jasper.servlet.JspServlet@http-nio-8080-exec-1] ServletPath: /WEB-INF/views/master/page.jsp 
2022-04-21 16:20:34.728 DEBUG [org.apache.jasper.servlet.JspServlet@http-nio-8080-exec-1] PathInfo: null 
2022-04-21 16:20:34.729 DEBUG [org.apache.jasper.servlet.JspServlet@http-nio-8080-exec-1] RealPath: D:\UNIVERSIDAD\CURSO21-22\CUARTO\DP2\Workspace-22.0\Projects\Acme-Toolkits\target\classes\WEB-INF\views\fragments\welcome.jsp 
2022-04-21 16:20:34.730 DEBUG [org.apache.jasper.servlet.JspServlet@http-nio-8080-exec-1] RequestURI: /acme-toolkits-22.1/WEB-INF/views/master/page.jsp 
2022-04-21 16:20:34.730 DEBUG [org.apache.jasper.servlet.JspServlet@http-nio-8080-exec-1] QueryString: null 
2022-04-21 16:20:39.533 DEBUG [acme.framework.components.tiles.DynamicTilesView@http-nio-8080-exec-7] View name 'master/panic', model {} 
2022-04-21 16:20:39.533 DEBUG [org.apache.jasper.servlet.JspServlet@http-nio-8080-exec-7] JspEngine --> /WEB-INF/views/master/page.jsp 
2022-04-21 16:20:39.534 DEBUG [org.apache.jasper.servlet.JspServlet@http-nio-8080-exec-7] ServletPath: /WEB-INF/views/master/page.jsp 
2022-04-21 16:20:39.534 DEBUG [org.apache.jasper.servlet.JspServlet@http-nio-8080-exec-7] PathInfo: null 
2022-04-21 16:20:39.534 DEBUG [org.apache.jasper.servlet.JspServlet@http-nio-8080-exec-7] RealPath: D:\UNIVERSIDAD\CURSO21-22\CUARTO\DP2\Workspace-22.0\Projects\Acme-Toolkits\target\classes\WEB-INF\views\master\page.jsp 
2022-04-21 16:20:39.534 DEBUG [org.apache.jasper.servlet.JspServlet@http-nio-8080-exec-7] RequestURI: /acme-toolkits-22.1/WEB-INF/views/master/page.jsp 
2022-04-21 16:20:39.535 DEBUG [org.apache.jasper.servlet.JspServlet@http-nio-8080-exec-7] QueryString: null 
2022-04-21 16:20:39.587 DEBUG [org.apache.jasper.servlet.JspServlet@http-nio-8080-exec-7] JspEngine --> /WEB-INF/views/master/panic.jsp 
2022-04-21 16:20:39.587 DEBUG [org.apache.jasper.servlet.JspServlet@http-nio-8080-exec-7] ServletPath: /WEB-INF/views/master/page.jsp 
2022-04-21 16:20:39.588 DEBUG [org.apache.jasper.servlet.JspServlet@http-nio-8080-exec-7] PathInfo: null 
2022-04-21 16:20:39.588 DEBUG [org.apache.jasper.servlet.JspServlet@http-nio-8080-exec-7] RealPath: D:\UNIVERSIDAD\CURSO21-22\CUARTO\DP2\Workspace-22.0\Projects\Acme-Toolkits\target\classes\WEB-INF\views\master\panic.jsp 
2022-04-21 16:20:39.588 DEBUG [org.apache.jasper.servlet.JspServlet@http-nio-8080-exec-7] RequestURI: /acme-toolkits-22.1/WEB-INF/views/master/page.jsp 
2022-04-21 16:20:39.589 DEBUG [org.apache.jasper.servlet.JspServlet@http-nio-8080-exec-7] QueryString: null 
2022-04-21 16:20:39.734 ERROR [org.apache.jsp.WEB_002dINF.views.master.panic_jsp@http-nio-8080-exec-7] HTTP GET /acme-toolkits-22.1/WEB-INF/views/master/page.jsp HTTP/1.1 
2022-04-21 16:20:39.734 ERROR [org.apache.jsp.WEB_002dINF.views.master.panic_jsp@http-nio-8080-exec-7] Status: 404 
2022-04-21 16:28:18.692 DEBUG [acme.framework.controllers.AbstractController@http-nio-8080-exec-10] DISPATCHING GET /acme-toolkits-22.1/inventor/item/list 
2022-04-21 16:28:18.693 DEBUG [acme.framework.controllers.AbstractController@http-nio-8080-exec-10] Command: list 
2022-04-21 16:28:18.693 DEBUG [acme.framework.controllers.AbstractController@http-nio-8080-exec-10] Model:   {} 
2022-04-21 16:28:18.693 DEBUG [acme.framework.controllers.AbstractController@http-nio-8080-exec-10] Locale:  en 
2022-04-21 16:28:18.707 DEBUG [org.hibernate.SQL@http-nio-8080-exec-10] select item0_.id as id1_0_, item0_.version as version2_0_, item0_.code as code1_10_, item0_.description as descript2_10_, item0_.inventor_id as inventor9_10_, item0_.link as link3_10_, item0_.name as name4_10_, item0_.price_amount as price_am5_10_, item0_.price_currency as price_cu6_10_, item0_.technology as technolo7_10_, item0_.type as type8_10_ from item item0_ where item0_.inventor_id=? 
2022-04-21 16:28:18.707 TRACE [org.hibernate.type.descriptor.sql.BasicBinder@http-nio-8080-exec-10] binding parameter [1] as [INTEGER] - [15] 
2022-04-21 16:28:18.712 DEBUG [org.hibernate.SQL@http-nio-8080-exec-10] select inventor0_.id as id1_0_0_, inventor0_.version as version2_0_0_, inventor0_.user_account_id as user_acc1_20_0_, useraccoun1_.id as id1_0_1_, useraccoun1_.version as version2_0_1_, useraccoun1_.enabled as enabled1_19_1_, useraccoun1_.identity as identity2_19_1_, useraccoun1_.password as password3_19_1_, useraccoun1_.username as username4_19_1_ from inventor inventor0_ inner join user_account useraccoun1_ on inventor0_.user_account_id=useraccoun1_.id where inventor0_.id=? 
2022-04-21 16:28:18.712 TRACE [org.hibernate.type.descriptor.sql.BasicBinder@http-nio-8080-exec-10] binding parameter [1] as [INTEGER] - [15] 
2022-04-21 16:28:18.735 DEBUG [acme.framework.controllers.AbstractController@http-nio-8080-exec-10] SERVING GET /acme-toolkits-22.1/inventor/item/list 
2022-04-21 16:28:18.736 DEBUG [acme.framework.controllers.AbstractController@http-nio-8080-exec-10] Result: ModelAndView [view="inventor/item/list"; model={link[1]=, description[1]=This is a mouse for work with a MacBook, link[0]=, price[0]=<<EUR 969.00>>, description[0]=An Apple laptop that we use for work on the project., price[1]=<<EUR 69.00>>, version[1]=0, type[0]=TOOL, technology[0]=Laptop, type[1]=COMPONENT, list$size=2, technology[1]=Mouse, code[0]=MAC-012-A, version[0]=0, code[1]=MAG-012, id[1]=42, id[0]=41, name[1]=Magic Mouse, name[0]=MacBook Air, command=list, principal=acme.framework.entities.Principal@23d460b5}] 
2022-04-21 16:28:18.744 DEBUG [acme.framework.components.tiles.DynamicTilesView@http-nio-8080-exec-10] View name 'inventor/item/list', model {link[1]=, description[1]=This is a mouse for work with a MacBook, link[0]=, price[0]=<<EUR 969.00>>, description[0]=An Apple laptop that we use for work on the project., price[1]=<<EUR 69.00>>, version[1]=0, type[0]=TOOL, technology[0]=Laptop, type[1]=COMPONENT, list$size=2, technology[1]=Mouse, code[0]=MAC-012-A, version[0]=0, code[1]=MAG-012, id[1]=42, id[0]=41, name[1]=Magic Mouse, name[0]=MacBook Air, command=list, principal=acme.framework.entities.Principal@23d460b5, org.springframework.validation.BindingResult.price[0]=org.springframework.validation.BeanPropertyBindingResult: 0 errors, org.springframework.validation.BindingResult.price[1]=org.springframework.validation.BeanPropertyBindingResult: 0 errors, org.springframework.validation.BindingResult.principal=org.springframework.validation.BeanPropertyBindingResult: 0 errors} 
2022-04-21 16:28:18.745 DEBUG [org.apache.jasper.servlet.JspServlet@http-nio-8080-exec-10] JspEngine --> /WEB-INF/views/master/page.jsp 
2022-04-21 16:28:18.745 DEBUG [org.apache.jasper.servlet.JspServlet@http-nio-8080-exec-10] ServletPath: /WEB-INF/views/master/page.jsp 
2022-04-21 16:28:18.746 DEBUG [org.apache.jasper.servlet.JspServlet@http-nio-8080-exec-10] PathInfo: null 
2022-04-21 16:28:18.747 DEBUG [org.apache.jasper.servlet.JspServlet@http-nio-8080-exec-10] RealPath: D:\UNIVERSIDAD\CURSO21-22\CUARTO\DP2\Workspace-22.0\Projects\Acme-Toolkits\target\classes\WEB-INF\views\master\page.jsp 
2022-04-21 16:28:18.747 DEBUG [org.apache.jasper.servlet.JspServlet@http-nio-8080-exec-10] RequestURI: /acme-toolkits-22.1/WEB-INF/views/master/page.jsp 
2022-04-21 16:28:18.747 DEBUG [org.apache.jasper.servlet.JspServlet@http-nio-8080-exec-10] QueryString: null 
2022-04-21 16:28:18.828 DEBUG [org.apache.jasper.servlet.JspServlet@http-nio-8080-exec-10] JspEngine --> /WEB-INF/views/inventor/item/list.jsp 
2022-04-21 16:28:18.829 DEBUG [org.apache.jasper.servlet.JspServlet@http-nio-8080-exec-10] ServletPath: /WEB-INF/views/master/page.jsp 
2022-04-21 16:28:18.829 DEBUG [org.apache.jasper.servlet.JspServlet@http-nio-8080-exec-10] PathInfo: null 
2022-04-21 16:28:18.830 DEBUG [org.apache.jasper.servlet.JspServlet@http-nio-8080-exec-10] RealPath: D:\UNIVERSIDAD\CURSO21-22\CUARTO\DP2\Workspace-22.0\Projects\Acme-Toolkits\target\classes\WEB-INF\views\inventor\item\list.jsp 
2022-04-21 16:28:18.830 DEBUG [org.apache.jasper.servlet.JspServlet@http-nio-8080-exec-10] RequestURI: /acme-toolkits-22.1/WEB-INF/views/master/page.jsp 
2022-04-21 16:28:18.831 DEBUG [org.apache.jasper.servlet.JspServlet@http-nio-8080-exec-10] QueryString: null 
2022-04-21 16:28:23.483 DEBUG [acme.framework.components.tiles.DynamicTilesView@http-nio-8080-exec-10] View name 'master/panic', model {} 
2022-04-21 16:28:23.486 DEBUG [org.apache.jasper.servlet.JspServlet@http-nio-8080-exec-10] JspEngine --> /WEB-INF/views/master/page.jsp 
2022-04-21 16:28:23.486 DEBUG [org.apache.jasper.servlet.JspServlet@http-nio-8080-exec-10] ServletPath: /WEB-INF/views/master/page.jsp 
2022-04-21 16:28:23.486 DEBUG [org.apache.jasper.servlet.JspServlet@http-nio-8080-exec-10] PathInfo: null 
2022-04-21 16:28:23.486 DEBUG [org.apache.jasper.servlet.JspServlet@http-nio-8080-exec-10] RealPath: D:\UNIVERSIDAD\CURSO21-22\CUARTO\DP2\Workspace-22.0\Projects\Acme-Toolkits\target\classes\WEB-INF\views\master\page.jsp 
2022-04-21 16:28:23.486 DEBUG [org.apache.jasper.servlet.JspServlet@http-nio-8080-exec-10] RequestURI: /acme-toolkits-22.1/WEB-INF/views/master/page.jsp 
2022-04-21 16:28:23.486 DEBUG [org.apache.jasper.servlet.JspServlet@http-nio-8080-exec-10] QueryString: null 
2022-04-21 16:28:23.545 DEBUG [org.apache.jasper.servlet.JspServlet@http-nio-8080-exec-10] JspEngine --> /WEB-INF/views/master/panic.jsp 
2022-04-21 16:28:23.546 DEBUG [org.apache.jasper.servlet.JspServlet@http-nio-8080-exec-10] ServletPath: /WEB-INF/views/master/page.jsp 
2022-04-21 16:28:23.546 DEBUG [org.apache.jasper.servlet.JspServlet@http-nio-8080-exec-10] PathInfo: null 
2022-04-21 16:28:23.546 DEBUG [org.apache.jasper.servlet.JspServlet@http-nio-8080-exec-10] RealPath: D:\UNIVERSIDAD\CURSO21-22\CUARTO\DP2\Workspace-22.0\Projects\Acme-Toolkits\target\classes\WEB-INF\views\master\panic.jsp 
2022-04-21 16:28:23.547 DEBUG [org.apache.jasper.servlet.JspServlet@http-nio-8080-exec-10] RequestURI: /acme-toolkits-22.1/WEB-INF/views/master/page.jsp 
2022-04-21 16:28:23.547 DEBUG [org.apache.jasper.servlet.JspServlet@http-nio-8080-exec-10] QueryString: null 
2022-04-21 16:28:23.547 ERROR [org.apache.jsp.WEB_002dINF.views.master.panic_jsp@http-nio-8080-exec-10] HTTP GET /acme-toolkits-22.1/WEB-INF/views/master/page.jsp HTTP/1.1 
2022-04-21 16:28:23.547 ERROR [org.apache.jsp.WEB_002dINF.views.master.panic_jsp@http-nio-8080-exec-10] Status: 404 
