2022-04-19 12:23:18.445 INFO  [acme.Launcher@main] Starting Launcher using Java 1.8.0_281 on TiheMac.local with PID 5616 (/Users/tihealba/Desktop/Workspace-22.0/Frameworks/Acme-Framework-22.3/target/classes started by tihealba in /Users/tihealba/Desktop/Workspace-22.0/Projects/Acme-Toolkits) 
2022-04-19 12:23:18.453 DEBUG [acme.Launcher@main] Running with Spring Boot v2.4.2, Spring v5.3.3 
2022-04-19 12:23:18.466 INFO  [acme.Launcher@main] The following profiles are active: development,populator 
2022-04-19 12:23:24.243 DEBUG [org.apache.jasper.servlet.JasperInitializer@main] Initializing Jasper for context [application] 
2022-04-19 12:23:33.739 DEBUG [org.apache.jasper.servlet.JspServlet@main] Scratch dir for the JSP engine is: [/private/var/folders/4x/r_lg1hns1s54spj64f02g00r0000gn/T/tomcat.8083.2542115394856312759/work/Tomcat/localhost/acme-toolkits-22.1] 
2022-04-19 12:23:33.740 DEBUG [org.apache.jasper.servlet.JspServlet@main] IMPORTANT: Do not modify the generated servlets 
2022-04-19 12:23:33.759 INFO  [acme.Launcher@main] Started Launcher in 17.125 seconds (JVM running for 18.83) 
2022-04-19 12:23:33.768 DEBUG [acme.Launcher@main] Found classpath entry '/Users/tihealba/Desktop/Workspace-22.0/Projects/Acme-Toolkits/target/test-classes/' 
2022-04-19 12:23:33.768 DEBUG [acme.Launcher@main] Found classpath entry '/Users/tihealba/Desktop/Workspace-22.0/Projects/Acme-Toolkits/target/classes/' 
2022-04-19 12:23:33.769 DEBUG [acme.Launcher@main] Found classpath entry '/Users/tihealba/Desktop/Workspace-22.0/Frameworks/Acme-Framework-22.3/target/classes/' 
2022-04-19 12:23:33.769 DEBUG [acme.Launcher@main] Found classpath entry '/Users/tihealba/Desktop/Workspace-22.0/Frameworks/Acme-Framework-22.3/target/test-classes/' 
2022-04-19 12:23:33.769 DEBUG [acme.Launcher@main] Found classpath entry '/Users/tihealba/.m2/repository/org/springframework/boot/spring-boot-starter-tomcat/2.4.2/spring-boot-starter-tomcat-2.4.2.jar' 
2022-04-19 12:23:33.769 DEBUG [acme.Launcher@main] Found classpath entry '/Users/tihealba/.m2/repository/jakarta/annotation/jakarta.annotation-api/1.3.5/jakarta.annotation-api-1.3.5.jar' 
2022-04-19 12:23:33.770 DEBUG [acme.Launcher@main] Found classpath entry '/Users/tihealba/.m2/repository/org/apache/tomcat/embed/tomcat-embed-core/9.0.41/tomcat-embed-core-9.0.41.jar' 
2022-04-19 12:23:33.770 DEBUG [acme.Launcher@main] Found classpath entry '/Users/tihealba/.m2/repository/org/glassfish/jakarta.el/3.0.3/jakarta.el-3.0.3.jar' 
2022-04-19 12:23:33.770 DEBUG [acme.Launcher@main] Found classpath entry '/Users/tihealba/.m2/repository/org/apache/tomcat/embed/tomcat-embed-websocket/9.0.41/tomcat-embed-websocket-9.0.41.jar' 
2022-04-19 12:23:33.771 DEBUG [acme.Launcher@main] Found classpath entry '/Users/tihealba/.m2/repository/org/apache/tomcat/embed/tomcat-embed-jasper/9.0.41/tomcat-embed-jasper-9.0.41.jar' 
2022-04-19 12:23:33.771 DEBUG [acme.Launcher@main] Found classpath entry '/Users/tihealba/.m2/repository/org/apache/tomcat/embed/tomcat-embed-el/9.0.41/tomcat-embed-el-9.0.41.jar' 
2022-04-19 12:23:33.771 DEBUG [acme.Launcher@main] Found classpath entry '/Users/tihealba/.m2/repository/org/eclipse/jdt/ecj/3.18.0/ecj-3.18.0.jar' 
2022-04-19 12:23:33.772 DEBUG [acme.Launcher@main] Found classpath entry '/Users/tihealba/.m2/repository/javax/servlet/jstl/1.2/jstl-1.2.jar' 
2022-04-19 12:23:33.772 DEBUG [acme.Launcher@main] Found classpath entry '/Users/tihealba/.m2/repository/org/springframework/boot/spring-boot-starter-test/2.4.2/spring-boot-starter-test-2.4.2.jar' 
2022-04-19 12:23:33.772 DEBUG [acme.Launcher@main] Found classpath entry '/Users/tihealba/.m2/repository/org/springframework/boot/spring-boot-starter/2.4.2/spring-boot-starter-2.4.2.jar' 
2022-04-19 12:23:33.773 DEBUG [acme.Launcher@main] Found classpath entry '/Users/tihealba/.m2/repository/org/springframework/boot/spring-boot/2.4.2/spring-boot-2.4.2.jar' 
2022-04-19 12:23:33.773 DEBUG [acme.Launcher@main] Found classpath entry '/Users/tihealba/.m2/repository/org/springframework/boot/spring-boot-autoconfigure/2.4.2/spring-boot-autoconfigure-2.4.2.jar' 
2022-04-19 12:23:33.773 DEBUG [acme.Launcher@main] Found classpath entry '/Users/tihealba/.m2/repository/org/springframework/boot/spring-boot-starter-logging/2.4.2/spring-boot-starter-logging-2.4.2.jar' 
2022-04-19 12:23:33.774 DEBUG [acme.Launcher@main] Found classpath entry '/Users/tihealba/.m2/repository/ch/qos/logback/logback-classic/1.2.3/logback-classic-1.2.3.jar' 
2022-04-19 12:23:33.774 DEBUG [acme.Launcher@main] Found classpath entry '/Users/tihealba/.m2/repository/ch/qos/logback/logback-core/1.2.3/logback-core-1.2.3.jar' 
2022-04-19 12:23:33.774 DEBUG [acme.Launcher@main] Found classpath entry '/Users/tihealba/.m2/repository/org/apache/logging/log4j/log4j-to-slf4j/2.13.3/log4j-to-slf4j-2.13.3.jar' 
2022-04-19 12:23:33.775 DEBUG [acme.Launcher@main] Found classpath entry '/Users/tihealba/.m2/repository/org/apache/logging/log4j/log4j-api/2.13.3/log4j-api-2.13.3.jar' 
2022-04-19 12:23:33.775 DEBUG [acme.Launcher@main] Found classpath entry '/Users/tihealba/.m2/repository/org/slf4j/jul-to-slf4j/1.7.30/jul-to-slf4j-1.7.30.jar' 
2022-04-19 12:23:33.775 DEBUG [acme.Launcher@main] Found classpath entry '/Users/tihealba/.m2/repository/org/yaml/snakeyaml/1.27/snakeyaml-1.27.jar' 
2022-04-19 12:23:33.775 DEBUG [acme.Launcher@main] Found classpath entry '/Users/tihealba/.m2/repository/org/springframework/boot/spring-boot-test/2.4.2/spring-boot-test-2.4.2.jar' 
2022-04-19 12:23:33.776 DEBUG [acme.Launcher@main] Found classpath entry '/Users/tihealba/.m2/repository/org/springframework/boot/spring-boot-test-autoconfigure/2.4.2/spring-boot-test-autoconfigure-2.4.2.jar' 
2022-04-19 12:23:33.776 DEBUG [acme.Launcher@main] Found classpath entry '/Users/tihealba/.m2/repository/com/jayway/jsonpath/json-path/2.4.0/json-path-2.4.0.jar' 
2022-04-19 12:23:33.776 DEBUG [acme.Launcher@main] Found classpath entry '/Users/tihealba/.m2/repository/net/minidev/json-smart/2.3/json-smart-2.3.jar' 
2022-04-19 12:23:33.777 DEBUG [acme.Launcher@main] Found classpath entry '/Users/tihealba/.m2/repository/net/minidev/accessors-smart/1.2/accessors-smart-1.2.jar' 
2022-04-19 12:23:33.777 DEBUG [acme.Launcher@main] Found classpath entry '/Users/tihealba/.m2/repository/org/ow2/asm/asm/5.0.4/asm-5.0.4.jar' 
2022-04-19 12:23:33.777 DEBUG [acme.Launcher@main] Found classpath entry '/Users/tihealba/.m2/repository/jakarta/xml/bind/jakarta.xml.bind-api/2.3.3/jakarta.xml.bind-api-2.3.3.jar' 
2022-04-19 12:23:33.777 DEBUG [acme.Launcher@main] Found classpath entry '/Users/tihealba/.m2/repository/jakarta/activation/jakarta.activation-api/1.2.2/jakarta.activation-api-1.2.2.jar' 
2022-04-19 12:23:33.778 DEBUG [acme.Launcher@main] Found classpath entry '/Users/tihealba/.m2/repository/org/assertj/assertj-core/3.18.1/assertj-core-3.18.1.jar' 
2022-04-19 12:23:33.778 DEBUG [acme.Launcher@main] Found classpath entry '/Users/tihealba/.m2/repository/org/hamcrest/hamcrest/2.2/hamcrest-2.2.jar' 
2022-04-19 12:23:33.778 DEBUG [acme.Launcher@main] Found classpath entry '/Users/tihealba/.m2/repository/org/junit/jupiter/junit-jupiter/5.7.0/junit-jupiter-5.7.0.jar' 
2022-04-19 12:23:33.779 DEBUG [acme.Launcher@main] Found classpath entry '/Users/tihealba/.m2/repository/org/mockito/mockito-core/3.6.28/mockito-core-3.6.28.jar' 
2022-04-19 12:23:33.779 DEBUG [acme.Launcher@main] Found classpath entry '/Users/tihealba/.m2/repository/net/bytebuddy/byte-buddy-agent/1.10.19/byte-buddy-agent-1.10.19.jar' 
2022-04-19 12:23:33.779 DEBUG [acme.Launcher@main] Found classpath entry '/Users/tihealba/.m2/repository/org/objenesis/objenesis/3.1/objenesis-3.1.jar' 
2022-04-19 12:23:33.779 DEBUG [acme.Launcher@main] Found classpath entry '/Users/tihealba/.m2/repository/org/mockito/mockito-junit-jupiter/3.6.28/mockito-junit-jupiter-3.6.28.jar' 
2022-04-19 12:23:33.780 DEBUG [acme.Launcher@main] Found classpath entry '/Users/tihealba/.m2/repository/org/skyscreamer/jsonassert/1.5.0/jsonassert-1.5.0.jar' 
2022-04-19 12:23:33.780 DEBUG [acme.Launcher@main] Found classpath entry '/Users/tihealba/.m2/repository/com/vaadin/external/google/android-json/0.0.20131108.vaadin1/android-json-0.0.20131108.vaadin1.jar' 
2022-04-19 12:23:33.780 DEBUG [acme.Launcher@main] Found classpath entry '/Users/tihealba/.m2/repository/org/springframework/spring-core/5.3.3/spring-core-5.3.3.jar' 
2022-04-19 12:23:33.780 DEBUG [acme.Launcher@main] Found classpath entry '/Users/tihealba/.m2/repository/org/springframework/spring-jcl/5.3.3/spring-jcl-5.3.3.jar' 
2022-04-19 12:23:33.781 DEBUG [acme.Launcher@main] Found classpath entry '/Users/tihealba/.m2/repository/org/springframework/spring-test/5.3.3/spring-test-5.3.3.jar' 
2022-04-19 12:23:33.781 DEBUG [acme.Launcher@main] Found classpath entry '/Users/tihealba/.m2/repository/org/xmlunit/xmlunit-core/2.7.0/xmlunit-core-2.7.0.jar' 
2022-04-19 12:23:33.781 DEBUG [acme.Launcher@main] Found classpath entry '/Users/tihealba/.m2/repository/org/springframework/boot/spring-boot-starter-security/2.4.2/spring-boot-starter-security-2.4.2.jar' 
2022-04-19 12:23:33.781 DEBUG [acme.Launcher@main] Found classpath entry '/Users/tihealba/.m2/repository/org/springframework/spring-aop/5.3.3/spring-aop-5.3.3.jar' 
2022-04-19 12:23:33.782 DEBUG [acme.Launcher@main] Found classpath entry '/Users/tihealba/.m2/repository/org/springframework/security/spring-security-web/5.4.2/spring-security-web-5.4.2.jar' 
2022-04-19 12:23:33.782 DEBUG [acme.Launcher@main] Found classpath entry '/Users/tihealba/.m2/repository/org/springframework/security/spring-security-core/5.4.2/spring-security-core-5.4.2.jar' 
2022-04-19 12:23:33.783 DEBUG [acme.Launcher@main] Found classpath entry '/Users/tihealba/.m2/repository/org/springframework/spring-beans/5.3.3/spring-beans-5.3.3.jar' 
2022-04-19 12:23:33.783 DEBUG [acme.Launcher@main] Found classpath entry '/Users/tihealba/.m2/repository/org/springframework/spring-context/5.3.3/spring-context-5.3.3.jar' 
2022-04-19 12:23:33.783 DEBUG [acme.Launcher@main] Found classpath entry '/Users/tihealba/.m2/repository/org/springframework/spring-expression/5.3.3/spring-expression-5.3.3.jar' 
2022-04-19 12:23:33.785 DEBUG [acme.Launcher@main] Found classpath entry '/Users/tihealba/.m2/repository/org/springframework/spring-web/5.3.3/spring-web-5.3.3.jar' 
2022-04-19 12:23:33.785 DEBUG [acme.Launcher@main] Found classpath entry '/Users/tihealba/.m2/repository/org/springframework/security/spring-security-config/5.4.2/spring-security-config-5.4.2.jar' 
2022-04-19 12:23:33.786 DEBUG [acme.Launcher@main] Found classpath entry '/Users/tihealba/.m2/repository/org/springframework/security/spring-security-taglibs/5.4.2/spring-security-taglibs-5.4.2.jar' 
2022-04-19 12:23:33.786 DEBUG [acme.Launcher@main] Found classpath entry '/Users/tihealba/.m2/repository/org/springframework/security/spring-security-acl/5.4.2/spring-security-acl-5.4.2.jar' 
2022-04-19 12:23:33.787 DEBUG [acme.Launcher@main] Found classpath entry '/Users/tihealba/.m2/repository/org/springframework/spring-jdbc/5.3.3/spring-jdbc-5.3.3.jar' 
2022-04-19 12:23:33.787 DEBUG [acme.Launcher@main] Found classpath entry '/Users/tihealba/.m2/repository/org/springframework/spring-tx/5.3.3/spring-tx-5.3.3.jar' 
2022-04-19 12:23:33.787 DEBUG [acme.Launcher@main] Found classpath entry '/Users/tihealba/.m2/repository/org/springframework/boot/spring-boot-starter-web/2.4.2/spring-boot-starter-web-2.4.2.jar' 
2022-04-19 12:23:33.788 DEBUG [acme.Launcher@main] Found classpath entry '/Users/tihealba/.m2/repository/org/springframework/boot/spring-boot-starter-json/2.4.2/spring-boot-starter-json-2.4.2.jar' 
2022-04-19 12:23:33.788 DEBUG [acme.Launcher@main] Found classpath entry '/Users/tihealba/.m2/repository/com/fasterxml/jackson/core/jackson-databind/2.11.4/jackson-databind-2.11.4.jar' 
2022-04-19 12:23:33.788 DEBUG [acme.Launcher@main] Found classpath entry '/Users/tihealba/.m2/repository/com/fasterxml/jackson/core/jackson-annotations/2.11.4/jackson-annotations-2.11.4.jar' 
2022-04-19 12:23:33.788 DEBUG [acme.Launcher@main] Found classpath entry '/Users/tihealba/.m2/repository/com/fasterxml/jackson/core/jackson-core/2.11.4/jackson-core-2.11.4.jar' 
2022-04-19 12:23:33.789 DEBUG [acme.Launcher@main] Found classpath entry '/Users/tihealba/.m2/repository/com/fasterxml/jackson/datatype/jackson-datatype-jdk8/2.11.4/jackson-datatype-jdk8-2.11.4.jar' 
2022-04-19 12:23:33.790 DEBUG [acme.Launcher@main] Found classpath entry '/Users/tihealba/.m2/repository/com/fasterxml/jackson/datatype/jackson-datatype-jsr310/2.11.4/jackson-datatype-jsr310-2.11.4.jar' 
2022-04-19 12:23:33.790 DEBUG [acme.Launcher@main] Found classpath entry '/Users/tihealba/.m2/repository/com/fasterxml/jackson/module/jackson-module-parameter-names/2.11.4/jackson-module-parameter-names-2.11.4.jar' 
2022-04-19 12:23:33.790 DEBUG [acme.Launcher@main] Found classpath entry '/Users/tihealba/.m2/repository/org/springframework/spring-webmvc/5.3.3/spring-webmvc-5.3.3.jar' 
2022-04-19 12:23:33.791 DEBUG [acme.Launcher@main] Found classpath entry '/Users/tihealba/.m2/repository/org/apache/tiles/tiles-jsp/3.0.8/tiles-jsp-3.0.8.jar' 
2022-04-19 12:23:33.791 DEBUG [acme.Launcher@main] Found classpath entry '/Users/tihealba/.m2/repository/org/apache/tiles/tiles-servlet/3.0.8/tiles-servlet-3.0.8.jar' 
2022-04-19 12:23:33.791 DEBUG [acme.Launcher@main] Found classpath entry '/Users/tihealba/.m2/repository/org/apache/tiles/tiles-core/3.0.8/tiles-core-3.0.8.jar' 
2022-04-19 12:23:33.791 DEBUG [acme.Launcher@main] Found classpath entry '/Users/tihealba/.m2/repository/commons-digester/commons-digester/2.0/commons-digester-2.0.jar' 
2022-04-19 12:23:33.792 DEBUG [acme.Launcher@main] Found classpath entry '/Users/tihealba/.m2/repository/org/slf4j/jcl-over-slf4j/1.7.30/jcl-over-slf4j-1.7.30.jar' 
2022-04-19 12:23:33.792 DEBUG [acme.Launcher@main] Found classpath entry '/Users/tihealba/.m2/repository/org/apache/tiles/tiles-request-servlet/1.0.7/tiles-request-servlet-1.0.7.jar' 
2022-04-19 12:23:33.792 DEBUG [acme.Launcher@main] Found classpath entry '/Users/tihealba/.m2/repository/org/apache/tiles/tiles-template/3.0.8/tiles-template-3.0.8.jar' 
2022-04-19 12:23:33.792 DEBUG [acme.Launcher@main] Found classpath entry '/Users/tihealba/.m2/repository/org/apache/tiles/tiles-api/3.0.8/tiles-api-3.0.8.jar' 
2022-04-19 12:23:33.792 DEBUG [acme.Launcher@main] Found classpath entry '/Users/tihealba/.m2/repository/org/apache/tiles/tiles-autotag-core-runtime/1.2/tiles-autotag-core-runtime-1.2.jar' 
2022-04-19 12:23:33.793 DEBUG [acme.Launcher@main] Found classpath entry '/Users/tihealba/.m2/repository/org/slf4j/slf4j-api/1.7.30/slf4j-api-1.7.30.jar' 
2022-04-19 12:23:33.793 DEBUG [acme.Launcher@main] Found classpath entry '/Users/tihealba/.m2/repository/org/apache/tiles/tiles-request-jsp/1.0.7/tiles-request-jsp-1.0.7.jar' 
2022-04-19 12:23:33.793 DEBUG [acme.Launcher@main] Found classpath entry '/Users/tihealba/.m2/repository/org/apache/tiles/tiles-request-api/1.0.7/tiles-request-api-1.0.7.jar' 
2022-04-19 12:23:33.793 DEBUG [acme.Launcher@main] Found classpath entry '/Users/tihealba/.m2/repository/org/springframework/boot/spring-boot-starter-data-jpa/2.4.2/spring-boot-starter-data-jpa-2.4.2.jar' 
2022-04-19 12:23:33.794 DEBUG [acme.Launcher@main] Found classpath entry '/Users/tihealba/.m2/repository/org/springframework/boot/spring-boot-starter-aop/2.4.2/spring-boot-starter-aop-2.4.2.jar' 
2022-04-19 12:23:33.794 DEBUG [acme.Launcher@main] Found classpath entry '/Users/tihealba/.m2/repository/org/aspectj/aspectjweaver/1.9.6/aspectjweaver-1.9.6.jar' 
2022-04-19 12:23:33.794 DEBUG [acme.Launcher@main] Found classpath entry '/Users/tihealba/.m2/repository/org/springframework/boot/spring-boot-starter-jdbc/2.4.2/spring-boot-starter-jdbc-2.4.2.jar' 
2022-04-19 12:23:33.794 DEBUG [acme.Launcher@main] Found classpath entry '/Users/tihealba/.m2/repository/jakarta/transaction/jakarta.transaction-api/1.3.3/jakarta.transaction-api-1.3.3.jar' 
2022-04-19 12:23:33.794 DEBUG [acme.Launcher@main] Found classpath entry '/Users/tihealba/.m2/repository/jakarta/persistence/jakarta.persistence-api/2.2.3/jakarta.persistence-api-2.2.3.jar' 
2022-04-19 12:23:33.795 DEBUG [acme.Launcher@main] Found classpath entry '/Users/tihealba/.m2/repository/org/hibernate/hibernate-core/5.4.27.Final/hibernate-core-5.4.27.Final.jar' 
2022-04-19 12:23:33.795 DEBUG [acme.Launcher@main] Found classpath entry '/Users/tihealba/.m2/repository/org/jboss/logging/jboss-logging/3.4.1.Final/jboss-logging-3.4.1.Final.jar' 
2022-04-19 12:23:33.795 DEBUG [acme.Launcher@main] Found classpath entry '/Users/tihealba/.m2/repository/org/javassist/javassist/3.27.0-GA/javassist-3.27.0-GA.jar' 
2022-04-19 12:23:33.795 DEBUG [acme.Launcher@main] Found classpath entry '/Users/tihealba/.m2/repository/antlr/antlr/2.7.7/antlr-2.7.7.jar' 
2022-04-19 12:23:33.795 DEBUG [acme.Launcher@main] Found classpath entry '/Users/tihealba/.m2/repository/org/jboss/jandex/2.1.3.Final/jandex-2.1.3.Final.jar' 
2022-04-19 12:23:33.796 DEBUG [acme.Launcher@main] Found classpath entry '/Users/tihealba/.m2/repository/com/fasterxml/classmate/1.5.1/classmate-1.5.1.jar' 
2022-04-19 12:23:33.796 DEBUG [acme.Launcher@main] Found classpath entry '/Users/tihealba/.m2/repository/org/dom4j/dom4j/2.1.3/dom4j-2.1.3.jar' 
2022-04-19 12:23:33.796 DEBUG [acme.Launcher@main] Found classpath entry '/Users/tihealba/.m2/repository/org/hibernate/common/hibernate-commons-annotations/5.1.2.Final/hibernate-commons-annotations-5.1.2.Final.jar' 
2022-04-19 12:23:33.796 DEBUG [acme.Launcher@main] Found classpath entry '/Users/tihealba/.m2/repository/org/glassfish/jaxb/jaxb-runtime/2.3.3/jaxb-runtime-2.3.3.jar' 
2022-04-19 12:23:33.797 DEBUG [acme.Launcher@main] Found classpath entry '/Users/tihealba/.m2/repository/org/glassfish/jaxb/txw2/2.3.3/txw2-2.3.3.jar' 
2022-04-19 12:23:33.797 DEBUG [acme.Launcher@main] Found classpath entry '/Users/tihealba/.m2/repository/com/sun/istack/istack-commons-runtime/3.0.11/istack-commons-runtime-3.0.11.jar' 
2022-04-19 12:23:33.797 DEBUG [acme.Launcher@main] Found classpath entry '/Users/tihealba/.m2/repository/com/sun/activation/jakarta.activation/1.2.2/jakarta.activation-1.2.2.jar' 
2022-04-19 12:23:33.797 DEBUG [acme.Launcher@main] Found classpath entry '/Users/tihealba/.m2/repository/org/springframework/data/spring-data-jpa/2.4.3/spring-data-jpa-2.4.3.jar' 
2022-04-19 12:23:33.797 DEBUG [acme.Launcher@main] Found classpath entry '/Users/tihealba/.m2/repository/org/springframework/data/spring-data-commons/2.4.3/spring-data-commons-2.4.3.jar' 
2022-04-19 12:23:33.798 DEBUG [acme.Launcher@main] Found classpath entry '/Users/tihealba/.m2/repository/org/springframework/spring-orm/5.3.3/spring-orm-5.3.3.jar' 
2022-04-19 12:23:33.798 DEBUG [acme.Launcher@main] Found classpath entry '/Users/tihealba/.m2/repository/org/springframework/spring-aspects/5.3.3/spring-aspects-5.3.3.jar' 
2022-04-19 12:23:33.799 DEBUG [acme.Launcher@main] Found classpath entry '/Users/tihealba/.m2/repository/org/springframework/boot/spring-boot-starter-validation/2.4.2/spring-boot-starter-validation-2.4.2.jar' 
2022-04-19 12:23:33.799 DEBUG [acme.Launcher@main] Found classpath entry '/Users/tihealba/.m2/repository/org/hibernate/validator/hibernate-validator/6.1.7.Final/hibernate-validator-6.1.7.Final.jar' 
2022-04-19 12:23:33.799 DEBUG [acme.Launcher@main] Found classpath entry '/Users/tihealba/.m2/repository/jakarta/validation/jakarta.validation-api/2.0.2/jakarta.validation-api-2.0.2.jar' 
2022-04-19 12:23:33.800 DEBUG [acme.Launcher@main] Found classpath entry '/Users/tihealba/.m2/repository/mysql/mysql-connector-java/8.0.22/mysql-connector-java-8.0.22.jar' 
2022-04-19 12:23:33.801 DEBUG [acme.Launcher@main] Found classpath entry '/Users/tihealba/.m2/repository/com/zaxxer/HikariCP/3.4.5/HikariCP-3.4.5.jar' 
2022-04-19 12:23:33.801 DEBUG [acme.Launcher@main] Found classpath entry '/Users/tihealba/.m2/repository/org/junit/jupiter/junit-jupiter-engine/5.7.0/junit-jupiter-engine-5.7.0.jar' 
2022-04-19 12:23:33.801 DEBUG [acme.Launcher@main] Found classpath entry '/Users/tihealba/.m2/repository/org/apiguardian/apiguardian-api/1.1.0/apiguardian-api-1.1.0.jar' 
2022-04-19 12:23:33.801 DEBUG [acme.Launcher@main] Found classpath entry '/Users/tihealba/.m2/repository/org/junit/platform/junit-platform-engine/1.7.0/junit-platform-engine-1.7.0.jar' 
2022-04-19 12:23:33.801 DEBUG [acme.Launcher@main] Found classpath entry '/Users/tihealba/.m2/repository/org/junit/jupiter/junit-jupiter-api/5.7.0/junit-jupiter-api-5.7.0.jar' 
2022-04-19 12:23:33.802 DEBUG [acme.Launcher@main] Found classpath entry '/Users/tihealba/.m2/repository/org/opentest4j/opentest4j/1.2.0/opentest4j-1.2.0.jar' 
2022-04-19 12:23:33.802 DEBUG [acme.Launcher@main] Found classpath entry '/Users/tihealba/.m2/repository/org/junit/platform/junit-platform-commons/1.7.0/junit-platform-commons-1.7.0.jar' 
2022-04-19 12:23:33.802 DEBUG [acme.Launcher@main] Found classpath entry '/Users/tihealba/.m2/repository/org/junit/jupiter/junit-jupiter-params/5.7.0/junit-jupiter-params-5.7.0.jar' 
2022-04-19 12:23:33.802 DEBUG [acme.Launcher@main] Found classpath entry '/Users/tihealba/.m2/repository/org/junit/platform/junit-platform-launcher/1.7.0/junit-platform-launcher-1.7.0.jar' 
2022-04-19 12:23:33.802 DEBUG [acme.Launcher@main] Found classpath entry '/Users/tihealba/.m2/repository/org/seleniumhq/selenium/selenium-java/3.141.59/selenium-java-3.141.59.jar' 
2022-04-19 12:23:33.803 DEBUG [acme.Launcher@main] Found classpath entry '/Users/tihealba/.m2/repository/org/seleniumhq/selenium/selenium-api/3.141.59/selenium-api-3.141.59.jar' 
2022-04-19 12:23:33.803 DEBUG [acme.Launcher@main] Found classpath entry '/Users/tihealba/.m2/repository/org/seleniumhq/selenium/selenium-chrome-driver/3.141.59/selenium-chrome-driver-3.141.59.jar' 
2022-04-19 12:23:33.803 DEBUG [acme.Launcher@main] Found classpath entry '/Users/tihealba/.m2/repository/org/seleniumhq/selenium/selenium-edge-driver/3.141.59/selenium-edge-driver-3.141.59.jar' 
2022-04-19 12:23:33.804 DEBUG [acme.Launcher@main] Found classpath entry '/Users/tihealba/.m2/repository/org/seleniumhq/selenium/selenium-firefox-driver/3.141.59/selenium-firefox-driver-3.141.59.jar' 
2022-04-19 12:23:33.804 DEBUG [acme.Launcher@main] Found classpath entry '/Users/tihealba/.m2/repository/org/seleniumhq/selenium/selenium-ie-driver/3.141.59/selenium-ie-driver-3.141.59.jar' 
2022-04-19 12:23:33.804 DEBUG [acme.Launcher@main] Found classpath entry '/Users/tihealba/.m2/repository/org/seleniumhq/selenium/selenium-opera-driver/3.141.59/selenium-opera-driver-3.141.59.jar' 
2022-04-19 12:23:33.804 DEBUG [acme.Launcher@main] Found classpath entry '/Users/tihealba/.m2/repository/org/seleniumhq/selenium/selenium-remote-driver/3.141.59/selenium-remote-driver-3.141.59.jar' 
2022-04-19 12:23:33.805 DEBUG [acme.Launcher@main] Found classpath entry '/Users/tihealba/.m2/repository/org/seleniumhq/selenium/selenium-safari-driver/3.141.59/selenium-safari-driver-3.141.59.jar' 
2022-04-19 12:23:33.805 DEBUG [acme.Launcher@main] Found classpath entry '/Users/tihealba/.m2/repository/org/seleniumhq/selenium/selenium-support/3.141.59/selenium-support-3.141.59.jar' 
2022-04-19 12:23:33.805 DEBUG [acme.Launcher@main] Found classpath entry '/Users/tihealba/.m2/repository/net/bytebuddy/byte-buddy/1.10.19/byte-buddy-1.10.19.jar' 
2022-04-19 12:23:33.805 DEBUG [acme.Launcher@main] Found classpath entry '/Users/tihealba/.m2/repository/org/apache/commons/commons-exec/1.3/commons-exec-1.3.jar' 
2022-04-19 12:23:33.805 DEBUG [acme.Launcher@main] Found classpath entry '/Users/tihealba/.m2/repository/com/google/guava/guava/25.0-jre/guava-25.0-jre.jar' 
2022-04-19 12:23:33.805 DEBUG [acme.Launcher@main] Found classpath entry '/Users/tihealba/.m2/repository/com/google/code/findbugs/jsr305/1.3.9/jsr305-1.3.9.jar' 
2022-04-19 12:23:33.806 DEBUG [acme.Launcher@main] Found classpath entry '/Users/tihealba/.m2/repository/org/checkerframework/checker-compat-qual/2.0.0/checker-compat-qual-2.0.0.jar' 
2022-04-19 12:23:33.806 DEBUG [acme.Launcher@main] Found classpath entry '/Users/tihealba/.m2/repository/com/google/errorprone/error_prone_annotations/2.1.3/error_prone_annotations-2.1.3.jar' 
2022-04-19 12:23:33.806 DEBUG [acme.Launcher@main] Found classpath entry '/Users/tihealba/.m2/repository/com/google/j2objc/j2objc-annotations/1.1/j2objc-annotations-1.1.jar' 
2022-04-19 12:23:33.806 DEBUG [acme.Launcher@main] Found classpath entry '/Users/tihealba/.m2/repository/org/codehaus/mojo/animal-sniffer-annotations/1.14/animal-sniffer-annotations-1.14.jar' 
2022-04-19 12:23:33.806 DEBUG [acme.Launcher@main] Found classpath entry '/Users/tihealba/.m2/repository/com/squareup/okhttp3/okhttp/3.14.9/okhttp-3.14.9.jar' 
2022-04-19 12:23:33.806 DEBUG [acme.Launcher@main] Found classpath entry '/Users/tihealba/.m2/repository/com/squareup/okio/okio/1.14.0/okio-1.14.0.jar' 
2022-04-19 12:23:33.806 DEBUG [acme.Launcher@main] Found classpath entry '/Users/tihealba/.m2/repository/org/apache/commons/commons-lang3/3.11/commons-lang3-3.11.jar' 
2022-04-19 12:23:33.807 DEBUG [acme.Launcher@main] Found classpath entry '/Users/tihealba/.m2/repository/org/apache/commons/commons-text/1.8/commons-text-1.8.jar' 
2022-04-19 12:23:33.807 DEBUG [acme.Launcher@main] Found classpath entry '/Users/tihealba/.m2/repository/commons-io/commons-io/2.6/commons-io-2.6.jar' 
2022-04-19 12:23:33.807 DEBUG [acme.Launcher@main] Found classpath entry '/Users/tihealba/.m2/repository/commons-cli/commons-cli/1.4/commons-cli-1.4.jar' 
2022-04-19 12:23:33.807 DEBUG [acme.Launcher@main] Found classpath entry '/Users/tihealba/.m2/repository/org/projectlombok/lombok/1.18.16/lombok-1.18.16.jar' 
2022-04-19 12:23:33.807 DEBUG [acme.Launcher@main] Found classpath entry '/Users/tihealba/.m2/repository/com/opencsv/opencsv/5.4/opencsv-5.4.jar' 
2022-04-19 12:23:33.807 DEBUG [acme.Launcher@main] Found classpath entry '/Users/tihealba/.m2/repository/commons-beanutils/commons-beanutils/1.9.4/commons-beanutils-1.9.4.jar' 
2022-04-19 12:23:33.807 DEBUG [acme.Launcher@main] Found classpath entry '/Users/tihealba/.m2/repository/commons-logging/commons-logging/1.2/commons-logging-1.2.jar' 
2022-04-19 12:23:33.808 DEBUG [acme.Launcher@main] Found classpath entry '/Users/tihealba/.m2/repository/commons-collections/commons-collections/3.2.2/commons-collections-3.2.2.jar' 
2022-04-19 12:23:33.808 DEBUG [acme.Launcher@main] Found classpath entry '/Users/tihealba/.m2/repository/org/apache/commons/commons-collections4/4.4/commons-collections4-4.4.jar' 
2022-04-19 12:23:33.966 DEBUG [acme.Launcher@main] Found entity class 'acme.entities.abstractUserRole.AbstractUserRole 
2022-04-19 12:23:33.966 DEBUG [acme.Launcher@main] Found entity class 'acme.entities.announcements.Announcement 
2022-04-19 12:23:33.966 DEBUG [acme.Launcher@main] Found entity class 'acme.entities.chirps.Chirp 
2022-04-19 12:23:33.966 DEBUG [acme.Launcher@main] Found entity class 'acme.entities.configuration.SystemConfiguration 
2022-04-19 12:23:33.967 DEBUG [acme.Launcher@main] Found entity class 'acme.entities.patronages.Patronage 
2022-04-19 12:23:33.967 DEBUG [acme.Launcher@main] Found entity class 'acme.entities.patronages.PatronageReport 
2022-04-19 12:23:33.967 DEBUG [acme.Launcher@main] Found entity class 'acme.entities.specificUserRoles.SpecificUserRole 
2022-04-19 12:23:33.967 DEBUG [acme.Launcher@main] Found entity class 'acme.entities.toolkits.Item 
2022-04-19 12:23:33.967 DEBUG [acme.Launcher@main] Found entity class 'acme.entities.toolkits.Quantity 
2022-04-19 12:23:33.967 DEBUG [acme.Launcher@main] Found entity class 'acme.entities.toolkits.Toolkit 
2022-04-19 12:23:33.968 DEBUG [acme.Launcher@main] Found entity class 'acme.roles.Consumer 
2022-04-19 12:23:33.968 DEBUG [acme.Launcher@main] Found entity class 'acme.roles.Inventor 
2022-04-19 12:23:33.968 DEBUG [acme.Launcher@main] Found entity class 'acme.roles.Patron 
2022-04-19 12:23:33.968 DEBUG [acme.Launcher@main] Found entity class 'acme.roles.Provider 
2022-04-19 12:23:33.968 DEBUG [acme.Launcher@main] Found entity class 'acme.framework.entities.UserAccount 
2022-04-19 12:23:33.968 DEBUG [acme.Launcher@main] Found entity class 'acme.framework.roles.Administrator 
2022-04-19 12:23:33.969 DEBUG [acme.Launcher@main] Found entity class 'acme.framework.roles.Anonymous 
2022-04-19 12:23:33.969 DEBUG [acme.Launcher@main] Found entity class 'acme.framework.roles.Any 
2022-04-19 12:23:33.969 DEBUG [acme.Launcher@main] Found entity class 'acme.framework.roles.Authenticated 
2022-04-19 12:23:33.974 INFO  [acme.Launcher@main] Populating (sample data) 
2022-04-19 12:23:33.976 INFO  [acme.framework.components.database.DatabasePopulator@main] Building database schema 
2022-04-19 12:23:34.059 DEBUG [acme.framework.components.database.DatabaseUtil@main] Executing script. 
2022-04-19 12:23:34.059 DEBUG [acme.framework.components.database.DatabaseUtil@main] Starting new transaction. 
2022-04-19 12:23:34.071 DEBUG [acme.framework.components.database.DatabaseUtil@main] Executing command 'set transaction isolation level read uncommitted;'. 
2022-04-19 12:23:34.098 DEBUG [acme.framework.components.database.DatabaseUtil@main] Starting transaction '1027221685'. 
2022-04-19 12:23:34.098 DEBUG [acme.framework.components.database.DatabaseUtil@main] Executing script command 'set foreign_key_checks=0'. 
2022-04-19 12:23:34.099 DEBUG [acme.framework.components.database.DatabaseUtil@main] Executing script command 'drop table if exists abstract_user_role'. 
2022-04-19 12:23:34.206 DEBUG [acme.framework.components.database.DatabaseUtil@main] Executing script command 'drop table if exists administrator'. 
2022-04-19 12:23:34.291 DEBUG [acme.framework.components.database.DatabaseUtil@main] Executing script command 'drop table if exists announcement'. 
2022-04-19 12:23:34.377 DEBUG [acme.framework.components.database.DatabaseUtil@main] Executing script command 'drop table if exists anonymous'. 
2022-04-19 12:23:34.456 DEBUG [acme.framework.components.database.DatabaseUtil@main] Executing script command 'drop table if exists any'. 
2022-04-19 12:23:34.531 DEBUG [acme.framework.components.database.DatabaseUtil@main] Executing script command 'drop table if exists authenticated'. 
2022-04-19 12:23:34.612 DEBUG [acme.framework.components.database.DatabaseUtil@main] Executing script command 'drop table if exists chirp'. 
2022-04-19 12:23:34.694 DEBUG [acme.framework.components.database.DatabaseUtil@main] Executing script command 'drop table if exists consumer'. 
2022-04-19 12:23:34.778 DEBUG [acme.framework.components.database.DatabaseUtil@main] Executing script command 'drop table if exists hibernate_sequence'. 
2022-04-19 12:23:34.857 DEBUG [acme.framework.components.database.DatabaseUtil@main] Executing script command 'drop table if exists inventor'. 
2022-04-19 12:23:34.941 DEBUG [acme.framework.components.database.DatabaseUtil@main] Executing script command 'drop table if exists item'. 
2022-04-19 12:23:35.023 DEBUG [acme.framework.components.database.DatabaseUtil@main] Executing script command 'drop table if exists patron'. 
2022-04-19 12:23:35.098 DEBUG [acme.framework.components.database.DatabaseUtil@main] Executing script command 'drop table if exists patronage'. 
2022-04-19 12:23:35.176 DEBUG [acme.framework.components.database.DatabaseUtil@main] Executing script command 'drop table if exists patronage_report'. 
2022-04-19 12:23:35.255 DEBUG [acme.framework.components.database.DatabaseUtil@main] Executing script command 'drop table if exists provider'. 
2022-04-19 12:23:35.336 DEBUG [acme.framework.components.database.DatabaseUtil@main] Executing script command 'drop table if exists quantity'. 
2022-04-19 12:23:35.426 DEBUG [acme.framework.components.database.DatabaseUtil@main] Executing script command 'drop table if exists specific_user_role'. 
2022-04-19 12:23:35.508 DEBUG [acme.framework.components.database.DatabaseUtil@main] Executing script command 'drop table if exists system_configuration'. 
2022-04-19 12:23:35.599 DEBUG [acme.framework.components.database.DatabaseUtil@main] Executing script command 'drop table if exists toolkit'. 
2022-04-19 12:23:35.685 DEBUG [acme.framework.components.database.DatabaseUtil@main] Executing script command 'drop table if exists user_account'. 
2022-04-19 12:23:35.765 DEBUG [acme.framework.components.database.DatabaseUtil@main] Executing script command 'set foreign_key_checks=1'. 
2022-04-19 12:23:35.766 DEBUG [acme.framework.components.database.DatabaseUtil@main] Committing transaction '1027221685'. 
2022-04-19 12:23:35.788 DEBUG [acme.framework.components.database.DatabaseUtil@main] Executing script. 
2022-04-19 12:23:35.788 DEBUG [acme.framework.components.database.DatabaseUtil@main] Starting new transaction. 
2022-04-19 12:23:35.789 DEBUG [acme.framework.components.database.DatabaseUtil@main] Executing command 'set transaction isolation level read uncommitted;'. 
2022-04-19 12:23:35.790 DEBUG [acme.framework.components.database.DatabaseUtil@main] Starting transaction '553039584'. 
2022-04-19 12:23:35.790 DEBUG [acme.framework.components.database.DatabaseUtil@main] Executing script command 'set foreign_key_checks=0'. 
2022-04-19 12:23:35.791 DEBUG [acme.framework.components.database.DatabaseUtil@main] Executing script command 'create table abstract_user_role (id integer not null, version integer not null, administrator tinyblob, anonymous tinyblob, authenticated tinyblob, consumer tinyblob, provider tinyblob, specific_user_role tinyblob, primary key (id)) engine=InnoDB'. 
2022-04-19 12:23:35.865 DEBUG [acme.framework.components.database.DatabaseUtil@main] Executing script command 'create table administrator (id integer not null, version integer not null, user_account_id integer, primary key (id)) engine=InnoDB'. 
2022-04-19 12:23:35.938 DEBUG [acme.framework.components.database.DatabaseUtil@main] Executing script command 'create table announcement (id integer not null, version integer not null, creation_moment datetime, critical bit, description varchar(255), link varchar(255), title varchar(255), primary key (id)) engine=InnoDB'. 
2022-04-19 12:23:36.010 DEBUG [acme.framework.components.database.DatabaseUtil@main] Executing script command 'create table anonymous (id integer not null, version integer not null, user_account_id integer, primary key (id)) engine=InnoDB'. 
2022-04-19 12:23:36.081 DEBUG [acme.framework.components.database.DatabaseUtil@main] Executing script command 'create table any (id integer not null, version integer not null, user_account_id integer, primary key (id)) engine=InnoDB'. 
2022-04-19 12:23:36.150 DEBUG [acme.framework.components.database.DatabaseUtil@main] Executing script command 'create table authenticated (id integer not null, version integer not null, user_account_id integer, primary key (id)) engine=InnoDB'. 
2022-04-19 12:23:36.213 DEBUG [acme.framework.components.database.DatabaseUtil@main] Executing script command 'create table chirp (id integer not null, version integer not null, author varchar(255), body varchar(255), creation_moment datetime, email varchar(255), title varchar(255), primary key (id)) engine=InnoDB'. 
2022-04-19 12:23:36.289 DEBUG [acme.framework.components.database.DatabaseUtil@main] Executing script command 'create table consumer (id integer not null, version integer not null, user_account_id integer, company varchar(255), sector varchar(255), primary key (id)) engine=InnoDB'. 
2022-04-19 12:23:36.354 DEBUG [acme.framework.components.database.DatabaseUtil@main] Executing script command 'create table hibernate_sequence (next_val bigint) engine=InnoDB'. 
2022-04-19 12:23:36.426 DEBUG [acme.framework.components.database.DatabaseUtil@main] Executing script command 'insert into hibernate_sequence values ( 1 )'. 
2022-04-19 12:23:36.428 DEBUG [acme.framework.components.database.DatabaseUtil@main] Executing script command 'create table inventor (id integer not null, version integer not null, user_account_id integer, primary key (id)) engine=InnoDB'. 
2022-04-19 12:23:36.501 DEBUG [acme.framework.components.database.DatabaseUtil@main] Executing script command 'create table item (id integer not null, version integer not null, code varchar(255), description varchar(255), link varchar(255), name varchar(255), price_amount double precision, price_currency varchar(255), technology varchar(255), type integer, inventor_id integer not null, primary key (id)) engine=InnoDB'. 
2022-04-19 12:23:36.576 DEBUG [acme.framework.components.database.DatabaseUtil@main] Executing script command 'create table patron (id integer not null, version integer not null, user_account_id integer, primary key (id)) engine=InnoDB'. 
2022-04-19 12:23:36.640 DEBUG [acme.framework.components.database.DatabaseUtil@main] Executing script command 'create table patronage (id integer not null, version integer not null, budget_amount double precision, budget_currency varchar(255), code varchar(255), creation_moment datetime, finish_date datetime, legal_stuff varchar(255), link varchar(255), start_date datetime, status integer, inventor_id integer not null, patron_id integer not null, primary key (id)) engine=InnoDB'. 
2022-04-19 12:23:36.708 DEBUG [acme.framework.components.database.DatabaseUtil@main] Executing script command 'create table patronage_report (id integer not null, version integer not null, creation_moment datetime, link varchar(255), memorandum varchar(255), patronage_id integer not null, primary key (id)) engine=InnoDB'. 
2022-04-19 12:23:36.779 DEBUG [acme.framework.components.database.DatabaseUtil@main] Executing script command 'create table provider (id integer not null, version integer not null, user_account_id integer, company varchar(255), sector varchar(255), primary key (id)) engine=InnoDB'. 
2022-04-19 12:23:36.848 DEBUG [acme.framework.components.database.DatabaseUtil@main] Executing script command 'create table quantity (id integer not null, version integer not null, value integer, item_id integer not null, toolkit_id integer not null, primary key (id)) engine=InnoDB'. 
2022-04-19 12:23:36.911 DEBUG [acme.framework.components.database.DatabaseUtil@main] Executing script command 'create table specific_user_role (id integer not null, version integer not null, company varchar(255), inventor tinyblob, link varchar(255), patron tinyblob, statement varchar(255), primary key (id)) engine=InnoDB'. 
2022-04-19 12:23:36.976 DEBUG [acme.framework.components.database.DatabaseUtil@main] Executing script command 'create table system_configuration (id integer not null, version integer not null, accepted_currencies varchar(255), strong_spam_terms varchar(255), strong_threshold double precision, system_currency varchar(255), weak_spam_terms varchar(255), weak_threshold double precision, primary key (id)) engine=InnoDB'. 
2022-04-19 12:23:37.045 DEBUG [acme.framework.components.database.DatabaseUtil@main] Executing script command 'create table toolkit (id integer not null, version integer not null, code varchar(255), description varchar(255), link varchar(255), notes varchar(255), title varchar(255), primary key (id)) engine=InnoDB'. 
2022-04-19 12:23:37.117 DEBUG [acme.framework.components.database.DatabaseUtil@main] Executing script command 'create table user_account (id integer not null, version integer not null, enabled bit not null, identity blob, password varchar(255), username varchar(255), primary key (id)) engine=InnoDB'. 
2022-04-19 12:23:37.199 DEBUG [acme.framework.components.database.DatabaseUtil@main] Executing script command 'alter table item add constraint UK_6cgogdarkq48dlg1lbnv4q1oq unique (code)'. 
2022-04-19 12:23:37.343 DEBUG [acme.framework.components.database.DatabaseUtil@main] Executing script command 'alter table patronage add constraint UK_7s289l63ihnn85qwyna5cqbfh unique (code)'. 
2022-04-19 12:23:37.478 DEBUG [acme.framework.components.database.DatabaseUtil@main] Executing script command 'alter table toolkit add constraint UK_qvml9bbjdvicrw1wt0e1bej3c unique (code)'. 
2022-04-19 12:23:37.616 DEBUG [acme.framework.components.database.DatabaseUtil@main] Executing script command 'alter table user_account add constraint UK_castjbvpeeus0r8lbpehiu0e4 unique (username)'. 
2022-04-19 12:23:37.759 DEBUG [acme.framework.components.database.DatabaseUtil@main] Executing script command 'alter table administrator add constraint FK_2a5vcjo3stlfcwadosjfq49l1 foreign key (user_account_id) references user_account (id)'. 
2022-04-19 12:23:37.904 DEBUG [acme.framework.components.database.DatabaseUtil@main] Executing script command 'alter table anonymous add constraint FK_6lnbc6fo3om54vugoh8icg78m foreign key (user_account_id) references user_account (id)'. 
2022-04-19 12:23:38.043 DEBUG [acme.framework.components.database.DatabaseUtil@main] Executing script command 'alter table any add constraint FK_26yflnlk4xrrxtkiwkag1l7lf foreign key (user_account_id) references user_account (id)'. 
2022-04-19 12:23:38.192 DEBUG [acme.framework.components.database.DatabaseUtil@main] Executing script command 'alter table authenticated add constraint FK_h52w0f3wjoi68b63wv9vwon57 foreign key (user_account_id) references user_account (id)'. 
2022-04-19 12:23:38.326 DEBUG [acme.framework.components.database.DatabaseUtil@main] Executing script command 'alter table consumer add constraint FK_6cyha9f1wpj0dpbxrrjddrqed foreign key (user_account_id) references user_account (id)'. 
2022-04-19 12:23:38.464 DEBUG [acme.framework.components.database.DatabaseUtil@main] Executing script command 'alter table inventor add constraint FK_2upmsx50p5pou2l4uy8trxor6 foreign key (user_account_id) references user_account (id)'. 
2022-04-19 12:23:38.610 DEBUG [acme.framework.components.database.DatabaseUtil@main] Executing script command 'alter table item add constraint FKaq1a05jpovg1rv6q65awp7ho1 foreign key (inventor_id) references inventor (id)'. 
2022-04-19 12:23:38.752 DEBUG [acme.framework.components.database.DatabaseUtil@main] Executing script command 'alter table patron add constraint FK_8xx5nujhuio3advxc2freyu65 foreign key (user_account_id) references user_account (id)'. 
2022-04-19 12:23:38.891 DEBUG [acme.framework.components.database.DatabaseUtil@main] Executing script command 'alter table patronage add constraint FKgkbt6mel1m6joiypsbc2ko6mi foreign key (inventor_id) references inventor (id)'. 
2022-04-19 12:23:39.025 DEBUG [acme.framework.components.database.DatabaseUtil@main] Executing script command 'alter table patronage add constraint FK7d5o2dlu1d9orplkn5g91lsgc foreign key (patron_id) references patron (id)'. 
2022-04-19 12:23:39.151 DEBUG [acme.framework.components.database.DatabaseUtil@main] Executing script command 'alter table patronage_report add constraint FKli7rh2qb2q6bjix6b8o2dpt41 foreign key (patronage_id) references patronage (id)'. 
2022-04-19 12:23:39.281 DEBUG [acme.framework.components.database.DatabaseUtil@main] Executing script command 'alter table provider add constraint FK_b1gwnjqm6ggy9yuiqm0o4rlmd foreign key (user_account_id) references user_account (id)'. 
2022-04-19 12:23:39.418 DEBUG [acme.framework.components.database.DatabaseUtil@main] Executing script command 'alter table quantity add constraint FK6v7ckbce1j36j4b7mubnk66bx foreign key (item_id) references item (id)'. 
2022-04-19 12:23:39.555 DEBUG [acme.framework.components.database.DatabaseUtil@main] Executing script command 'alter table quantity add constraint FKr1l7hfxuemn7o9d0qi4kawlmg foreign key (toolkit_id) references toolkit (id)'. 
2022-04-19 12:23:39.687 DEBUG [acme.framework.components.database.DatabaseUtil@main] Executing script command 'set foreign_key_checks=1'. 
2022-04-19 12:23:39.690 DEBUG [acme.framework.components.database.DatabaseUtil@main] Committing transaction '553039584'. 
2022-04-19 12:23:39.697 INFO  [acme.framework.components.database.DatabasePopulator@main] Reading entities from 'classpath:/WEB-INF/resources/initial-data' 
2022-04-19 12:23:39.709 DEBUG [acme.framework.components.database.Dataset@main] Reading dataset from '/Users/tihealba/Desktop/Workspace-22.0/Projects/Acme-Toolkits/target/classes/WEB-INF/resources/initial-data/administrator.csv' 
2022-04-19 12:23:39.892 DEBUG [acme.framework.components.database.Dataset@main] Reading mapping '{key:user-account=user-account-administrator-01, key=administrator-01}' from '/Users/tihealba/Desktop/Workspace-22.0/Projects/Acme-Toolkits/target/classes/WEB-INF/resources/initial-data/administrator.csv' 
2022-04-19 12:23:39.893 DEBUG [acme.framework.components.database.Dataset@main] Reading dataset from '/Users/tihealba/Desktop/Workspace-22.0/Projects/Acme-Toolkits/target/classes/WEB-INF/resources/initial-data/anonymous.csv' 
2022-04-19 12:23:39.895 DEBUG [acme.framework.components.database.Dataset@main] Reading mapping '{key:user-account=user-account-anonymous-01, key=anonymous-01}' from '/Users/tihealba/Desktop/Workspace-22.0/Projects/Acme-Toolkits/target/classes/WEB-INF/resources/initial-data/anonymous.csv' 
2022-04-19 12:23:39.896 DEBUG [acme.framework.components.database.Dataset@main] Reading dataset from '/Users/tihealba/Desktop/Workspace-22.0/Projects/Acme-Toolkits/target/classes/WEB-INF/resources/initial-data/authenticated.csv' 
2022-04-19 12:23:39.897 DEBUG [acme.framework.components.database.Dataset@main] Reading mapping '{key:user-account=user-account-administrator-01, key=authenticated-administrator-01}' from '/Users/tihealba/Desktop/Workspace-22.0/Projects/Acme-Toolkits/target/classes/WEB-INF/resources/initial-data/authenticated.csv' 
2022-04-19 12:23:39.898 DEBUG [acme.framework.components.database.Dataset@main] Reading mapping '{key:user-account=user-account-patron-01, key=authenticated-patron-01}' from '/Users/tihealba/Desktop/Workspace-22.0/Projects/Acme-Toolkits/target/classes/WEB-INF/resources/initial-data/authenticated.csv' 
2022-04-19 12:23:39.898 DEBUG [acme.framework.components.database.Dataset@main] Reading mapping '{key:user-account=user-account-patron-02, key=authenticated-patron-02}' from '/Users/tihealba/Desktop/Workspace-22.0/Projects/Acme-Toolkits/target/classes/WEB-INF/resources/initial-data/authenticated.csv' 
2022-04-19 12:23:39.898 DEBUG [acme.framework.components.database.Dataset@main] Reading mapping '{key:user-account=user-account-inventor-01, key=authenticated-inventor-01}' from '/Users/tihealba/Desktop/Workspace-22.0/Projects/Acme-Toolkits/target/classes/WEB-INF/resources/initial-data/authenticated.csv' 
2022-04-19 12:23:39.898 DEBUG [acme.framework.components.database.Dataset@main] Reading mapping '{key:user-account=user-account-inventor-02, key=authenticated-inventor-02}' from '/Users/tihealba/Desktop/Workspace-22.0/Projects/Acme-Toolkits/target/classes/WEB-INF/resources/initial-data/authenticated.csv' 
2022-04-19 12:23:39.899 DEBUG [acme.framework.components.database.Dataset@main] Reading mapping '{key:user-account=user-account-inventor-03, key=authenticated-inventor-03}' from '/Users/tihealba/Desktop/Workspace-22.0/Projects/Acme-Toolkits/target/classes/WEB-INF/resources/initial-data/authenticated.csv' 
2022-04-19 12:23:39.899 DEBUG [acme.framework.components.database.Dataset@main] Reading dataset from '/Users/tihealba/Desktop/Workspace-22.0/Projects/Acme-Toolkits/target/classes/WEB-INF/resources/initial-data/user-account.csv' 
2022-04-19 12:23:39.901 DEBUG [acme.framework.components.database.Dataset@main] Reading mapping '{password=HIDDEN-PASSWORD, identity=UserIdentity{name: 'John', surname: 'Doe', email: 'john.doe@acme.com'}, key=user-account-anonymous-01, enabled=false, username=anonymous}' from '/Users/tihealba/Desktop/Workspace-22.0/Projects/Acme-Toolkits/target/classes/WEB-INF/resources/initial-data/user-account.csv' 
2022-04-19 12:23:39.901 DEBUG [acme.framework.components.database.Dataset@main] Reading mapping '{password=administrator, identity=UserIdentity{name: 'Administrator', surname: 'Acme', email: 'administrator@acme.com'}, key=user-account-administrator-01, enabled=true, username=administrator}' from '/Users/tihealba/Desktop/Workspace-22.0/Projects/Acme-Toolkits/target/classes/WEB-INF/resources/initial-data/user-account.csv' 
2022-04-19 12:23:39.901 DEBUG [acme.framework.components.database.Dataset@main] Reading mapping '{password=patron01, identity=UserIdentity{name: 'Patron01', surname: 'Acme', email: 'patron01@acme.com'}, key=user-account-patron-01, enabled=true, username=patron01}' from '/Users/tihealba/Desktop/Workspace-22.0/Projects/Acme-Toolkits/target/classes/WEB-INF/resources/initial-data/user-account.csv' 
2022-04-19 12:23:39.901 DEBUG [acme.framework.components.database.Dataset@main] Reading mapping '{password=patron02, identity=UserIdentity{name: 'María', surname: 'Rodríguez', email: 'maria-rodriguez@acme.com'}, key=user-account-patron-02, enabled=true, username=patron02}' from '/Users/tihealba/Desktop/Workspace-22.0/Projects/Acme-Toolkits/target/classes/WEB-INF/resources/initial-data/user-account.csv' 
2022-04-19 12:23:39.902 DEBUG [acme.framework.components.database.Dataset@main] Reading mapping '{password=inventor01, identity=UserIdentity{name: 'Inventor01', surname: 'Acme', email: 'inventor01@acme.com'}, key=user-account-inventor-01, enabled=true, username=inventor01}' from '/Users/tihealba/Desktop/Workspace-22.0/Projects/Acme-Toolkits/target/classes/WEB-INF/resources/initial-data/user-account.csv' 
2022-04-19 12:23:39.902 DEBUG [acme.framework.components.database.Dataset@main] Reading mapping '{password=inventor02, identity=UserIdentity{name: 'Paco', surname: 'Díaz', email: 'paco-diaz@acme.com'}, key=user-account-inventor-02, enabled=true, username=inventor02}' from '/Users/tihealba/Desktop/Workspace-22.0/Projects/Acme-Toolkits/target/classes/WEB-INF/resources/initial-data/user-account.csv' 
2022-04-19 12:23:39.902 DEBUG [acme.framework.components.database.Dataset@main] Reading mapping '{password=inventor03, identity=UserIdentity{name: 'Fernando', surname: 'Simón', email: 'fernando-simon@acme.com'}, key=user-account-inventor-03, enabled=true, username=inventor03}' from '/Users/tihealba/Desktop/Workspace-22.0/Projects/Acme-Toolkits/target/classes/WEB-INF/resources/initial-data/user-account.csv' 
2022-04-19 12:23:39.905 DEBUG [acme.framework.components.database.Dataset@main] Reading dataset from '/Users/tihealba/Desktop/Workspace-22.0/Projects/Acme-Toolkits/target/classes/WEB-INF/resources/initial-data/system-configuration.csv' 
2022-04-19 12:23:39.908 DEBUG [acme.framework.components.database.Dataset@main] Reading mapping '{weak-spam-terms=sexy,sexi,nigeria,you've won,has ganado,one million,un millon, accepted-currencies=EUR,USD,GBP, system-currency=EUR, strong-spam-terms=sex,sexo,duro,hard core,viagra,cialis, weak-threshold=0.1, key=system-configuration-01, strong-threshold=0.25}' from '/Users/tihealba/Desktop/Workspace-22.0/Projects/Acme-Toolkits/target/classes/WEB-INF/resources/initial-data/system-configuration.csv' 
2022-04-19 12:23:39.908 DEBUG [acme.framework.components.database.EntityWeb@main] Setting attributes of entities of class acme.framework.roles.Administrator 
2022-04-19 12:23:39.909 DEBUG [acme.framework.components.database.EntityWeb@main] Setting attributes of entities of class acme.framework.roles.Authenticated 
2022-04-19 12:23:39.909 DEBUG [acme.framework.components.database.EntityWeb@main] Setting attributes of entities of class acme.framework.roles.Anonymous 
2022-04-19 12:23:39.909 DEBUG [acme.framework.components.database.EntityWeb@main] Setting attributes of entities of class acme.framework.entities.UserAccount 
2022-04-19 12:23:40.156 DEBUG [acme.framework.components.database.EntityWeb@main] Setting attributes of entities of class acme.entities.configuration.SystemConfiguration 
2022-04-19 12:23:40.167 DEBUG [acme.framework.components.database.EntityWeb@main] Linking entities of class acme.framework.roles.Administrator 
2022-04-19 12:23:40.174 DEBUG [acme.framework.components.database.EntityWeb@main] Linking entities of class acme.framework.roles.Authenticated 
2022-04-19 12:23:40.180 DEBUG [acme.framework.components.database.EntityWeb@main] Linking entities of class acme.framework.roles.Anonymous 
2022-04-19 12:23:40.191 DEBUG [acme.framework.components.database.EntityWeb@main] Linking entities of class acme.framework.entities.UserAccount 
2022-04-19 12:23:40.192 DEBUG [acme.framework.components.database.EntityWeb@main] Linking entities of class acme.entities.configuration.SystemConfiguration 
2022-04-19 12:23:40.192 INFO  [acme.framework.components.database.DatabasePopulator@main] Reading entities from 'classpath:/WEB-INF/resources/sample-data' 
2022-04-19 12:23:40.193 DEBUG [acme.framework.components.database.Dataset@main] Reading dataset from '/Users/tihealba/Desktop/Workspace-22.0/Projects/Acme-Toolkits/target/classes/WEB-INF/resources/sample-data/provider.csv' 
2022-04-19 12:23:40.195 DEBUG [acme.framework.components.database.Dataset@main] Reading mapping '{key:user-account=user-account-administrator-01, company=Terra Nets, S.A., sector=Internet, key=provider-01}' from '/Users/tihealba/Desktop/Workspace-22.0/Projects/Acme-Toolkits/target/classes/WEB-INF/resources/sample-data/provider.csv' 
2022-04-19 12:23:40.196 DEBUG [acme.framework.components.database.Dataset@main] Reading dataset from '/Users/tihealba/Desktop/Workspace-22.0/Projects/Acme-Toolkits/target/classes/WEB-INF/resources/sample-data/inventor.csv' 
2022-04-19 12:23:40.197 DEBUG [acme.framework.components.database.Dataset@main] Reading mapping '{key:user-account=user-account-inventor-01, key=inventor-01}' from '/Users/tihealba/Desktop/Workspace-22.0/Projects/Acme-Toolkits/target/classes/WEB-INF/resources/sample-data/inventor.csv' 
2022-04-19 12:23:40.197 DEBUG [acme.framework.components.database.Dataset@main] Reading mapping '{key:user-account=user-account-inventor-02, key=inventor-02}' from '/Users/tihealba/Desktop/Workspace-22.0/Projects/Acme-Toolkits/target/classes/WEB-INF/resources/sample-data/inventor.csv' 
2022-04-19 12:23:40.197 DEBUG [acme.framework.components.database.Dataset@main] Reading mapping '{key:user-account=user-account-inventor-03, key=inventor-03}' from '/Users/tihealba/Desktop/Workspace-22.0/Projects/Acme-Toolkits/target/classes/WEB-INF/resources/sample-data/inventor.csv' 
2022-04-19 12:23:40.198 DEBUG [acme.framework.components.database.Dataset@main] Reading dataset from '/Users/tihealba/Desktop/Workspace-22.0/Projects/Acme-Toolkits/target/classes/WEB-INF/resources/sample-data/chirp.csv' 
2022-04-19 12:23:40.200 ERROR [acme.Launcher@main] acme.framework.components.database.Dataset.readDataset(Dataset.java:178): /Users/tihealba/Desktop/Workspace-22.0/Projects/Acme-Toolkits/target/classes/WEB-INF/resources/sample-data/chirp.csv: Failed to initialize CSVReaderHeaderAware\njava.nio.charset.CoderResult.throwException(CoderResult.java:281): Input length = 1 
2022-04-19 12:23:40.200 INFO  [acme.Launcher@main] The application log provides additional debugging messages! 
2022-04-19 12:23:41.238 INFO  [acme.framework.configuration.ShutdownConfiguration@main] The system is shutting down... 
2022-04-19 12:23:41.271 DEBUG [acme.Launcher@main] Exit code = 0 
